{"/Users/alaneicker/Desktop/atomik-ui/src/components/accordion/Accordion.js": {"path":"/Users/alaneicker/Desktop/atomik-ui/src/components/accordion/Accordion.js","statementMap":{"0":{"start":{"line":5,"column":18},"end":{"line":32,"column":1}},"1":{"start":{"line":12,"column":38},"end":{"line":12,"column":52}},"2":{"start":{"line":14,"column":2},"end":{"line":16,"column":9}},"3":{"start":{"line":15,"column":4},"end":{"line":15,"column":31}},"4":{"start":{"line":18,"column":2},"end":{"line":31,"column":4}},"5":{"start":{"line":21,"column":8},"end":{"line":28,"column":11}},"6":{"start":{"line":24,"column":14},"end":{"line":24,"column":58}},"7":{"start":{"line":34,"column":0},"end":{"line":43,"column":2}},"8":{"start":{"line":45,"column":0},"end":{"line":50,"column":2}}},"fnMap":{"0":{"name":"(anonymous_0)","decl":{"start":{"line":5,"column":18},"end":{"line":5,"column":19}},"loc":{"start":{"line":11,"column":6},"end":{"line":32,"column":1}},"line":11},"1":{"name":"(anonymous_1)","decl":{"start":{"line":14,"column":12},"end":{"line":14,"column":13}},"loc":{"start":{"line":14,"column":18},"end":{"line":16,"column":3}},"line":14},"2":{"name":"(anonymous_2)","decl":{"start":{"line":20,"column":30},"end":{"line":20,"column":31}},"loc":{"start":{"line":20,"column":48},"end":{"line":29,"column":7}},"line":20},"3":{"name":"(anonymous_3)","decl":{"start":{"line":23,"column":25},"end":{"line":23,"column":26}},"loc":{"start":{"line":23,"column":37},"end":{"line":25,"column":13}},"line":23}},"branchMap":{"0":{"loc":{"start":{"line":22,"column":14},"end":{"line":27,"column":11}},"type":"binary-expr","locations":[{"start":{"line":22,"column":14},"end":{"line":22,"column":27}},{"start":{"line":22,"column":31},"end":{"line":27,"column":11}}],"line":22},"1":{"loc":{"start":{"line":24,"column":35},"end":{"line":24,"column":56}},"type":"cond-expr","locations":[{"start":{"line":24,"column":44},"end":{"line":24,"column":48}},{"start":{"line":24,"column":51},"end":{"line":24,"column":56}}],"line":24}},"s":{"0":1,"1":5,"2":5,"3":3,"4":5,"5":15,"6":2,"7":1,"8":1},"f":{"0":5,"1":3,"2":15,"3":2},"b":{"0":[15,15],"1":[1,1]},"_coverageSchema":"1a1c01bbd47fc00a2c39e90264f33305004495a9","hash":"efbf4aaaaddc9b2830e6ea53901d637f8019598e"}
,"/Users/alaneicker/Desktop/atomik-ui/src/components/accordion/AccordionItem.js": {"path":"/Users/alaneicker/Desktop/atomik-ui/src/components/accordion/AccordionItem.js","statementMap":{"0":{"start":{"line":7,"column":22},"end":{"line":67,"column":1}},"1":{"start":{"line":15,"column":38},"end":{"line":15,"column":56}},"2":{"start":{"line":16,"column":21},"end":{"line":16,"column":29}},"3":{"start":{"line":18,"column":19},"end":{"line":18,"column":37}},"4":{"start":{"line":19,"column":18},"end":{"line":19,"column":36}},"5":{"start":{"line":21,"column":24},"end":{"line":27,"column":3}},"6":{"start":{"line":22,"column":4},"end":{"line":24,"column":5}},"7":{"start":{"line":23,"column":6},"end":{"line":23,"column":37}},"8":{"start":{"line":26,"column":4},"end":{"line":26,"column":38}},"9":{"start":{"line":29,"column":2},"end":{"line":31,"column":17}},"10":{"start":{"line":30,"column":4},"end":{"line":30,"column":28}},"11":{"start":{"line":33,"column":2},"end":{"line":66,"column":4}},"12":{"start":{"line":69,"column":0},"end":{"line":80,"column":2}},"13":{"start":{"line":82,"column":0},"end":{"line":88,"column":2}}},"fnMap":{"0":{"name":"(anonymous_0)","decl":{"start":{"line":7,"column":22},"end":{"line":7,"column":23}},"loc":{"start":{"line":14,"column":6},"end":{"line":67,"column":1}},"line":14},"1":{"name":"(anonymous_1)","decl":{"start":{"line":21,"column":24},"end":{"line":21,"column":25}},"loc":{"start":{"line":21,"column":30},"end":{"line":27,"column":3}},"line":21},"2":{"name":"(anonymous_2)","decl":{"start":{"line":29,"column":12},"end":{"line":29,"column":13}},"loc":{"start":{"line":29,"column":18},"end":{"line":31,"column":3}},"line":29}},"branchMap":{"0":{"loc":{"start":{"line":22,"column":4},"end":{"line":24,"column":5}},"type":"if","locations":[{"start":{"line":22,"column":4},"end":{"line":24,"column":5}},{"start":{"line":22,"column":4},"end":{"line":24,"column":5}}],"line":22},"1":{"loc":{"start":{"line":55,"column":18},"end":{"line":55,"column":73}},"type":"cond-expr","locations":[{"start":{"line":55,"column":31},"end":{"line":55,"column":69}},{"start":{"line":55,"column":72},"end":{"line":55,"column":73}}],"line":55}},"s":{"0":2,"1":24,"2":24,"3":24,"4":24,"5":24,"6":4,"7":3,"8":1,"9":24,"10":16,"11":24,"12":2,"13":2},"f":{"0":24,"1":4,"2":16},"b":{"0":[3,1],"1":[3,21]},"_coverageSchema":"1a1c01bbd47fc00a2c39e90264f33305004495a9","hash":"fe42be5366b15a0184d693c8d64d0527056929f8"}
,"/Users/alaneicker/Desktop/atomik-ui/src/components/alert/Alert.js": {"path":"/Users/alaneicker/Desktop/atomik-ui/src/components/alert/Alert.js","statementMap":{"0":{"start":{"line":14,"column":14},"end":{"line":70,"column":1}},"1":{"start":{"line":23,"column":16},"end":{"line":29,"column":3}},"2":{"start":{"line":31,"column":2},"end":{"line":69,"column":4}},"3":{"start":{"line":72,"column":0},"end":{"line":85,"column":2}},"4":{"start":{"line":87,"column":0},"end":{"line":95,"column":2}}},"fnMap":{"0":{"name":"(anonymous_0)","decl":{"start":{"line":14,"column":14},"end":{"line":14,"column":15}},"loc":{"start":{"line":22,"column":6},"end":{"line":70,"column":1}},"line":22}},"branchMap":{"0":{"loc":{"start":{"line":38,"column":17},"end":{"line":38,"column":59}},"type":"cond-expr","locations":[{"start":{"line":38,"column":37},"end":{"line":38,"column":48}},{"start":{"line":38,"column":51},"end":{"line":38,"column":59}}],"line":38},"1":{"loc":{"start":{"line":42,"column":7},"end":{"line":49,"column":7}},"type":"binary-expr","locations":[{"start":{"line":42,"column":7},"end":{"line":42,"column":11}},{"start":{"line":43,"column":8},"end":{"line":48,"column":10}}],"line":42},"2":{"loc":{"start":{"line":45,"column":16},"end":{"line":45,"column":50}},"type":"cond-expr","locations":[{"start":{"line":45,"column":25},"end":{"line":45,"column":35}},{"start":{"line":45,"column":38},"end":{"line":45,"column":50}}],"line":45},"3":{"loc":{"start":{"line":47,"column":17},"end":{"line":47,"column":45}},"type":"cond-expr","locations":[{"start":{"line":47,"column":26},"end":{"line":47,"column":35}},{"start":{"line":47,"column":38},"end":{"line":47,"column":45}}],"line":47},"4":{"loc":{"start":{"line":51,"column":7},"end":{"line":67,"column":7}},"type":"binary-expr","locations":[{"start":{"line":51,"column":7},"end":{"line":51,"column":14}},{"start":{"line":52,"column":8},"end":{"line":66,"column":14}}],"line":51},"5":{"loc":{"start":{"line":63,"column":21},"end":{"line":63,"column":49}},"type":"cond-expr","locations":[{"start":{"line":63,"column":30},"end":{"line":63,"column":39}},{"start":{"line":63,"column":42},"end":{"line":63,"column":49}}],"line":63}},"s":{"0":4,"1":16,"2":16,"3":4,"4":4},"f":{"0":16},"b":{"0":[2,14],"1":[16,16],"2":[11,5],"3":[11,5],"4":[16,16],"5":[11,5]},"_coverageSchema":"1a1c01bbd47fc00a2c39e90264f33305004495a9","hash":"de5a249078731de6a66510caef5efaf738f9b2a6"}
,"/Users/alaneicker/Desktop/atomik-ui/src/components/auto-complete/AutoComplete.js": {"path":"/Users/alaneicker/Desktop/atomik-ui/src/components/auto-complete/AutoComplete.js","statementMap":{"0":{"start":{"line":7,"column":21},"end":{"line":74,"column":1}},"1":{"start":{"line":8,"column":21},"end":{"line":8,"column":36}},"2":{"start":{"line":10,"column":2},"end":{"line":73,"column":4}},"3":{"start":{"line":13,"column":8},"end":{"line":13,"column":58}},"4":{"start":{"line":16,"column":8},"end":{"line":16,"column":38}},"5":{"start":{"line":31,"column":8},"end":{"line":70,"column":10}},"6":{"start":{"line":41,"column":22},"end":{"line":46,"column":24}},"7":{"start":{"line":49,"column":22},"end":{"line":65,"column":24}},"8":{"start":{"line":76,"column":0},"end":{"line":88,"column":2}},"9":{"start":{"line":90,"column":0},"end":{"line":95,"column":2}}},"fnMap":{"0":{"name":"(anonymous_0)","decl":{"start":{"line":7,"column":21},"end":{"line":7,"column":22}},"loc":{"start":{"line":7,"column":75},"end":{"line":74,"column":1}},"line":7},"1":{"name":"(anonymous_1)","decl":{"start":{"line":12,"column":16},"end":{"line":12,"column":17}},"loc":{"start":{"line":12,"column":31},"end":{"line":14,"column":7}},"line":12},"2":{"name":"(anonymous_2)","decl":{"start":{"line":15,"column":20},"end":{"line":15,"column":21}},"loc":{"start":{"line":15,"column":30},"end":{"line":17,"column":7}},"line":15},"3":{"name":"(anonymous_3)","decl":{"start":{"line":21,"column":7},"end":{"line":21,"column":8}},"loc":{"start":{"line":30,"column":12},"end":{"line":71,"column":7}},"line":30},"4":{"name":"(anonymous_4)","decl":{"start":{"line":40,"column":28},"end":{"line":40,"column":29}},"loc":{"start":{"line":40,"column":38},"end":{"line":47,"column":21}},"line":40},"5":{"name":"(anonymous_5)","decl":{"start":{"line":48,"column":25},"end":{"line":48,"column":26}},"loc":{"start":{"line":48,"column":42},"end":{"line":66,"column":21}},"line":48},"6":{"name":"(anonymous_6)","decl":{"start":{"line":93,"column":2},"end":{"line":93,"column":3}},"loc":{"start":{"line":93,"column":13},"end":{"line":93,"column":15}},"line":93}},"branchMap":{"0":{"loc":{"start":{"line":13,"column":24},"end":{"line":13,"column":56}},"type":"cond-expr","locations":[{"start":{"line":13,"column":36},"end":{"line":13,"column":51}},{"start":{"line":13,"column":54},"end":{"line":13,"column":56}}],"line":13},"1":{"loc":{"start":{"line":16,"column":15},"end":{"line":16,"column":37}},"type":"cond-expr","locations":[{"start":{"line":16,"column":22},"end":{"line":16,"column":32}},{"start":{"line":16,"column":35},"end":{"line":16,"column":37}}],"line":16},"2":{"loc":{"start":{"line":38,"column":15},"end":{"line":67,"column":22}},"type":"cond-expr","locations":[{"start":{"line":39,"column":18},"end":{"line":66,"column":22}},{"start":{"line":67,"column":18},"end":{"line":67,"column":22}}],"line":38},"3":{"loc":{"start":{"line":42,"column":24},"end":{"line":45,"column":61}},"type":"binary-expr","locations":[{"start":{"line":42,"column":24},"end":{"line":42,"column":35}},{"start":{"line":43,"column":24},"end":{"line":45,"column":61}}],"line":42},"4":{"loc":{"start":{"line":52,"column":43},"end":{"line":54,"column":37}},"type":"cond-expr","locations":[{"start":{"line":53,"column":32},"end":{"line":53,"column":65}},{"start":{"line":54,"column":32},"end":{"line":54,"column":37}}],"line":52}},"s":{"0":1,"1":4,"2":4,"3":3,"4":3,"5":10,"6":33,"7":23,"8":1,"9":1},"f":{"0":4,"1":3,"2":3,"3":10,"4":33,"5":23,"6":0},"b":{"0":[2,1],"1":[3,0],"2":[3,7],"3":[33,11],"4":[23,0]},"_coverageSchema":"1a1c01bbd47fc00a2c39e90264f33305004495a9","hash":"7d3801bb9ee02894356aa25735ac30ba4f353d52"}
,"/Users/alaneicker/Desktop/atomik-ui/src/components/avatar/Avatar.js": {"path":"/Users/alaneicker/Desktop/atomik-ui/src/components/avatar/Avatar.js","statementMap":{"0":{"start":{"line":5,"column":15},"end":{"line":37,"column":1}},"1":{"start":{"line":17,"column":2},"end":{"line":36,"column":4}},"2":{"start":{"line":39,"column":0},"end":{"line":71,"column":2}},"3":{"start":{"line":73,"column":0},"end":{"line":83,"column":2}}},"fnMap":{"0":{"name":"(anonymous_0)","decl":{"start":{"line":5,"column":15},"end":{"line":5,"column":16}},"loc":{"start":{"line":16,"column":6},"end":{"line":37,"column":1}},"line":16}},"branchMap":{"0":{"loc":{"start":{"line":31,"column":9},"end":{"line":31,"column":78}},"type":"binary-expr","locations":[{"start":{"line":31,"column":9},"end":{"line":31,"column":12}},{"start":{"line":31,"column":16},"end":{"line":31,"column":78}}],"line":31},"1":{"loc":{"start":{"line":32,"column":9},"end":{"line":32,"column":29}},"type":"binary-expr","locations":[{"start":{"line":32,"column":9},"end":{"line":32,"column":17}},{"start":{"line":32,"column":21},"end":{"line":32,"column":29}}],"line":32},"2":{"loc":{"start":{"line":34,"column":7},"end":{"line":34,"column":71}},"type":"binary-expr","locations":[{"start":{"line":34,"column":7},"end":{"line":34,"column":12}},{"start":{"line":34,"column":16},"end":{"line":34,"column":71}}],"line":34}},"s":{"0":3,"1":17,"2":3,"3":3},"f":{"0":17},"b":{"0":[17,16],"1":[17,17],"2":[17,1]},"_coverageSchema":"1a1c01bbd47fc00a2c39e90264f33305004495a9","hash":"0e1638103686b35f0832a334ae6ae5b0ac2ee5a9"}
,"/Users/alaneicker/Desktop/atomik-ui/src/components/badge/Badge.js": {"path":"/Users/alaneicker/Desktop/atomik-ui/src/components/badge/Badge.js","statementMap":{"0":{"start":{"line":5,"column":14},"end":{"line":17,"column":1}},"1":{"start":{"line":6,"column":2},"end":{"line":16,"column":4}},"2":{"start":{"line":19,"column":0},"end":{"line":36,"column":2}},"3":{"start":{"line":38,"column":0},"end":{"line":43,"column":2}}},"fnMap":{"0":{"name":"(anonymous_0)","decl":{"start":{"line":5,"column":14},"end":{"line":5,"column":15}},"loc":{"start":{"line":5,"column":68},"end":{"line":17,"column":1}},"line":5}},"branchMap":{},"s":{"0":1,"1":1,"2":1,"3":1},"f":{"0":1},"b":{},"_coverageSchema":"1a1c01bbd47fc00a2c39e90264f33305004495a9","hash":"f0a409a893608b843683d5f867723b3da1ef4240"}
,"/Users/alaneicker/Desktop/atomik-ui/src/components/breadcrumb/Breadcrumb.js": {"path":"/Users/alaneicker/Desktop/atomik-ui/src/components/breadcrumb/Breadcrumb.js","statementMap":{"0":{"start":{"line":6,"column":19},"end":{"line":19,"column":1}},"1":{"start":{"line":7,"column":2},"end":{"line":18,"column":4}},"2":{"start":{"line":14,"column":10},"end":{"line":14,"column":59}},"3":{"start":{"line":21,"column":0},"end":{"line":26,"column":2}},"4":{"start":{"line":28,"column":0},"end":{"line":31,"column":2}}},"fnMap":{"0":{"name":"(anonymous_0)","decl":{"start":{"line":6,"column":19},"end":{"line":6,"column":20}},"loc":{"start":{"line":6,"column":59},"end":{"line":19,"column":1}},"line":6},"1":{"name":"(anonymous_1)","decl":{"start":{"line":13,"column":32},"end":{"line":13,"column":33}},"loc":{"start":{"line":13,"column":43},"end":{"line":15,"column":9}},"line":13}},"branchMap":{},"s":{"0":1,"1":3,"2":9,"3":1,"4":1},"f":{"0":3,"1":9},"b":{},"_coverageSchema":"1a1c01bbd47fc00a2c39e90264f33305004495a9","hash":"0ff92aaccb5259637a5a32cccb5f1386a19c4100"}
,"/Users/alaneicker/Desktop/atomik-ui/src/components/button/Button.js": {"path":"/Users/alaneicker/Desktop/atomik-ui/src/components/button/Button.js","statementMap":{"0":{"start":{"line":5,"column":15},"end":{"line":35,"column":1}},"1":{"start":{"line":18,"column":2},"end":{"line":34,"column":4}},"2":{"start":{"line":37,"column":0},"end":{"line":67,"column":2}},"3":{"start":{"line":69,"column":0},"end":{"line":80,"column":2}}},"fnMap":{"0":{"name":"(anonymous_0)","decl":{"start":{"line":5,"column":15},"end":{"line":5,"column":16}},"loc":{"start":{"line":17,"column":6},"end":{"line":35,"column":1}},"line":17}},"branchMap":{},"s":{"0":14,"1":122,"2":14,"3":14},"f":{"0":122},"b":{},"_coverageSchema":"1a1c01bbd47fc00a2c39e90264f33305004495a9","hash":"93e58e16b86f59640f7a6fddbddd056f9e504aa7"}
,"/Users/alaneicker/Desktop/atomik-ui/src/components/button-group/ButtonGroup.js": {"path":"/Users/alaneicker/Desktop/atomik-ui/src/components/button-group/ButtonGroup.js","statementMap":{"0":{"start":{"line":8,"column":20},"end":{"line":53,"column":1}},"1":{"start":{"line":20,"column":14},"end":{"line":20,"column":32}},"2":{"start":{"line":21,"column":22},"end":{"line":21,"column":35}},"3":{"start":{"line":22,"column":23},"end":{"line":22,"column":37}},"4":{"start":{"line":24,"column":2},"end":{"line":52,"column":4}},"5":{"start":{"line":55,"column":0},"end":{"line":74,"column":2}},"6":{"start":{"line":76,"column":0},"end":{"line":86,"column":2}}},"fnMap":{"0":{"name":"(anonymous_0)","decl":{"start":{"line":8,"column":20},"end":{"line":8,"column":21}},"loc":{"start":{"line":19,"column":6},"end":{"line":53,"column":1}},"line":19}},"branchMap":{"0":{"loc":{"start":{"line":26,"column":7},"end":{"line":30,"column":7}},"type":"binary-expr","locations":[{"start":{"line":26,"column":7},"end":{"line":26,"column":12}},{"start":{"line":27,"column":8},"end":{"line":29,"column":14}}],"line":26},"1":{"loc":{"start":{"line":41,"column":7},"end":{"line":50,"column":7}},"type":"binary-expr","locations":[{"start":{"line":41,"column":8},"end":{"line":41,"column":16}},{"start":{"line":41,"column":20},"end":{"line":41,"column":29}},{"start":{"line":42,"column":8},"end":{"line":49,"column":14}}],"line":41},"2":{"loc":{"start":{"line":43,"column":11},"end":{"line":43,"column":63}},"type":"binary-expr","locations":[{"start":{"line":43,"column":11},"end":{"line":43,"column":19}},{"start":{"line":43,"column":23},"end":{"line":43,"column":63}}],"line":43},"3":{"loc":{"start":{"line":44,"column":11},"end":{"line":48,"column":11}},"type":"binary-expr","locations":[{"start":{"line":44,"column":11},"end":{"line":44,"column":19}},{"start":{"line":45,"column":12},"end":{"line":47,"column":19}}],"line":44}},"s":{"0":1,"1":5,"2":5,"3":5,"4":5,"5":1,"6":1},"f":{"0":5},"b":{"0":[5,5],"1":[5,4,2],"2":[2,1],"3":[2,1]},"_coverageSchema":"1a1c01bbd47fc00a2c39e90264f33305004495a9","hash":"db6ff43dd853e4b1649f18afbd3b40dcfb00fe95"}
,"/Users/alaneicker/Desktop/atomik-ui/src/components/card/Card.js": {"path":"/Users/alaneicker/Desktop/atomik-ui/src/components/card/Card.js","statementMap":{"0":{"start":{"line":5,"column":13},"end":{"line":13,"column":1}},"1":{"start":{"line":6,"column":2},"end":{"line":12,"column":4}},"2":{"start":{"line":15,"column":0},"end":{"line":24,"column":2}},"3":{"start":{"line":26,"column":0},"end":{"line":31,"column":2}}},"fnMap":{"0":{"name":"(anonymous_0)","decl":{"start":{"line":5,"column":13},"end":{"line":5,"column":14}},"loc":{"start":{"line":5,"column":68},"end":{"line":13,"column":1}},"line":5}},"branchMap":{"0":{"loc":{"start":{"line":8,"column":7},"end":{"line":8,"column":68}},"type":"binary-expr","locations":[{"start":{"line":8,"column":7},"end":{"line":8,"column":12}},{"start":{"line":8,"column":16},"end":{"line":8,"column":68}}],"line":8},"1":{"loc":{"start":{"line":10,"column":7},"end":{"line":10,"column":70}},"type":"binary-expr","locations":[{"start":{"line":10,"column":7},"end":{"line":10,"column":13}},{"start":{"line":10,"column":17},"end":{"line":10,"column":70}}],"line":10}},"s":{"0":1,"1":4,"2":1,"3":1},"f":{"0":4},"b":{"0":[4,4],"1":[4,4]},"_coverageSchema":"1a1c01bbd47fc00a2c39e90264f33305004495a9","hash":"c5bd186455bfe250d735819fba385ba628c95d92"}
,"/Users/alaneicker/Desktop/atomik-ui/src/components/cart/Cart.js": {"path":"/Users/alaneicker/Desktop/atomik-ui/src/components/cart/Cart.js","statementMap":{"0":{"start":{"line":8,"column":13},"end":{"line":65,"column":1}},"1":{"start":{"line":16,"column":19},"end":{"line":18,"column":7}},"2":{"start":{"line":17,"column":4},"end":{"line":17,"column":59}},"3":{"start":{"line":20,"column":2},"end":{"line":64,"column":4}},"4":{"start":{"line":29,"column":12},"end":{"line":39,"column":14}},"5":{"start":{"line":34,"column":20},"end":{"line":34,"column":64}},"6":{"start":{"line":67,"column":0},"end":{"line":85,"column":2}},"7":{"start":{"line":87,"column":0},"end":{"line":93,"column":2}}},"fnMap":{"0":{"name":"(anonymous_0)","decl":{"start":{"line":8,"column":13},"end":{"line":8,"column":14}},"loc":{"start":{"line":15,"column":6},"end":{"line":65,"column":1}},"line":15},"1":{"name":"(anonymous_1)","decl":{"start":{"line":16,"column":32},"end":{"line":16,"column":33}},"loc":{"start":{"line":16,"column":42},"end":{"line":18,"column":3}},"line":16},"2":{"name":"(anonymous_2)","decl":{"start":{"line":28,"column":21},"end":{"line":28,"column":22}},"loc":{"start":{"line":28,"column":39},"end":{"line":40,"column":11}},"line":28},"3":{"name":"(anonymous_3)","decl":{"start":{"line":33,"column":36},"end":{"line":33,"column":37}},"loc":{"start":{"line":33,"column":53},"end":{"line":35,"column":19}},"line":33}},"branchMap":{"0":{"loc":{"start":{"line":17,"column":11},"end":{"line":17,"column":58}},"type":"cond-expr","locations":[{"start":{"line":17,"column":28},"end":{"line":17,"column":54}},{"start":{"line":17,"column":57},"end":{"line":17,"column":58}}],"line":17},"1":{"loc":{"start":{"line":48,"column":9},"end":{"line":55,"column":9}},"type":"binary-expr","locations":[{"start":{"line":48,"column":9},"end":{"line":48,"column":12}},{"start":{"line":49,"column":10},"end":{"line":54,"column":16}}],"line":48}},"s":{"0":1,"1":4,"2":8,"3":4,"4":8,"5":1,"6":1,"7":1},"f":{"0":4,"1":8,"2":8,"3":1},"b":{"0":[8,0],"1":[4,3]},"_coverageSchema":"1a1c01bbd47fc00a2c39e90264f33305004495a9","hash":"bd94a24710cff9e1900186862a23184fbb3ba7d8"}
,"/Users/alaneicker/Desktop/atomik-ui/src/components/cart-item/CartItem.js": {"path":"/Users/alaneicker/Desktop/atomik-ui/src/components/cart-item/CartItem.js","statementMap":{"0":{"start":{"line":6,"column":17},"end":{"line":66,"column":1}},"1":{"start":{"line":15,"column":28},"end":{"line":15,"column":54}},"2":{"start":{"line":16,"column":42},"end":{"line":16,"column":60}},"3":{"start":{"line":18,"column":31},"end":{"line":22,"column":3}},"4":{"start":{"line":19,"column":4},"end":{"line":19,"column":33}},"5":{"start":{"line":20,"column":4},"end":{"line":20,"column":34}},"6":{"start":{"line":21,"column":4},"end":{"line":21,"column":35}},"7":{"start":{"line":24,"column":2},"end":{"line":65,"column":4}},"8":{"start":{"line":44,"column":16},"end":{"line":44,"column":61}},"9":{"start":{"line":68,"column":0},"end":{"line":81,"column":2}},"10":{"start":{"line":83,"column":0},"end":{"line":90,"column":2}}},"fnMap":{"0":{"name":"(anonymous_0)","decl":{"start":{"line":6,"column":17},"end":{"line":6,"column":18}},"loc":{"start":{"line":14,"column":6},"end":{"line":66,"column":1}},"line":14},"1":{"name":"(anonymous_1)","decl":{"start":{"line":18,"column":31},"end":{"line":18,"column":32}},"loc":{"start":{"line":18,"column":48},"end":{"line":22,"column":3}},"line":18},"2":{"name":"(anonymous_2)","decl":{"start":{"line":43,"column":24},"end":{"line":43,"column":25}},"loc":{"start":{"line":43,"column":31},"end":{"line":45,"column":15}},"line":43}},"branchMap":{},"s":{"0":2,"1":13,"2":13,"3":13,"4":2,"5":2,"6":2,"7":13,"8":2,"9":2,"10":2},"f":{"0":13,"1":2,"2":2},"b":{},"_coverageSchema":"1a1c01bbd47fc00a2c39e90264f33305004495a9","hash":"39e5b2c40d2502aecd702ccd4852ef400b87e6de"}
,"/Users/alaneicker/Desktop/atomik-ui/src/components/chat-message/ChatMessage.js": {"path":"/Users/alaneicker/Desktop/atomik-ui/src/components/chat-message/ChatMessage.js","statementMap":{"0":{"start":{"line":6,"column":20},"end":{"line":23,"column":1}},"1":{"start":{"line":7,"column":2},"end":{"line":22,"column":4}},"2":{"start":{"line":25,"column":0},"end":{"line":29,"column":2}},"3":{"start":{"line":31,"column":0},"end":{"line":35,"column":2}}},"fnMap":{"0":{"name":"(anonymous_0)","decl":{"start":{"line":6,"column":20},"end":{"line":6,"column":21}},"loc":{"start":{"line":6,"column":66},"end":{"line":23,"column":1}},"line":6}},"branchMap":{"0":{"loc":{"start":{"line":13,"column":7},"end":{"line":17,"column":7}},"type":"binary-expr","locations":[{"start":{"line":13,"column":7},"end":{"line":13,"column":20}},{"start":{"line":14,"column":8},"end":{"line":16,"column":14}}],"line":13}},"s":{"0":2,"1":3,"2":2,"3":2},"f":{"0":3},"b":{"0":[3,3]},"_coverageSchema":"1a1c01bbd47fc00a2c39e90264f33305004495a9","hash":"a3f120fadd699ffa23a9b67f3f393c1c1eaecf69"}
,"/Users/alaneicker/Desktop/atomik-ui/src/components/chat-window/ChatWindow.js": {"path":"/Users/alaneicker/Desktop/atomik-ui/src/components/chat-window/ChatWindow.js","statementMap":{"0":{"start":{"line":11,"column":19},"end":{"line":169,"column":1}},"1":{"start":{"line":22,"column":24},"end":{"line":22,"column":32}},"2":{"start":{"line":23,"column":28},"end":{"line":23,"column":36}},"3":{"start":{"line":24,"column":23},"end":{"line":24,"column":31}},"4":{"start":{"line":26,"column":32},"end":{"line":26,"column":44}},"5":{"start":{"line":27,"column":36},"end":{"line":27,"column":50}},"6":{"start":{"line":28,"column":36},"end":{"line":28,"column":50}},"7":{"start":{"line":30,"column":23},"end":{"line":32,"column":3}},"8":{"start":{"line":31,"column":4},"end":{"line":31,"column":31}},"9":{"start":{"line":34,"column":23},"end":{"line":37,"column":3}},"10":{"start":{"line":35,"column":4},"end":{"line":35,"column":59}},"11":{"start":{"line":36,"column":4},"end":{"line":36,"column":19}},"12":{"start":{"line":39,"column":24},"end":{"line":46,"column":3}},"13":{"start":{"line":40,"column":4},"end":{"line":45,"column":5}},"14":{"start":{"line":41,"column":6},"end":{"line":41,"column":25}},"15":{"start":{"line":42,"column":6},"end":{"line":44,"column":7}},"16":{"start":{"line":43,"column":8},"end":{"line":43,"column":23}},"17":{"start":{"line":48,"column":38},"end":{"line":51,"column":3}},"18":{"start":{"line":49,"column":27},"end":{"line":49,"column":52}},"19":{"start":{"line":50,"column":4},"end":{"line":50,"column":59}},"20":{"start":{"line":53,"column":25},"end":{"line":57,"column":3}},"21":{"start":{"line":54,"column":22},"end":{"line":54,"column":42}},"22":{"start":{"line":55,"column":4},"end":{"line":55,"column":36}},"23":{"start":{"line":56,"column":4},"end":{"line":56,"column":59}},"24":{"start":{"line":59,"column":2},"end":{"line":74,"column":9}},"25":{"start":{"line":60,"column":4},"end":{"line":66,"column":9}},"26":{"start":{"line":62,"column":8},"end":{"line":62,"column":26}},"27":{"start":{"line":65,"column":8},"end":{"line":65,"column":32}},"28":{"start":{"line":68,"column":4},"end":{"line":73,"column":6}},"29":{"start":{"line":76,"column":2},"end":{"line":84,"column":26}},"30":{"start":{"line":77,"column":4},"end":{"line":77,"column":27}},"31":{"start":{"line":77,"column":20},"end":{"line":77,"column":27}},"32":{"start":{"line":79,"column":4},"end":{"line":83,"column":5}},"33":{"start":{"line":80,"column":6},"end":{"line":80,"column":27}},"34":{"start":{"line":82,"column":6},"end":{"line":82,"column":29}},"35":{"start":{"line":86,"column":2},"end":{"line":88,"column":17}},"36":{"start":{"line":87,"column":4},"end":{"line":87,"column":34}},"37":{"start":{"line":90,"column":2},"end":{"line":92,"column":16}},"38":{"start":{"line":91,"column":4},"end":{"line":91,"column":21}},"39":{"start":{"line":94,"column":2},"end":{"line":168,"column":4}},"40":{"start":{"line":129,"column":12},"end":{"line":129,"column":29}},"41":{"start":{"line":138,"column":10},"end":{"line":144,"column":12}},"42":{"start":{"line":160,"column":12},"end":{"line":160,"column":34}},"43":{"start":{"line":171,"column":0},"end":{"line":201,"column":2}},"44":{"start":{"line":203,"column":0},"end":{"line":212,"column":2}}},"fnMap":{"0":{"name":"(anonymous_0)","decl":{"start":{"line":11,"column":19},"end":{"line":11,"column":20}},"loc":{"start":{"line":21,"column":6},"end":{"line":169,"column":1}},"line":21},"1":{"name":"(anonymous_1)","decl":{"start":{"line":30,"column":23},"end":{"line":30,"column":24}},"loc":{"start":{"line":30,"column":30},"end":{"line":32,"column":3}},"line":30},"2":{"name":"(anonymous_2)","decl":{"start":{"line":34,"column":23},"end":{"line":34,"column":24}},"loc":{"start":{"line":34,"column":29},"end":{"line":37,"column":3}},"line":34},"3":{"name":"(anonymous_3)","decl":{"start":{"line":39,"column":24},"end":{"line":39,"column":25}},"loc":{"start":{"line":39,"column":31},"end":{"line":46,"column":3}},"line":39},"4":{"name":"(anonymous_4)","decl":{"start":{"line":48,"column":38},"end":{"line":48,"column":39}},"loc":{"start":{"line":48,"column":44},"end":{"line":51,"column":3}},"line":48},"5":{"name":"(anonymous_5)","decl":{"start":{"line":53,"column":25},"end":{"line":53,"column":26}},"loc":{"start":{"line":53,"column":31},"end":{"line":57,"column":3}},"line":53},"6":{"name":"(anonymous_6)","decl":{"start":{"line":59,"column":12},"end":{"line":59,"column":13}},"loc":{"start":{"line":59,"column":18},"end":{"line":74,"column":3}},"line":59},"7":{"name":"(anonymous_7)","decl":{"start":{"line":61,"column":12},"end":{"line":61,"column":13}},"loc":{"start":{"line":61,"column":21},"end":{"line":63,"column":7}},"line":61},"8":{"name":"(anonymous_8)","decl":{"start":{"line":64,"column":12},"end":{"line":64,"column":13}},"loc":{"start":{"line":64,"column":24},"end":{"line":66,"column":7}},"line":64},"9":{"name":"(anonymous_9)","decl":{"start":{"line":76,"column":12},"end":{"line":76,"column":13}},"loc":{"start":{"line":76,"column":18},"end":{"line":84,"column":3}},"line":76},"10":{"name":"(anonymous_10)","decl":{"start":{"line":86,"column":12},"end":{"line":86,"column":13}},"loc":{"start":{"line":86,"column":18},"end":{"line":88,"column":3}},"line":86},"11":{"name":"(anonymous_11)","decl":{"start":{"line":90,"column":12},"end":{"line":90,"column":13}},"loc":{"start":{"line":90,"column":18},"end":{"line":92,"column":3}},"line":90},"12":{"name":"(anonymous_12)","decl":{"start":{"line":128,"column":19},"end":{"line":128,"column":20}},"loc":{"start":{"line":128,"column":25},"end":{"line":130,"column":11}},"line":128},"13":{"name":"(anonymous_13)","decl":{"start":{"line":137,"column":22},"end":{"line":137,"column":23}},"loc":{"start":{"line":137,"column":57},"end":{"line":145,"column":9}},"line":137},"14":{"name":"(anonymous_14)","decl":{"start":{"line":159,"column":19},"end":{"line":159,"column":20}},"loc":{"start":{"line":159,"column":25},"end":{"line":161,"column":11}},"line":159},"15":{"name":"(anonymous_15)","decl":{"start":{"line":207,"column":2},"end":{"line":207,"column":3}},"loc":{"start":{"line":207,"column":12},"end":{"line":207,"column":14}},"line":207},"16":{"name":"(anonymous_16)","decl":{"start":{"line":208,"column":2},"end":{"line":208,"column":3}},"loc":{"start":{"line":208,"column":18},"end":{"line":208,"column":20}},"line":208}},"branchMap":{"0":{"loc":{"start":{"line":40,"column":4},"end":{"line":45,"column":5}},"type":"if","locations":[{"start":{"line":40,"column":4},"end":{"line":45,"column":5}},{"start":{"line":40,"column":4},"end":{"line":45,"column":5}}],"line":40},"1":{"loc":{"start":{"line":42,"column":6},"end":{"line":44,"column":7}},"type":"if","locations":[{"start":{"line":42,"column":6},"end":{"line":44,"column":7}},{"start":{"line":42,"column":6},"end":{"line":44,"column":7}}],"line":42},"2":{"loc":{"start":{"line":77,"column":4},"end":{"line":77,"column":27}},"type":"if","locations":[{"start":{"line":77,"column":4},"end":{"line":77,"column":27}},{"start":{"line":77,"column":4},"end":{"line":77,"column":27}}],"line":77},"3":{"loc":{"start":{"line":79,"column":4},"end":{"line":83,"column":5}},"type":"if","locations":[{"start":{"line":79,"column":4},"end":{"line":83,"column":5}},{"start":{"line":79,"column":4},"end":{"line":83,"column":5}}],"line":79},"4":{"loc":{"start":{"line":104,"column":11},"end":{"line":117,"column":11}},"type":"cond-expr","locations":[{"start":{"line":105,"column":12},"end":{"line":109,"column":14}},{"start":{"line":111,"column":12},"end":{"line":116,"column":14}}],"line":104}},"s":{"0":1,"1":11,"2":11,"3":11,"4":11,"5":11,"6":11,"7":11,"8":3,"9":11,"10":2,"11":2,"12":11,"13":1,"14":1,"15":1,"16":1,"17":11,"18":0,"19":0,"20":11,"21":0,"22":0,"23":0,"24":11,"25":0,"26":0,"27":0,"28":0,"29":11,"30":0,"31":0,"32":0,"33":0,"34":0,"35":11,"36":0,"37":11,"38":0,"39":11,"40":1,"41":0,"42":1,"43":1,"44":1},"f":{"0":11,"1":3,"2":2,"3":1,"4":0,"5":0,"6":0,"7":0,"8":0,"9":0,"10":0,"11":0,"12":1,"13":0,"14":1,"15":0,"16":0},"b":{"0":[1,0],"1":[1,0],"2":[0,0],"3":[0,0],"4":[0,11]},"_coverageSchema":"1a1c01bbd47fc00a2c39e90264f33305004495a9","hash":"ce94ce1385e69678209133b3a6103091d3d73f59"}
,"/Users/alaneicker/Desktop/atomik-ui/src/components/check-option/CheckOption.js": {"path":"/Users/alaneicker/Desktop/atomik-ui/src/components/check-option/CheckOption.js","statementMap":{"0":{"start":{"line":10,"column":14},"end":{"line":10,"column":35}},"1":{"start":{"line":12,"column":20},"end":{"line":75,"column":1}},"2":{"start":{"line":27,"column":14},"end":{"line":27,"column":38}},"3":{"start":{"line":28,"column":20},"end":{"line":28,"column":31}},"4":{"start":{"line":29,"column":22},"end":{"line":29,"column":41}},"5":{"start":{"line":30,"column":23},"end":{"line":30,"column":43}},"6":{"start":{"line":31,"column":20},"end":{"line":31,"column":61}},"7":{"start":{"line":33,"column":2},"end":{"line":74,"column":4}},"8":{"start":{"line":77,"column":0},"end":{"line":102,"column":2}},"9":{"start":{"line":104,"column":0},"end":{"line":117,"column":2}}},"fnMap":{"0":{"name":"(anonymous_0)","decl":{"start":{"line":12,"column":20},"end":{"line":12,"column":21}},"loc":{"start":{"line":26,"column":6},"end":{"line":75,"column":1}},"line":26},"1":{"name":"(anonymous_1)","decl":{"start":{"line":114,"column":2},"end":{"line":114,"column":3}},"loc":{"start":{"line":114,"column":13},"end":{"line":114,"column":15}},"line":114}},"branchMap":{"0":{"loc":{"start":{"line":27,"column":14},"end":{"line":27,"column":38}},"type":"binary-expr","locations":[{"start":{"line":27,"column":14},"end":{"line":27,"column":16}},{"start":{"line":27,"column":20},"end":{"line":27,"column":38}}],"line":27},"1":{"loc":{"start":{"line":28,"column":20},"end":{"line":28,"column":31}},"type":"binary-expr","locations":[{"start":{"line":28,"column":20},"end":{"line":28,"column":24}},{"start":{"line":28,"column":28},"end":{"line":28,"column":31}}],"line":28},"2":{"loc":{"start":{"line":31,"column":20},"end":{"line":31,"column":61}},"type":"cond-expr","locations":[{"start":{"line":31,"column":44},"end":{"line":31,"column":54}},{"start":{"line":31,"column":57},"end":{"line":31,"column":61}}],"line":31},"3":{"loc":{"start":{"line":63,"column":7},"end":{"line":72,"column":7}},"type":"binary-expr","locations":[{"start":{"line":63,"column":8},"end":{"line":63,"column":16}},{"start":{"line":63,"column":20},"end":{"line":63,"column":29}},{"start":{"line":64,"column":8},"end":{"line":71,"column":14}}],"line":63},"4":{"loc":{"start":{"line":65,"column":11},"end":{"line":65,"column":63}},"type":"binary-expr","locations":[{"start":{"line":65,"column":11},"end":{"line":65,"column":19}},{"start":{"line":65,"column":23},"end":{"line":65,"column":63}}],"line":65},"5":{"loc":{"start":{"line":66,"column":11},"end":{"line":70,"column":11}},"type":"binary-expr","locations":[{"start":{"line":66,"column":11},"end":{"line":66,"column":19}},{"start":{"line":67,"column":12},"end":{"line":69,"column":19}}],"line":66}},"s":{"0":1,"1":1,"2":13,"3":13,"4":13,"5":13,"6":13,"7":13,"8":1,"9":1},"f":{"0":13,"1":0},"b":{"0":[13,13],"1":[13,13],"2":[1,12],"3":[13,12,2],"4":[2,1],"5":[2,1]},"_coverageSchema":"1a1c01bbd47fc00a2c39e90264f33305004495a9","hash":"cddfeef4ddb33b7d063e1b5d467778d7dd1e8d9e"}
,"/Users/alaneicker/Desktop/atomik-ui/src/components/comment/Comment.js": {"path":"/Users/alaneicker/Desktop/atomik-ui/src/components/comment/Comment.js","statementMap":{"0":{"start":{"line":8,"column":16},"end":{"line":43,"column":1}},"1":{"start":{"line":19,"column":2},"end":{"line":42,"column":4}},"2":{"start":{"line":45,"column":0},"end":{"line":62,"column":2}},"3":{"start":{"line":64,"column":0},"end":{"line":73,"column":2}}},"fnMap":{"0":{"name":"(anonymous_0)","decl":{"start":{"line":8,"column":16},"end":{"line":8,"column":17}},"loc":{"start":{"line":18,"column":6},"end":{"line":43,"column":1}},"line":18},"1":{"name":"(anonymous_1)","decl":{"start":{"line":72,"column":2},"end":{"line":72,"column":3}},"loc":{"start":{"line":72,"column":16},"end":{"line":72,"column":18}},"line":72}},"branchMap":{"0":{"loc":{"start":{"line":26,"column":11},"end":{"line":26,"column":72}},"type":"cond-expr","locations":[{"start":{"line":26,"column":24},"end":{"line":26,"column":63}},{"start":{"line":26,"column":66},"end":{"line":26,"column":72}}],"line":26},"1":{"loc":{"start":{"line":37,"column":9},"end":{"line":39,"column":9}},"type":"binary-expr","locations":[{"start":{"line":37,"column":9},"end":{"line":37,"column":25}},{"start":{"line":38,"column":10},"end":{"line":38,"column":68}}],"line":37}},"s":{"0":2,"1":12,"2":2,"3":2},"f":{"0":12,"1":0},"b":{"0":[11,1],"1":[12,6]},"_coverageSchema":"1a1c01bbd47fc00a2c39e90264f33305004495a9","hash":"f569f5cde4d1056bb1db19eaec12cb50b3ee77e5"}
,"/Users/alaneicker/Desktop/atomik-ui/src/components/date-picker/DatePicker.js": {"path":"/Users/alaneicker/Desktop/atomik-ui/src/components/date-picker/DatePicker.js","statementMap":{"0":{"start":{"line":14,"column":19},"end":{"line":119,"column":1}},"1":{"start":{"line":23,"column":19},"end":{"line":23,"column":27}},"2":{"start":{"line":24,"column":36},"end":{"line":24,"column":50}},"3":{"start":{"line":25,"column":34},"end":{"line":25,"column":77}},"4":{"start":{"line":26,"column":30},"end":{"line":26,"column":45}},"5":{"start":{"line":28,"column":17},"end":{"line":30,"column":3}},"6":{"start":{"line":29,"column":4},"end":{"line":29,"column":21}},"7":{"start":{"line":32,"column":27},"end":{"line":49,"column":3}},"8":{"start":{"line":33,"column":17},"end":{"line":39,"column":17}},"9":{"start":{"line":41,"column":4},"end":{"line":44,"column":5}},"10":{"start":{"line":42,"column":6},"end":{"line":42,"column":21}},"11":{"start":{"line":43,"column":6},"end":{"line":43,"column":13}},"12":{"start":{"line":46,"column":4},"end":{"line":46,"column":22}},"13":{"start":{"line":47,"column":4},"end":{"line":47,"column":19}},"14":{"start":{"line":48,"column":4},"end":{"line":48,"column":21}},"15":{"start":{"line":51,"column":24},"end":{"line":55,"column":3}},"16":{"start":{"line":52,"column":4},"end":{"line":54,"column":5}},"17":{"start":{"line":53,"column":6},"end":{"line":53,"column":15}},"18":{"start":{"line":57,"column":2},"end":{"line":68,"column":17}},"19":{"start":{"line":58,"column":4},"end":{"line":67,"column":6}},"20":{"start":{"line":61,"column":10},"end":{"line":61,"column":22}},"21":{"start":{"line":70,"column":2},"end":{"line":76,"column":26}},"22":{"start":{"line":71,"column":4},"end":{"line":75,"column":5}},"23":{"start":{"line":72,"column":6},"end":{"line":74,"column":14}},"24":{"start":{"line":73,"column":8},"end":{"line":73,"column":56}},"25":{"start":{"line":78,"column":2},"end":{"line":118,"column":4}},"26":{"start":{"line":89,"column":12},"end":{"line":89,"column":52}},"27":{"start":{"line":100,"column":12},"end":{"line":100,"column":38}},"28":{"start":{"line":111,"column":14},"end":{"line":111,"column":47}},"29":{"start":{"line":121,"column":0},"end":{"line":134,"column":2}},"30":{"start":{"line":136,"column":0},"end":{"line":143,"column":2}}},"fnMap":{"0":{"name":"(anonymous_0)","decl":{"start":{"line":14,"column":19},"end":{"line":14,"column":20}},"loc":{"start":{"line":22,"column":6},"end":{"line":119,"column":1}},"line":22},"1":{"name":"(anonymous_1)","decl":{"start":{"line":28,"column":17},"end":{"line":28,"column":18}},"loc":{"start":{"line":28,"column":23},"end":{"line":30,"column":3}},"line":28},"2":{"name":"(anonymous_2)","decl":{"start":{"line":32,"column":27},"end":{"line":32,"column":28}},"loc":{"start":{"line":32,"column":40},"end":{"line":49,"column":3}},"line":32},"3":{"name":"(anonymous_3)","decl":{"start":{"line":51,"column":24},"end":{"line":51,"column":25}},"loc":{"start":{"line":51,"column":31},"end":{"line":55,"column":3}},"line":51},"4":{"name":"(anonymous_4)","decl":{"start":{"line":57,"column":12},"end":{"line":57,"column":13}},"loc":{"start":{"line":57,"column":18},"end":{"line":68,"column":3}},"line":57},"5":{"name":"(anonymous_5)","decl":{"start":{"line":60,"column":27},"end":{"line":60,"column":28}},"loc":{"start":{"line":60,"column":33},"end":{"line":62,"column":9}},"line":60},"6":{"name":"(anonymous_6)","decl":{"start":{"line":70,"column":12},"end":{"line":70,"column":13}},"loc":{"start":{"line":70,"column":18},"end":{"line":76,"column":3}},"line":70},"7":{"name":"(anonymous_7)","decl":{"start":{"line":72,"column":17},"end":{"line":72,"column":18}},"loc":{"start":{"line":72,"column":23},"end":{"line":74,"column":7}},"line":72},"8":{"name":"(anonymous_8)","decl":{"start":{"line":88,"column":18},"end":{"line":88,"column":19}},"loc":{"start":{"line":88,"column":25},"end":{"line":90,"column":11}},"line":88},"9":{"name":"(anonymous_9)","decl":{"start":{"line":99,"column":19},"end":{"line":99,"column":20}},"loc":{"start":{"line":99,"column":25},"end":{"line":101,"column":11}},"line":99},"10":{"name":"(anonymous_10)","decl":{"start":{"line":110,"column":22},"end":{"line":110,"column":23}},"loc":{"start":{"line":110,"column":35},"end":{"line":112,"column":13}},"line":110},"11":{"name":"(anonymous_11)","decl":{"start":{"line":140,"column":2},"end":{"line":140,"column":3}},"loc":{"start":{"line":140,"column":13},"end":{"line":140,"column":15}},"line":140},"12":{"name":"(anonymous_12)","decl":{"start":{"line":141,"column":2},"end":{"line":141,"column":3}},"loc":{"start":{"line":141,"column":17},"end":{"line":141,"column":19}},"line":141}},"branchMap":{"0":{"loc":{"start":{"line":25,"column":43},"end":{"line":25,"column":76}},"type":"binary-expr","locations":[{"start":{"line":25,"column":43},"end":{"line":25,"column":62}},{"start":{"line":25,"column":66},"end":{"line":25,"column":76}}],"line":25},"1":{"loc":{"start":{"line":41,"column":4},"end":{"line":44,"column":5}},"type":"if","locations":[{"start":{"line":41,"column":4},"end":{"line":44,"column":5}},{"start":{"line":41,"column":4},"end":{"line":44,"column":5}}],"line":41},"2":{"loc":{"start":{"line":52,"column":4},"end":{"line":54,"column":5}},"type":"if","locations":[{"start":{"line":52,"column":4},"end":{"line":54,"column":5}},{"start":{"line":52,"column":4},"end":{"line":54,"column":5}}],"line":52},"3":{"loc":{"start":{"line":71,"column":4},"end":{"line":75,"column":5}},"type":"if","locations":[{"start":{"line":71,"column":4},"end":{"line":75,"column":5}},{"start":{"line":71,"column":4},"end":{"line":75,"column":5}}],"line":71},"4":{"loc":{"start":{"line":73,"column":18},"end":{"line":73,"column":52}},"type":"cond-expr","locations":[{"start":{"line":73,"column":27},"end":{"line":73,"column":37}},{"start":{"line":73,"column":40},"end":{"line":73,"column":52}}],"line":73},"5":{"loc":{"start":{"line":80,"column":7},"end":{"line":84,"column":7}},"type":"binary-expr","locations":[{"start":{"line":80,"column":7},"end":{"line":80,"column":12}},{"start":{"line":81,"column":8},"end":{"line":83,"column":14}}],"line":80}},"s":{"0":1,"1":24,"2":24,"3":24,"4":24,"5":24,"6":1,"7":24,"8":4,"9":4,"10":1,"11":1,"12":3,"13":3,"14":3,"15":24,"16":1,"17":1,"18":24,"19":8,"20":0,"21":24,"22":21,"23":13,"24":0,"25":24,"26":2,"27":3,"28":2,"29":1,"30":1},"f":{"0":24,"1":1,"2":4,"3":1,"4":8,"5":0,"6":21,"7":0,"8":2,"9":3,"10":2,"11":0,"12":0},"b":{"0":[24,24],"1":[1,3],"2":[1,0],"3":[13,8],"4":[0,0],"5":[24,24]},"_coverageSchema":"1a1c01bbd47fc00a2c39e90264f33305004495a9","hash":"509223d01d4df40c48b7286cf81545acad4f7bb3"}
,"/Users/alaneicker/Desktop/atomik-ui/src/components/drawer/Drawer.js": {"path":"/Users/alaneicker/Desktop/atomik-ui/src/components/drawer/Drawer.js","statementMap":{"0":{"start":{"line":7,"column":15},"end":{"line":74,"column":1}},"1":{"start":{"line":15,"column":14},"end":{"line":15,"column":22}},"2":{"start":{"line":17,"column":36},"end":{"line":17,"column":50}},"3":{"start":{"line":18,"column":30},"end":{"line":18,"column":42}},"4":{"start":{"line":20,"column":24},"end":{"line":24,"column":3}},"5":{"start":{"line":21,"column":4},"end":{"line":23,"column":5}},"6":{"start":{"line":22,"column":6},"end":{"line":22,"column":16}},"7":{"start":{"line":26,"column":2},"end":{"line":37,"column":9}},"8":{"start":{"line":27,"column":4},"end":{"line":36,"column":6}},"9":{"start":{"line":30,"column":10},"end":{"line":30,"column":22}},"10":{"start":{"line":39,"column":2},"end":{"line":55,"column":26}},"11":{"start":{"line":40,"column":4},"end":{"line":48,"column":7}},"12":{"start":{"line":50,"column":4},"end":{"line":54,"column":5}},"13":{"start":{"line":51,"column":6},"end":{"line":53,"column":14}},"14":{"start":{"line":52,"column":8},"end":{"line":52,"column":56}},"15":{"start":{"line":57,"column":2},"end":{"line":73,"column":4}},"16":{"start":{"line":76,"column":0},"end":{"line":87,"column":2}},"17":{"start":{"line":89,"column":0},"end":{"line":95,"column":2}}},"fnMap":{"0":{"name":"(anonymous_0)","decl":{"start":{"line":7,"column":15},"end":{"line":7,"column":16}},"loc":{"start":{"line":14,"column":6},"end":{"line":74,"column":1}},"line":14},"1":{"name":"(anonymous_1)","decl":{"start":{"line":20,"column":24},"end":{"line":20,"column":25}},"loc":{"start":{"line":20,"column":31},"end":{"line":24,"column":3}},"line":20},"2":{"name":"(anonymous_2)","decl":{"start":{"line":26,"column":12},"end":{"line":26,"column":13}},"loc":{"start":{"line":26,"column":18},"end":{"line":37,"column":3}},"line":26},"3":{"name":"(anonymous_3)","decl":{"start":{"line":29,"column":27},"end":{"line":29,"column":28}},"loc":{"start":{"line":29,"column":33},"end":{"line":31,"column":9}},"line":29},"4":{"name":"(anonymous_4)","decl":{"start":{"line":39,"column":12},"end":{"line":39,"column":13}},"loc":{"start":{"line":39,"column":18},"end":{"line":55,"column":3}},"line":39},"5":{"name":"(anonymous_5)","decl":{"start":{"line":51,"column":17},"end":{"line":51,"column":18}},"loc":{"start":{"line":51,"column":23},"end":{"line":53,"column":7}},"line":51},"6":{"name":"(anonymous_6)","decl":{"start":{"line":93,"column":2},"end":{"line":93,"column":3}},"loc":{"start":{"line":93,"column":12},"end":{"line":93,"column":14}},"line":93}},"branchMap":{"0":{"loc":{"start":{"line":21,"column":4},"end":{"line":23,"column":5}},"type":"if","locations":[{"start":{"line":21,"column":4},"end":{"line":23,"column":5}},{"start":{"line":21,"column":4},"end":{"line":23,"column":5}}],"line":21},"1":{"loc":{"start":{"line":41,"column":18},"end":{"line":47,"column":14}},"type":"cond-expr","locations":[{"start":{"line":42,"column":10},"end":{"line":42,"column":11}},{"start":{"line":43,"column":10},"end":{"line":47,"column":14}}],"line":41},"2":{"loc":{"start":{"line":45,"column":14},"end":{"line":45,"column":75}},"type":"cond-expr","locations":[{"start":{"line":45,"column":45},"end":{"line":45,"column":59}},{"start":{"line":45,"column":62},"end":{"line":45,"column":75}}],"line":45},"3":{"loc":{"start":{"line":50,"column":4},"end":{"line":54,"column":5}},"type":"if","locations":[{"start":{"line":50,"column":4},"end":{"line":54,"column":5}},{"start":{"line":50,"column":4},"end":{"line":54,"column":5}}],"line":50},"4":{"loc":{"start":{"line":52,"column":18},"end":{"line":52,"column":52}},"type":"cond-expr","locations":[{"start":{"line":52,"column":27},"end":{"line":52,"column":37}},{"start":{"line":52,"column":40},"end":{"line":52,"column":52}}],"line":52}},"s":{"0":1,"1":12,"2":12,"3":12,"4":12,"5":1,"6":1,"7":12,"8":4,"9":0,"10":12,"11":8,"12":8,"13":4,"14":0,"15":12,"16":1,"17":1},"f":{"0":12,"1":1,"2":4,"3":0,"4":8,"5":0,"6":0},"b":{"0":[1,0],"1":[8,0],"2":[0,0],"3":[4,4],"4":[0,0]},"_coverageSchema":"1a1c01bbd47fc00a2c39e90264f33305004495a9","hash":"a2da1fa33fef448046999b1e70932711303f0e3c"}
,"/Users/alaneicker/Desktop/atomik-ui/src/components/dropdown/Dropdown.js": {"path":"/Users/alaneicker/Desktop/atomik-ui/src/components/dropdown/Dropdown.js","statementMap":{"0":{"start":{"line":8,"column":17},"end":{"line":86,"column":1}},"1":{"start":{"line":24,"column":14},"end":{"line":24,"column":38}},"2":{"start":{"line":25,"column":20},"end":{"line":25,"column":31}},"3":{"start":{"line":26,"column":22},"end":{"line":26,"column":41}},"4":{"start":{"line":27,"column":23},"end":{"line":27,"column":43}},"5":{"start":{"line":29,"column":2},"end":{"line":85,"column":4}},"6":{"start":{"line":66,"column":12},"end":{"line":70,"column":14}},"7":{"start":{"line":88,"column":0},"end":{"line":122,"column":2}},"8":{"start":{"line":124,"column":0},"end":{"line":138,"column":2}}},"fnMap":{"0":{"name":"(anonymous_0)","decl":{"start":{"line":8,"column":17},"end":{"line":8,"column":18}},"loc":{"start":{"line":23,"column":6},"end":{"line":86,"column":1}},"line":23},"1":{"name":"(anonymous_1)","decl":{"start":{"line":65,"column":16},"end":{"line":65,"column":17}},"loc":{"start":{"line":65,"column":44},"end":{"line":71,"column":11}},"line":65},"2":{"name":"(anonymous_2)","decl":{"start":{"line":134,"column":2},"end":{"line":134,"column":3}},"loc":{"start":{"line":134,"column":13},"end":{"line":134,"column":15}},"line":134}},"branchMap":{"0":{"loc":{"start":{"line":24,"column":14},"end":{"line":24,"column":38}},"type":"binary-expr","locations":[{"start":{"line":24,"column":14},"end":{"line":24,"column":16}},{"start":{"line":24,"column":20},"end":{"line":24,"column":38}}],"line":24},"1":{"loc":{"start":{"line":25,"column":20},"end":{"line":25,"column":31}},"type":"binary-expr","locations":[{"start":{"line":25,"column":20},"end":{"line":25,"column":24}},{"start":{"line":25,"column":28},"end":{"line":25,"column":31}}],"line":25},"2":{"loc":{"start":{"line":37,"column":7},"end":{"line":41,"column":7}},"type":"binary-expr","locations":[{"start":{"line":37,"column":7},"end":{"line":37,"column":17}},{"start":{"line":38,"column":8},"end":{"line":40,"column":14}}],"line":37},"3":{"loc":{"start":{"line":74,"column":7},"end":{"line":83,"column":7}},"type":"binary-expr","locations":[{"start":{"line":74,"column":8},"end":{"line":74,"column":16}},{"start":{"line":74,"column":20},"end":{"line":74,"column":29}},{"start":{"line":75,"column":8},"end":{"line":82,"column":14}}],"line":74},"4":{"loc":{"start":{"line":76,"column":11},"end":{"line":76,"column":63}},"type":"binary-expr","locations":[{"start":{"line":76,"column":11},"end":{"line":76,"column":19}},{"start":{"line":76,"column":23},"end":{"line":76,"column":63}}],"line":76},"5":{"loc":{"start":{"line":77,"column":11},"end":{"line":81,"column":11}},"type":"binary-expr","locations":[{"start":{"line":77,"column":11},"end":{"line":77,"column":19}},{"start":{"line":78,"column":12},"end":{"line":80,"column":19}}],"line":77}},"s":{"0":1,"1":6,"2":6,"3":6,"4":6,"5":6,"6":42,"7":1,"8":1},"f":{"0":6,"1":42,"2":0},"b":{"0":[6,6],"1":[6,6],"2":[6,6],"3":[6,5,2],"4":[2,1],"5":[2,1]},"_coverageSchema":"1a1c01bbd47fc00a2c39e90264f33305004495a9","hash":"8acd0e3f0b4a67c1aed479c3d6fe8f3f025772c3"}
,"/Users/alaneicker/Desktop/atomik-ui/src/components/file-upload/FileUpload.js": {"path":"/Users/alaneicker/Desktop/atomik-ui/src/components/file-upload/FileUpload.js","statementMap":{"0":{"start":{"line":10,"column":19},"end":{"line":122,"column":1}},"1":{"start":{"line":22,"column":28},"end":{"line":22,"column":40}},"2":{"start":{"line":24,"column":13},"end":{"line":24,"column":31}},"3":{"start":{"line":25,"column":20},"end":{"line":25,"column":30}},"4":{"start":{"line":26,"column":22},"end":{"line":26,"column":41}},"5":{"start":{"line":27,"column":23},"end":{"line":27,"column":43}},"6":{"start":{"line":29,"column":23},"end":{"line":37,"column":3}},"7":{"start":{"line":30,"column":22},"end":{"line":30,"column":24}},"8":{"start":{"line":32,"column":4},"end":{"line":34,"column":5}},"9":{"start":{"line":32,"column":17},"end":{"line":32,"column":18}},"10":{"start":{"line":33,"column":6},"end":{"line":33,"column":39}},"11":{"start":{"line":36,"column":4},"end":{"line":36,"column":21}},"12":{"start":{"line":39,"column":23},"end":{"line":46,"column":3}},"13":{"start":{"line":40,"column":4},"end":{"line":40,"column":23}},"14":{"start":{"line":42,"column":26},"end":{"line":42,"column":64}},"15":{"start":{"line":44,"column":4},"end":{"line":44,"column":42}},"16":{"start":{"line":45,"column":4},"end":{"line":45,"column":28}},"17":{"start":{"line":48,"column":21},"end":{"line":51,"column":3}},"18":{"start":{"line":49,"column":4},"end":{"line":49,"column":24}},"19":{"start":{"line":50,"column":4},"end":{"line":50,"column":23}},"20":{"start":{"line":53,"column":2},"end":{"line":121,"column":4}},"21":{"start":{"line":103,"column":16},"end":{"line":103,"column":76}},"22":{"start":{"line":124,"column":0},"end":{"line":150,"column":2}},"23":{"start":{"line":152,"column":0},"end":{"line":161,"column":2}}},"fnMap":{"0":{"name":"(anonymous_0)","decl":{"start":{"line":10,"column":19},"end":{"line":10,"column":20}},"loc":{"start":{"line":21,"column":6},"end":{"line":122,"column":1}},"line":21},"1":{"name":"(anonymous_1)","decl":{"start":{"line":29,"column":23},"end":{"line":29,"column":24}},"loc":{"start":{"line":29,"column":37},"end":{"line":37,"column":3}},"line":29},"2":{"name":"(anonymous_2)","decl":{"start":{"line":39,"column":23},"end":{"line":39,"column":24}},"loc":{"start":{"line":39,"column":30},"end":{"line":46,"column":3}},"line":39},"3":{"name":"(anonymous_3)","decl":{"start":{"line":48,"column":21},"end":{"line":48,"column":22}},"loc":{"start":{"line":48,"column":28},"end":{"line":51,"column":3}},"line":48},"4":{"name":"(anonymous_4)","decl":{"start":{"line":102,"column":25},"end":{"line":102,"column":26}},"loc":{"start":{"line":102,"column":42},"end":{"line":104,"column":15}},"line":102},"5":{"name":"(anonymous_5)","decl":{"start":{"line":159,"column":2},"end":{"line":159,"column":3}},"loc":{"start":{"line":159,"column":13},"end":{"line":159,"column":15}},"line":159}},"branchMap":{"0":{"loc":{"start":{"line":25,"column":20},"end":{"line":25,"column":30}},"type":"binary-expr","locations":[{"start":{"line":25,"column":20},"end":{"line":25,"column":24}},{"start":{"line":25,"column":28},"end":{"line":25,"column":30}}],"line":25},"1":{"loc":{"start":{"line":42,"column":26},"end":{"line":42,"column":64}},"type":"binary-expr","locations":[{"start":{"line":42,"column":26},"end":{"line":42,"column":40}},{"start":{"line":42,"column":44},"end":{"line":42,"column":64}}],"line":42},"2":{"loc":{"start":{"line":75,"column":9},"end":{"line":77,"column":9}},"type":"binary-expr","locations":[{"start":{"line":75,"column":9},"end":{"line":75,"column":20}},{"start":{"line":76,"column":10},"end":{"line":76,"column":80}}],"line":75},"3":{"loc":{"start":{"line":87,"column":11},"end":{"line":96,"column":11}},"type":"cond-expr","locations":[{"start":{"line":88,"column":12},"end":{"line":93,"column":14}},{"start":{"line":95,"column":12},"end":{"line":95,"column":17}}],"line":87},"4":{"loc":{"start":{"line":98,"column":9},"end":{"line":107,"column":9}},"type":"binary-expr","locations":[{"start":{"line":98,"column":9},"end":{"line":98,"column":20}},{"start":{"line":98,"column":24},"end":{"line":98,"column":40}},{"start":{"line":99,"column":10},"end":{"line":106,"column":13}}],"line":98},"5":{"loc":{"start":{"line":108,"column":9},"end":{"line":108,"column":56}},"type":"binary-expr","locations":[{"start":{"line":108,"column":9},"end":{"line":108,"column":21}},{"start":{"line":108,"column":25},"end":{"line":108,"column":56}}],"line":108},"6":{"loc":{"start":{"line":110,"column":7},"end":{"line":119,"column":7}},"type":"binary-expr","locations":[{"start":{"line":110,"column":8},"end":{"line":110,"column":16}},{"start":{"line":110,"column":20},"end":{"line":110,"column":29}},{"start":{"line":111,"column":8},"end":{"line":118,"column":14}}],"line":110},"7":{"loc":{"start":{"line":112,"column":11},"end":{"line":112,"column":63}},"type":"binary-expr","locations":[{"start":{"line":112,"column":11},"end":{"line":112,"column":19}},{"start":{"line":112,"column":23},"end":{"line":112,"column":63}}],"line":112},"8":{"loc":{"start":{"line":113,"column":11},"end":{"line":117,"column":11}},"type":"binary-expr","locations":[{"start":{"line":113,"column":11},"end":{"line":113,"column":19}},{"start":{"line":114,"column":12},"end":{"line":116,"column":19}}],"line":113}},"s":{"0":1,"1":17,"2":17,"3":17,"4":17,"5":17,"6":17,"7":4,"8":4,"9":4,"10":3,"11":4,"12":17,"13":4,"14":4,"15":4,"16":4,"17":17,"18":1,"19":1,"20":17,"21":1,"22":1,"23":1},"f":{"0":17,"1":4,"2":4,"3":1,"4":1,"5":0},"b":{"0":[17,17],"1":[4,2],"2":[17,2],"3":[2,15],"4":[17,2,1],"5":[17,15],"6":[17,16,2],"7":[2,1],"8":[2,1]},"_coverageSchema":"1a1c01bbd47fc00a2c39e90264f33305004495a9","hash":"0cf9598660e87f37e36eee4b06d5ff648b96efde"}
,"/Users/alaneicker/Desktop/atomik-ui/src/components/form-field/FormField.js": {"path":"/Users/alaneicker/Desktop/atomik-ui/src/components/form-field/FormField.js","statementMap":{"0":{"start":{"line":9,"column":14},"end":{"line":27,"column":1}},"1":{"start":{"line":29,"column":18},"end":{"line":122,"column":1}},"2":{"start":{"line":52,"column":16},"end":{"line":52,"column":40}},"3":{"start":{"line":53,"column":22},"end":{"line":53,"column":33}},"4":{"start":{"line":54,"column":24},"end":{"line":54,"column":43}},"5":{"start":{"line":55,"column":25},"end":{"line":55,"column":45}},"6":{"start":{"line":56,"column":22},"end":{"line":56,"column":59}},"7":{"start":{"line":58,"column":18},"end":{"line":58,"column":46}},"8":{"start":{"line":60,"column":4},"end":{"line":120,"column":6}},"9":{"start":{"line":124,"column":0},"end":{"line":157,"column":2}},"10":{"start":{"line":159,"column":0},"end":{"line":176,"column":2}}},"fnMap":{"0":{"name":"(anonymous_0)","decl":{"start":{"line":30,"column":2},"end":{"line":30,"column":3}},"loc":{"start":{"line":51,"column":7},"end":{"line":121,"column":3}},"line":51},"1":{"name":"(anonymous_1)","decl":{"start":{"line":170,"column":2},"end":{"line":170,"column":3}},"loc":{"start":{"line":170,"column":13},"end":{"line":170,"column":15}},"line":170}},"branchMap":{"0":{"loc":{"start":{"line":52,"column":16},"end":{"line":52,"column":40}},"type":"binary-expr","locations":[{"start":{"line":52,"column":16},"end":{"line":52,"column":18}},{"start":{"line":52,"column":22},"end":{"line":52,"column":40}}],"line":52},"1":{"loc":{"start":{"line":53,"column":22},"end":{"line":53,"column":33}},"type":"binary-expr","locations":[{"start":{"line":53,"column":22},"end":{"line":53,"column":26}},{"start":{"line":53,"column":30},"end":{"line":53,"column":33}}],"line":53},"2":{"loc":{"start":{"line":56,"column":22},"end":{"line":56,"column":59}},"type":"cond-expr","locations":[{"start":{"line":56,"column":46},"end":{"line":56,"column":52}},{"start":{"line":56,"column":55},"end":{"line":56,"column":59}}],"line":56},"3":{"loc":{"start":{"line":58,"column":18},"end":{"line":58,"column":46}},"type":"cond-expr","locations":[{"start":{"line":58,"column":25},"end":{"line":58,"column":36}},{"start":{"line":58,"column":39},"end":{"line":58,"column":46}}],"line":58},"4":{"loc":{"start":{"line":67,"column":9},"end":{"line":71,"column":9}},"type":"binary-expr","locations":[{"start":{"line":67,"column":9},"end":{"line":67,"column":14}},{"start":{"line":68,"column":10},"end":{"line":70,"column":16}}],"line":67},"5":{"loc":{"start":{"line":72,"column":9},"end":{"line":108,"column":9}},"type":"cond-expr","locations":[{"start":{"line":73,"column":10},"end":{"line":90,"column":12}},{"start":{"line":92,"column":10},"end":{"line":107,"column":12}}],"line":72},"6":{"loc":{"start":{"line":109,"column":9},"end":{"line":118,"column":9}},"type":"binary-expr","locations":[{"start":{"line":109,"column":10},"end":{"line":109,"column":18}},{"start":{"line":109,"column":22},"end":{"line":109,"column":31}},{"start":{"line":110,"column":10},"end":{"line":117,"column":16}}],"line":109},"7":{"loc":{"start":{"line":111,"column":13},"end":{"line":111,"column":65}},"type":"binary-expr","locations":[{"start":{"line":111,"column":13},"end":{"line":111,"column":21}},{"start":{"line":111,"column":25},"end":{"line":111,"column":65}}],"line":111},"8":{"loc":{"start":{"line":112,"column":13},"end":{"line":116,"column":13}},"type":"binary-expr","locations":[{"start":{"line":112,"column":13},"end":{"line":112,"column":21}},{"start":{"line":113,"column":14},"end":{"line":115,"column":21}}],"line":112}},"s":{"0":6,"1":6,"2":157,"3":157,"4":157,"5":157,"6":157,"7":157,"8":157,"9":6,"10":6},"f":{"0":157,"1":5},"b":{"0":[157,47],"1":[157,57],"2":[1,156],"3":[49,108],"4":[157,22],"5":[1,156],"6":[157,132,26],"7":[26,25],"8":[26,1]},"_coverageSchema":"1a1c01bbd47fc00a2c39e90264f33305004495a9","hash":"c367fc7988533d089b788bec2e30e869710f1bf7"}
,"/Users/alaneicker/Desktop/atomik-ui/src/components/hint/Hint.js": {"path":"/Users/alaneicker/Desktop/atomik-ui/src/components/hint/Hint.js","statementMap":{"0":{"start":{"line":5,"column":13},"end":{"line":16,"column":1}},"1":{"start":{"line":6,"column":2},"end":{"line":15,"column":4}},"2":{"start":{"line":18,"column":0},"end":{"line":25,"column":2}},"3":{"start":{"line":27,"column":0},"end":{"line":31,"column":2}}},"fnMap":{"0":{"name":"(anonymous_0)","decl":{"start":{"line":5,"column":13},"end":{"line":5,"column":14}},"loc":{"start":{"line":5,"column":59},"end":{"line":16,"column":1}},"line":5}},"branchMap":{},"s":{"0":14,"1":42,"2":14,"3":14},"f":{"0":42},"b":{},"_coverageSchema":"1a1c01bbd47fc00a2c39e90264f33305004495a9","hash":"74b225c7129ec84ddc6b2f3366679f8b8b2f77ca"}
,"/Users/alaneicker/Desktop/atomik-ui/src/components/jumbotron/Jumbotron.js": {"path":"/Users/alaneicker/Desktop/atomik-ui/src/components/jumbotron/Jumbotron.js","statementMap":{"0":{"start":{"line":5,"column":18},"end":{"line":16,"column":1}},"1":{"start":{"line":6,"column":2},"end":{"line":15,"column":4}},"2":{"start":{"line":18,"column":0},"end":{"line":38,"column":2}},"3":{"start":{"line":40,"column":0},"end":{"line":44,"column":2}}},"fnMap":{"0":{"name":"(anonymous_0)","decl":{"start":{"line":5,"column":18},"end":{"line":5,"column":19}},"loc":{"start":{"line":5,"column":65},"end":{"line":16,"column":1}},"line":5}},"branchMap":{},"s":{"0":1,"1":25,"2":1,"3":1},"f":{"0":25},"b":{},"_coverageSchema":"1a1c01bbd47fc00a2c39e90264f33305004495a9","hash":"103bceae75dedfff3ec5d796ac71a05bcd995651"}
,"/Users/alaneicker/Desktop/atomik-ui/src/components/label/Label.js": {"path":"/Users/alaneicker/Desktop/atomik-ui/src/components/label/Label.js","statementMap":{"0":{"start":{"line":5,"column":14},"end":{"line":11,"column":1}},"1":{"start":{"line":6,"column":2},"end":{"line":10,"column":4}},"2":{"start":{"line":13,"column":0},"end":{"line":18,"column":2}},"3":{"start":{"line":20,"column":0},"end":{"line":23,"column":2}}},"fnMap":{"0":{"name":"(anonymous_0)","decl":{"start":{"line":5,"column":14},"end":{"line":5,"column":15}},"loc":{"start":{"line":5,"column":54},"end":{"line":11,"column":1}},"line":5}},"branchMap":{},"s":{"0":13,"1":96,"2":13,"3":13},"f":{"0":96},"b":{},"_coverageSchema":"1a1c01bbd47fc00a2c39e90264f33305004495a9","hash":"e206297420ff4a840740489633c86da80e5cdeb3"}
,"/Users/alaneicker/Desktop/atomik-ui/src/components/link/Link.js": {"path":"/Users/alaneicker/Desktop/atomik-ui/src/components/link/Link.js","statementMap":{"0":{"start":{"line":5,"column":13},"end":{"line":27,"column":1}},"1":{"start":{"line":14,"column":2},"end":{"line":26,"column":4}},"2":{"start":{"line":29,"column":0},"end":{"line":42,"column":2}},"3":{"start":{"line":44,"column":0},"end":{"line":51,"column":2}}},"fnMap":{"0":{"name":"(anonymous_0)","decl":{"start":{"line":5,"column":13},"end":{"line":5,"column":14}},"loc":{"start":{"line":13,"column":6},"end":{"line":27,"column":1}},"line":13}},"branchMap":{"0":{"loc":{"start":{"line":21,"column":11},"end":{"line":21,"column":61}},"type":"cond-expr","locations":[{"start":{"line":21,"column":33},"end":{"line":21,"column":54}},{"start":{"line":21,"column":57},"end":{"line":21,"column":61}}],"line":21}},"s":{"0":8,"1":50,"2":8,"3":8},"f":{"0":50},"b":{"0":[4,46]},"_coverageSchema":"1a1c01bbd47fc00a2c39e90264f33305004495a9","hash":"51f02e8b6d40a9ad3452b1962b10a6d4cbf80e91"}
,"/Users/alaneicker/Desktop/atomik-ui/src/components/list/List.js": {"path":"/Users/alaneicker/Desktop/atomik-ui/src/components/list/List.js","statementMap":{"0":{"start":{"line":5,"column":13},"end":{"line":26,"column":1}},"1":{"start":{"line":6,"column":13},"end":{"line":6,"column":45}},"2":{"start":{"line":7,"column":17},"end":{"line":7,"column":32}},"3":{"start":{"line":8,"column":18},"end":{"line":8,"column":43}},"4":{"start":{"line":10,"column":2},"end":{"line":25,"column":4}},"5":{"start":{"line":21,"column":10},"end":{"line":21,"column":49}},"6":{"start":{"line":28,"column":0},"end":{"line":45,"column":2}},"7":{"start":{"line":47,"column":0},"end":{"line":53,"column":2}}},"fnMap":{"0":{"name":"(anonymous_0)","decl":{"start":{"line":5,"column":13},"end":{"line":5,"column":14}},"loc":{"start":{"line":5,"column":73},"end":{"line":26,"column":1}},"line":5},"1":{"name":"(anonymous_1)","decl":{"start":{"line":20,"column":32},"end":{"line":20,"column":33}},"loc":{"start":{"line":20,"column":43},"end":{"line":22,"column":9}},"line":20}},"branchMap":{"0":{"loc":{"start":{"line":6,"column":13},"end":{"line":6,"column":45}},"type":"cond-expr","locations":[{"start":{"line":6,"column":34},"end":{"line":6,"column":38}},{"start":{"line":6,"column":41},"end":{"line":6,"column":45}}],"line":6},"1":{"loc":{"start":{"line":8,"column":18},"end":{"line":8,"column":43}},"type":"cond-expr","locations":[{"start":{"line":8,"column":27},"end":{"line":8,"column":32}},{"start":{"line":8,"column":35},"end":{"line":8,"column":43}}],"line":8}},"s":{"0":8,"1":43,"2":43,"3":43,"4":43,"5":145,"6":8,"7":8},"f":{"0":43,"1":145},"b":{"0":[2,41],"1":[1,42]},"_coverageSchema":"1a1c01bbd47fc00a2c39e90264f33305004495a9","hash":"47a5cfa525f93c8e188d1458f0b6f50e4c2d89de"}
,"/Users/alaneicker/Desktop/atomik-ui/src/components/list/ListItem.js": {"path":"/Users/alaneicker/Desktop/atomik-ui/src/components/list/ListItem.js","statementMap":{"0":{"start":{"line":5,"column":17},"end":{"line":16,"column":1}},"1":{"start":{"line":6,"column":2},"end":{"line":15,"column":4}},"2":{"start":{"line":18,"column":0},"end":{"line":25,"column":2}},"3":{"start":{"line":27,"column":0},"end":{"line":31,"column":2}}},"fnMap":{"0":{"name":"(anonymous_0)","decl":{"start":{"line":5,"column":17},"end":{"line":5,"column":18}},"loc":{"start":{"line":5,"column":65},"end":{"line":16,"column":1}},"line":5}},"branchMap":{},"s":{"0":9,"1":83,"2":9,"3":9},"f":{"0":83},"b":{},"_coverageSchema":"1a1c01bbd47fc00a2c39e90264f33305004495a9","hash":"36ddc8f070a9e34dd0c31a42a235495361e558c3"}
,"/Users/alaneicker/Desktop/atomik-ui/src/components/media/Media.js": {"path":"/Users/alaneicker/Desktop/atomik-ui/src/components/media/Media.js","statementMap":{"0":{"start":{"line":5,"column":14},"end":{"line":29,"column":1}},"1":{"start":{"line":15,"column":2},"end":{"line":28,"column":4}},"2":{"start":{"line":31,"column":0},"end":{"line":46,"column":2}},"3":{"start":{"line":48,"column":0},"end":{"line":56,"column":2}}},"fnMap":{"0":{"name":"(anonymous_0)","decl":{"start":{"line":5,"column":14},"end":{"line":5,"column":15}},"loc":{"start":{"line":14,"column":6},"end":{"line":29,"column":1}},"line":14}},"branchMap":{"0":{"loc":{"start":{"line":26,"column":7},"end":{"line":26,"column":67}},"type":"binary-expr","locations":[{"start":{"line":26,"column":7},"end":{"line":26,"column":13}},{"start":{"line":26,"column":17},"end":{"line":26,"column":67}}],"line":26}},"s":{"0":1,"1":1,"2":1,"3":1},"f":{"0":1},"b":{"0":[1,1]},"_coverageSchema":"1a1c01bbd47fc00a2c39e90264f33305004495a9","hash":"24a13fbc179c515c202730d58387ae2e77e53702"}
,"/Users/alaneicker/Desktop/atomik-ui/src/components/modal/Modal.js": {"path":"/Users/alaneicker/Desktop/atomik-ui/src/components/modal/Modal.js","statementMap":{"0":{"start":{"line":10,"column":14},"end":{"line":85,"column":1}},"1":{"start":{"line":24,"column":36},"end":{"line":24,"column":50}},"2":{"start":{"line":25,"column":19},"end":{"line":25,"column":27}},"3":{"start":{"line":27,"column":24},"end":{"line":31,"column":3}},"4":{"start":{"line":28,"column":4},"end":{"line":30,"column":5}},"5":{"start":{"line":29,"column":6},"end":{"line":29,"column":16}},"6":{"start":{"line":33,"column":2},"end":{"line":46,"column":47}},"7":{"start":{"line":34,"column":4},"end":{"line":45,"column":5}},"8":{"start":{"line":35,"column":6},"end":{"line":44,"column":8}},"9":{"start":{"line":38,"column":12},"end":{"line":38,"column":53}},"10":{"start":{"line":48,"column":2},"end":{"line":52,"column":26}},"11":{"start":{"line":49,"column":4},"end":{"line":51,"column":5}},"12":{"start":{"line":50,"column":6},"end":{"line":50,"column":54}},"13":{"start":{"line":54,"column":2},"end":{"line":84,"column":11}},"14":{"start":{"line":87,"column":0},"end":{"line":110,"column":2}},"15":{"start":{"line":112,"column":0},"end":{"line":124,"column":2}}},"fnMap":{"0":{"name":"(anonymous_0)","decl":{"start":{"line":10,"column":14},"end":{"line":10,"column":15}},"loc":{"start":{"line":23,"column":6},"end":{"line":85,"column":1}},"line":23},"1":{"name":"(anonymous_1)","decl":{"start":{"line":27,"column":24},"end":{"line":27,"column":25}},"loc":{"start":{"line":27,"column":31},"end":{"line":31,"column":3}},"line":27},"2":{"name":"(anonymous_2)","decl":{"start":{"line":33,"column":12},"end":{"line":33,"column":13}},"loc":{"start":{"line":33,"column":18},"end":{"line":46,"column":3}},"line":33},"3":{"name":"(anonymous_3)","decl":{"start":{"line":37,"column":29},"end":{"line":37,"column":30}},"loc":{"start":{"line":37,"column":35},"end":{"line":39,"column":11}},"line":37},"4":{"name":"(anonymous_4)","decl":{"start":{"line":48,"column":12},"end":{"line":48,"column":13}},"loc":{"start":{"line":48,"column":18},"end":{"line":52,"column":3}},"line":48},"5":{"name":"(anonymous_5)","decl":{"start":{"line":121,"column":2},"end":{"line":121,"column":3}},"loc":{"start":{"line":121,"column":12},"end":{"line":121,"column":14}},"line":121}},"branchMap":{"0":{"loc":{"start":{"line":28,"column":4},"end":{"line":30,"column":5}},"type":"if","locations":[{"start":{"line":28,"column":4},"end":{"line":30,"column":5}},{"start":{"line":28,"column":4},"end":{"line":30,"column":5}}],"line":28},"1":{"loc":{"start":{"line":34,"column":4},"end":{"line":45,"column":5}},"type":"if","locations":[{"start":{"line":34,"column":4},"end":{"line":45,"column":5}},{"start":{"line":34,"column":4},"end":{"line":45,"column":5}}],"line":34},"2":{"loc":{"start":{"line":38,"column":19},"end":{"line":38,"column":52}},"type":"binary-expr","locations":[{"start":{"line":38,"column":19},"end":{"line":38,"column":39}},{"start":{"line":38,"column":43},"end":{"line":38,"column":52}}],"line":38},"3":{"loc":{"start":{"line":49,"column":4},"end":{"line":51,"column":5}},"type":"if","locations":[{"start":{"line":49,"column":4},"end":{"line":51,"column":5}},{"start":{"line":49,"column":4},"end":{"line":51,"column":5}}],"line":49},"4":{"loc":{"start":{"line":50,"column":16},"end":{"line":50,"column":50}},"type":"cond-expr","locations":[{"start":{"line":50,"column":25},"end":{"line":50,"column":35}},{"start":{"line":50,"column":38},"end":{"line":50,"column":50}}],"line":50},"5":{"loc":{"start":{"line":54,"column":9},"end":{"line":84,"column":10}},"type":"cond-expr","locations":[{"start":{"line":55,"column":4},"end":{"line":83,"column":13}},{"start":{"line":84,"column":6},"end":{"line":84,"column":10}}],"line":54},"6":{"loc":{"start":{"line":62,"column":17},"end":{"line":62,"column":54}},"type":"cond-expr","locations":[{"start":{"line":62,"column":40},"end":{"line":62,"column":47}},{"start":{"line":62,"column":50},"end":{"line":62,"column":54}}],"line":62},"7":{"loc":{"start":{"line":63,"column":19},"end":{"line":63,"column":58}},"type":"cond-expr","locations":[{"start":{"line":63,"column":38},"end":{"line":63,"column":51}},{"start":{"line":63,"column":54},"end":{"line":63,"column":58}}],"line":63},"8":{"loc":{"start":{"line":80,"column":11},"end":{"line":80,"column":75}},"type":"binary-expr","locations":[{"start":{"line":80,"column":11},"end":{"line":80,"column":17}},{"start":{"line":80,"column":21},"end":{"line":80,"column":75}}],"line":80}},"s":{"0":1,"1":19,"2":19,"3":19,"4":1,"5":1,"6":19,"7":9,"8":9,"9":0,"10":19,"11":16,"12":9,"13":19,"14":1,"15":1},"f":{"0":19,"1":1,"2":9,"3":0,"4":16,"5":0},"b":{"0":[1,0],"1":[9,0],"2":[0,0],"3":[9,7],"4":[9,0],"5":[19,0],"6":[15,4],"7":[19,0],"8":[19,19]},"_coverageSchema":"1a1c01bbd47fc00a2c39e90264f33305004495a9","hash":"fef67c57073186da092e4542deb713423531d6ee"}
,"/Users/alaneicker/Desktop/atomik-ui/src/components/overlay/Overlay.js": {"path":"/Users/alaneicker/Desktop/atomik-ui/src/components/overlay/Overlay.js","statementMap":{"0":{"start":{"line":5,"column":16},"end":{"line":44,"column":1}},"1":{"start":{"line":26,"column":2},"end":{"line":43,"column":4}},"2":{"start":{"line":36,"column":8},"end":{"line":40,"column":11}},"3":{"start":{"line":38,"column":12},"end":{"line":38,"column":39}},"4":{"start":{"line":46,"column":0},"end":{"line":59,"column":2}},"5":{"start":{"line":61,"column":0},"end":{"line":68,"column":2}}},"fnMap":{"0":{"name":"(anonymous_0)","decl":{"start":{"line":5,"column":16},"end":{"line":5,"column":17}},"loc":{"start":{"line":13,"column":6},"end":{"line":44,"column":1}},"line":13},"1":{"name":"(anonymous_1)","decl":{"start":{"line":35,"column":30},"end":{"line":35,"column":31}},"loc":{"start":{"line":35,"column":41},"end":{"line":41,"column":7}},"line":35},"2":{"name":"(anonymous_2)","decl":{"start":{"line":37,"column":19},"end":{"line":37,"column":20}},"loc":{"start":{"line":37,"column":26},"end":{"line":39,"column":11}},"line":37}},"branchMap":{},"s":{"0":4,"1":60,"2":60,"3":4,"4":4,"5":4},"f":{"0":60,"1":60,"2":4},"b":{},"_coverageSchema":"1a1c01bbd47fc00a2c39e90264f33305004495a9","hash":"54fd76351243e217cfdf7bb361f531e6f2da56d7"}
,"/Users/alaneicker/Desktop/atomik-ui/src/components/pagination/Pagination.js": {"path":"/Users/alaneicker/Desktop/atomik-ui/src/components/pagination/Pagination.js","statementMap":{"0":{"start":{"line":7,"column":19},"end":{"line":24,"column":1}},"1":{"start":{"line":8,"column":2},"end":{"line":23,"column":4}},"2":{"start":{"line":11,"column":8},"end":{"line":20,"column":10}},"3":{"start":{"line":26,"column":0},"end":{"line":31,"column":2}},"4":{"start":{"line":33,"column":0},"end":{"line":36,"column":2}}},"fnMap":{"0":{"name":"(anonymous_0)","decl":{"start":{"line":7,"column":19},"end":{"line":7,"column":20}},"loc":{"start":{"line":7,"column":59},"end":{"line":24,"column":1}},"line":7},"1":{"name":"(anonymous_1)","decl":{"start":{"line":10,"column":30},"end":{"line":10,"column":31}},"loc":{"start":{"line":10,"column":41},"end":{"line":21,"column":7}},"line":10}},"branchMap":{},"s":{"0":1,"1":2,"2":12,"3":1,"4":1},"f":{"0":2,"1":12},"b":{},"_coverageSchema":"1a1c01bbd47fc00a2c39e90264f33305004495a9","hash":"5a8284f2c9f227993eaf72325f2f89a60088d469"}
,"/Users/alaneicker/Desktop/atomik-ui/src/components/portal/Portal.js": {"path":"/Users/alaneicker/Desktop/atomik-ui/src/components/portal/Portal.js","statementMap":{"0":{"start":{"line":5,"column":15},"end":{"line":7,"column":1}},"1":{"start":{"line":6,"column":2},"end":{"line":6,"column":72}},"2":{"start":{"line":9,"column":0},"end":{"line":16,"column":2}},"3":{"start":{"line":18,"column":0},"end":{"line":22,"column":2}}},"fnMap":{"0":{"name":"(anonymous_0)","decl":{"start":{"line":5,"column":15},"end":{"line":5,"column":16}},"loc":{"start":{"line":5,"column":54},"end":{"line":7,"column":1}},"line":5}},"branchMap":{"0":{"loc":{"start":{"line":6,"column":12},"end":{"line":6,"column":67}},"type":"cond-expr","locations":[{"start":{"line":6,"column":23},"end":{"line":6,"column":31}},{"start":{"line":6,"column":34},"end":{"line":6,"column":67}}],"line":6}},"s":{"0":6,"1":72,"2":6,"3":6},"f":{"0":72},"b":{"0":[0,72]},"_coverageSchema":"1a1c01bbd47fc00a2c39e90264f33305004495a9","hash":"e74db73d44af5ddc088a2a27424f53c01e3ba7b0"}
,"/Users/alaneicker/Desktop/atomik-ui/src/components/post/Post.js": {"path":"/Users/alaneicker/Desktop/atomik-ui/src/components/post/Post.js","statementMap":{"0":{"start":{"line":10,"column":13},"end":{"line":158,"column":1}},"1":{"start":{"line":29,"column":38},"end":{"line":29,"column":60}},"2":{"start":{"line":31,"column":2},"end":{"line":33,"column":19}},"3":{"start":{"line":32,"column":4},"end":{"line":32,"column":27}},"4":{"start":{"line":35,"column":2},"end":{"line":157,"column":4}},"5":{"start":{"line":113,"column":20},"end":{"line":113,"column":47}},"6":{"start":{"line":160,"column":0},"end":{"line":193,"column":2}},"7":{"start":{"line":195,"column":0},"end":{"line":212,"column":2}}},"fnMap":{"0":{"name":"(anonymous_0)","decl":{"start":{"line":10,"column":13},"end":{"line":10,"column":14}},"loc":{"start":{"line":28,"column":6},"end":{"line":158,"column":1}},"line":28},"1":{"name":"(anonymous_1)","decl":{"start":{"line":31,"column":12},"end":{"line":31,"column":13}},"loc":{"start":{"line":31,"column":18},"end":{"line":33,"column":3}},"line":31},"2":{"name":"(anonymous_2)","decl":{"start":{"line":112,"column":27},"end":{"line":112,"column":28}},"loc":{"start":{"line":112,"column":33},"end":{"line":114,"column":19}},"line":112},"3":{"name":"(anonymous_3)","decl":{"start":{"line":206,"column":2},"end":{"line":206,"column":3}},"loc":{"start":{"line":206,"column":14},"end":{"line":206,"column":16}},"line":206},"4":{"name":"(anonymous_4)","decl":{"start":{"line":207,"column":2},"end":{"line":207,"column":3}},"loc":{"start":{"line":207,"column":15},"end":{"line":207,"column":17}},"line":207},"5":{"name":"(anonymous_5)","decl":{"start":{"line":209,"column":2},"end":{"line":209,"column":3}},"loc":{"start":{"line":209,"column":13},"end":{"line":209,"column":15}},"line":209}},"branchMap":{"0":{"loc":{"start":{"line":48,"column":13},"end":{"line":63,"column":13}},"type":"cond-expr","locations":[{"start":{"line":49,"column":14},"end":{"line":60,"column":25}},{"start":{"line":62,"column":14},"end":{"line":62,"column":19}}],"line":48},"1":{"loc":{"start":{"line":64,"column":13},"end":{"line":82,"column":13}},"type":"cond-expr","locations":[{"start":{"line":65,"column":14},"end":{"line":79,"column":25}},{"start":{"line":81,"column":14},"end":{"line":81,"column":19}}],"line":64},"2":{"loc":{"start":{"line":83,"column":13},"end":{"line":102,"column":13}},"type":"cond-expr","locations":[{"start":{"line":84,"column":14},"end":{"line":99,"column":25}},{"start":{"line":101,"column":14},"end":{"line":101,"column":19}}],"line":83},"3":{"loc":{"start":{"line":105,"column":22},"end":{"line":105,"column":64}},"type":"cond-expr","locations":[{"start":{"line":105,"column":35},"end":{"line":105,"column":49}},{"start":{"line":105,"column":52},"end":{"line":105,"column":64}}],"line":105},"4":{"loc":{"start":{"line":122,"column":21},"end":{"line":126,"column":21}},"type":"cond-expr","locations":[{"start":{"line":123,"column":22},"end":{"line":123,"column":411}},{"start":{"line":125,"column":22},"end":{"line":125,"column":564}}],"line":122},"5":{"loc":{"start":{"line":135,"column":7},"end":{"line":155,"column":7}},"type":"binary-expr","locations":[{"start":{"line":135,"column":7},"end":{"line":135,"column":20}},{"start":{"line":136,"column":8},"end":{"line":154,"column":14}}],"line":135},"6":{"loc":{"start":{"line":152,"column":13},"end":{"line":152,"column":63}},"type":"cond-expr","locations":[{"start":{"line":152,"column":31},"end":{"line":152,"column":39}},{"start":{"line":152,"column":42},"end":{"line":152,"column":63}}],"line":152}},"s":{"0":1,"1":8,"2":8,"3":7,"4":8,"5":1,"6":1,"7":1},"f":{"0":8,"1":7,"2":1,"3":0,"4":0,"5":0},"b":{"0":[8,0],"1":[8,0],"2":[8,0],"3":[1,7],"4":[1,7],"5":[8,8],"6":[7,1]},"_coverageSchema":"1a1c01bbd47fc00a2c39e90264f33305004495a9","hash":"fbe2feae26b2f563b3f03b7a4ff246b9dae5e920"}
,"/Users/alaneicker/Desktop/atomik-ui/src/components/price/Price.js": {"path":"/Users/alaneicker/Desktop/atomik-ui/src/components/price/Price.js","statementMap":{"0":{"start":{"line":5,"column":14},"end":{"line":27,"column":1}},"1":{"start":{"line":14,"column":2},"end":{"line":26,"column":4}},"2":{"start":{"line":29,"column":0},"end":{"line":42,"column":2}},"3":{"start":{"line":44,"column":0},"end":{"line":51,"column":2}}},"fnMap":{"0":{"name":"(anonymous_0)","decl":{"start":{"line":5,"column":14},"end":{"line":5,"column":15}},"loc":{"start":{"line":13,"column":6},"end":{"line":27,"column":1}},"line":13}},"branchMap":{},"s":{"0":1,"1":3,"2":1,"3":1},"f":{"0":3},"b":{},"_coverageSchema":"1a1c01bbd47fc00a2c39e90264f33305004495a9","hash":"9dc32cd57f2c8045295505f50a7014d1f2e4ce9a"}
[...]
,"/Users/alaneicker/Desktop/atomik-ui/src/components/toaster/Toast.js": {"path":"/Users/alaneicker/Desktop/atomik-ui/src/components/toaster/Toast.js","statementMap":{"0":{"start":{"line":7,"column":14},"end":{"line":43,"column":1}},"1":{"start":{"line":8,"column":19},"end":{"line":8,"column":27}},"2":{"start":{"line":10,"column":21},"end":{"line":18,"column":4}},"3":{"start":{"line":20,"column":2},"end":{"line":20,"column":28}},"4":{"start":{"line":22,"column":2},"end":{"line":34,"column":9}},"5":{"start":{"line":23,"column":4},"end":{"line":31,"column":5}},"6":{"start":{"line":24,"column":20},"end":{"line":26,"column":18}},"7":{"start":{"line":25,"column":8},"end":{"line":25,"column":34}},"8":{"start":{"line":28,"column":6},"end":{"line":30,"column":8}},"9":{"start":{"line":29,"column":8},"end":{"line":29,"column":35}},"10":{"start":{"line":33,"column":4},"end":{"line":33,"column":21}},"11":{"start":{"line":36,"column":2},"end":{"line":42,"column":4}},"12":{"start":{"line":45,"column":0},"end":{"line":56,"column":2}},"13":{"start":{"line":58,"column":0},"end":{"line":64,"column":2}}},"fnMap":{"0":{"name":"(anonymous_0)","decl":{"start":{"line":7,"column":14},"end":{"line":7,"column":15}},"loc":{"start":{"line":7,"column":78},"end":{"line":43,"column":1}},"line":7},"1":{"name":"(anonymous_1)","decl":{"start":{"line":22,"column":12},"end":{"line":22,"column":13}},"loc":{"start":{"line":22,"column":18},"end":{"line":34,"column":3}},"line":22},"2":{"name":"(anonymous_2)","decl":{"start":{"line":24,"column":31},"end":{"line":24,"column":32}},"loc":{"start":{"line":24,"column":37},"end":{"line":26,"column":7}},"line":24},"3":{"name":"(anonymous_3)","decl":{"start":{"line":28,"column":13},"end":{"line":28,"column":14}},"loc":{"start":{"line":28,"column":19},"end":{"line":30,"column":7}},"line":28},"4":{"name":"(anonymous_4)","decl":{"start":{"line":62,"column":2},"end":{"line":62,"column":3}},"loc":{"start":{"line":62,"column":11},"end":{"line":62,"column":13}},"line":62}},"branchMap":{"0":{"loc":{"start":{"line":23,"column":4},"end":{"line":31,"column":5}},"type":"if","locations":[{"start":{"line":23,"column":4},"end":{"line":31,"column":5}},{"start":{"line":23,"column":4},"end":{"line":31,"column":5}}],"line":23}},"s":{"0":3,"1":5,"2":5,"3":5,"4":5,"5":3,"6":3,"7":0,"8":3,"9":1,"10":0,"11":5,"12":3,"13":3},"f":{"0":5,"1":3,"2":0,"3":1,"4":0},"b":{"0":[3,0]},"_coverageSchema":"1a1c01bbd47fc00a2c39e90264f33305004495a9","hash":"c56087b0190daaa7b10e8f93507ba2a23259120d"}
,"/Users/alaneicker/Desktop/atomik-ui/src/components/toaster/Toaster.js": {"path":"/Users/alaneicker/Desktop/atomik-ui/src/components/toaster/Toaster.js","statementMap":{"0":{"start":{"line":5,"column":16},"end":{"line":16,"column":1}},"1":{"start":{"line":6,"column":2},"end":{"line":15,"column":4}},"2":{"start":{"line":18,"column":0},"end":{"line":31,"column":2}},"3":{"start":{"line":33,"column":0},"end":{"line":37,"column":2}}},"fnMap":{"0":{"name":"(anonymous_0)","decl":{"start":{"line":5,"column":16},"end":{"line":5,"column":17}},"loc":{"start":{"line":5,"column":66},"end":{"line":16,"column":1}},"line":5}},"branchMap":{},"s":{"0":3,"1":10,"2":3,"3":3},"f":{"0":10},"b":{},"_coverageSchema":"1a1c01bbd47fc00a2c39e90264f33305004495a9","hash":"20265c9ec78fa3dc223f0690f4dadef3ef09db74"}
,"/Users/alaneicker/Desktop/atomik-ui/src/components/toaster/WithToastProvider.js": {"path":"/Users/alaneicker/Desktop/atomik-ui/src/components/toaster/WithToastProvider.js","statementMap":{"0":{"start":{"line":8,"column":26},"end":{"line":58,"column":1}},"1":{"start":{"line":9,"column":28},"end":{"line":55,"column":3}},"2":{"start":{"line":10,"column":32},"end":{"line":10,"column":44}},"3":{"start":{"line":12,"column":16},"end":{"line":16,"column":5}},"4":{"start":{"line":13,"column":17},"end":{"line":13,"column":35}},"5":{"start":{"line":15,"column":6},"end":{"line":15,"column":52}},"6":{"start":{"line":18,"column":19},"end":{"line":24,"column":5}},"7":{"start":{"line":19,"column":6},"end":{"line":23,"column":8}},"8":{"start":{"line":21,"column":10},"end":{"line":21,"column":33}},"9":{"start":{"line":26,"column":26},"end":{"line":28,"column":16}},"10":{"start":{"line":27,"column":6},"end":{"line":27,"column":29}},"11":{"start":{"line":30,"column":35},"end":{"line":30,"column":40}},"12":{"start":{"line":32,"column":4},"end":{"line":54,"column":6}},"13":{"start":{"line":38,"column":14},"end":{"line":49,"column":16}},"14":{"start":{"line":44,"column":20},"end":{"line":44,"column":38}},"15":{"start":{"line":57,"column":2},"end":{"line":57,"column":27}}},"fnMap":{"0":{"name":"(anonymous_0)","decl":{"start":{"line":8,"column":26},"end":{"line":8,"column":27}},"loc":{"start":{"line":8,"column":41},"end":{"line":58,"column":1}},"line":8},"1":{"name":"(anonymous_1)","decl":{"start":{"line":9,"column":28},"end":{"line":9,"column":29}},"loc":{"start":{"line":9,"column":39},"end":{"line":55,"column":3}},"line":9},"2":{"name":"(anonymous_2)","decl":{"start":{"line":12,"column":16},"end":{"line":12,"column":17}},"loc":{"start":{"line":12,"column":35},"end":{"line":16,"column":5}},"line":12},"3":{"name":"(anonymous_3)","decl":{"start":{"line":18,"column":19},"end":{"line":18,"column":20}},"loc":{"start":{"line":18,"column":27},"end":{"line":24,"column":5}},"line":18},"4":{"name":"(anonymous_4)","decl":{"start":{"line":20,"column":22},"end":{"line":20,"column":23}},"loc":{"start":{"line":20,"column":33},"end":{"line":22,"column":9}},"line":20},"5":{"name":"(anonymous_5)","decl":{"start":{"line":26,"column":34},"end":{"line":26,"column":35}},"loc":{"start":{"line":26,"column":40},"end":{"line":28,"column":5}},"line":26},"6":{"name":"(anonymous_6)","decl":{"start":{"line":37,"column":24},"end":{"line":37,"column":25}},"loc":{"start":{"line":37,"column":54},"end":{"line":50,"column":13}},"line":37},"7":{"name":"(anonymous_7)","decl":{"start":{"line":43,"column":26},"end":{"line":43,"column":27}},"loc":{"start":{"line":43,"column":32},"end":{"line":45,"column":19}},"line":43}},"branchMap":{},"s":{"0":2,"1":2,"2":7,"3":7,"4":3,"5":3,"6":7,"7":1,"8":1,"9":7,"10":7,"11":7,"12":7,"13":3,"14":1,"15":2},"f":{"0":2,"1":7,"2":3,"3":1,"4":1,"5":7,"6":3,"7":1},"b":{},"_coverageSchema":"1a1c01bbd47fc00a2c39e90264f33305004495a9","hash":"c8ec7577fc4527c0563235792349535eaac3cd1b"}
,"/Users/alaneicker/Desktop/atomik-ui/src/components/toaster/use-toast.js": {"path":"/Users/alaneicker/Desktop/atomik-ui/src/components/toaster/use-toast.js","statementMap":{"0":{"start":{"line":5,"column":18},"end":{"line":5,"column":42}},"1":{"start":{"line":7,"column":2},"end":{"line":7,"column":54}}},"fnMap":{"0":{"name":"useToast","decl":{"start":{"line":4,"column":9},"end":{"line":4,"column":17}},"loc":{"start":{"line":4,"column":20},"end":{"line":8,"column":1}},"line":4}},"branchMap":{},"s":{"0":7,"1":7},"f":{"0":7},"b":{},"_coverageSchema":"1a1c01bbd47fc00a2c39e90264f33305004495a9","hash":"fa3ba0d9c51286e75e5f4c4681b1f086a5c593d1"}
,"/Users/alaneicker/Desktop/atomik-ui/src/components/tooltip/Tooltip.js": {"path":"/Users/alaneicker/Desktop/atomik-ui/src/components/tooltip/Tooltip.js","statementMap":{"0":{"start":{"line":7,"column":16},"end":{"line":163,"column":1}},"1":{"start":{"line":15,"column":32},"end":{"line":15,"column":46}},"2":{"start":{"line":16,"column":24},"end":{"line":16,"column":38}},"3":{"start":{"line":17,"column":22},"end":{"line":17,"column":63}},"4":{"start":{"line":19,"column":31},"end":{"line":33,"column":3}},"5":{"start":{"line":20,"column":4},"end":{"line":32,"column":6}},"6":{"start":{"line":35,"column":24},"end":{"line":37,"column":3}},"7":{"start":{"line":36,"column":4},"end":{"line":36,"column":28}},"8":{"start":{"line":39,"column":24},"end":{"line":120,"column":3}},"9":{"start":{"line":42,"column":8},"end":{"line":42,"column":9}},"10":{"start":{"line":44,"column":4},"end":{"line":44,"column":45}},"11":{"start":{"line":46,"column":23},"end":{"line":46,"column":62}},"12":{"start":{"line":47,"column":19},"end":{"line":47,"column":53}},"13":{"start":{"line":49,"column":26},"end":{"line":49,"column":39}},"14":{"start":{"line":50,"column":25},"end":{"line":50,"column":37}},"15":{"start":{"line":52,"column":29},"end":{"line":52,"column":39}},"16":{"start":{"line":53,"column":37},"end":{"line":53,"column":54}},"17":{"start":{"line":54,"column":28},"end":{"line":54,"column":37}},"18":{"start":{"line":57,"column":22},"end":{"line":57,"column":60}},"19":{"start":{"line":60,"column":25},"end":{"line":60,"column":62}},"20":{"start":{"line":63,"column":24},"end":{"line":63,"column":61}},"21":{"start":{"line":66,"column":23},"end":{"line":66,"column":61}},"22":{"start":{"line":69,"column":33},"end":{"line":71,"column":8}},"23":{"start":{"line":75,"column":6},"end":{"line":77,"column":68}},"24":{"start":{"line":81,"column":6},"end":{"line":83,"column":69}},"25":{"start":{"line":85,"column":4},"end":{"line":119,"column":5}},"26":{"start":{"line":87,"column":8},"end":{"line":87,"column":54}},"27":{"start":{"line":88,"column":8},"end":{"line":88,"column":44}},"28":{"start":{"line":89,"column":8},"end":{"line":89,"column":14}},"29":{"start":{"line":91,"column":8},"end":{"line":91,"column":54}},"30":{"start":{"line":92,"column":8},"end":{"line":92,"column":43}},"31":{"start":{"line":93,"column":8},"end":{"line":93,"column":14}},"32":{"start":{"line":95,"column":8},"end":{"line":95,"column":44}},"33":{"start":{"line":96,"column":8},"end":{"line":96,"column":57}},"34":{"start":{"line":97,"column":8},"end":{"line":97,"column":14}},"35":{"start":{"line":99,"column":8},"end":{"line":99,"column":44}},"36":{"start":{"line":100,"column":8},"end":{"line":100,"column":54}},"37":{"start":{"line":101,"column":8},"end":{"line":101,"column":14}},"38":{"start":{"line":103,"column":8},"end":{"line":103,"column":44}},"39":{"start":{"line":104,"column":8},"end":{"line":104,"column":54}},"40":{"start":{"line":105,"column":8},"end":{"line":105,"column":14}},"41":{"start":{"line":107,"column":8},"end":{"line":107,"column":41}},"42":{"start":{"line":108,"column":8},"end":{"line":108,"column":57}},"43":{"start":{"line":109,"column":8},"end":{"line":109,"column":14}},"44":{"start":{"line":111,"column":8},"end":{"line":111,"column":41}},"45":{"start":{"line":112,"column":8},"end":{"line":112,"column":54}},"46":{"start":{"line":113,"column":8},"end":{"line":113,"column":14}},"47":{"start":{"line":115,"column":8},"end":{"line":115,"column":41}},"48":{"start":{"line":116,"column":8},"end":{"line":116,"column":54}},"49":{"start":{"line":117,"column":8},"end":{"line":117,"column":14}},"50":{"start":{"line":122,"column":2},"end":{"line":138,"column":16}},"51":{"start":{"line":123,"column":33},"end":{"line":127,"column":5}},"52":{"start":{"line":124,"column":6},"end":{"line":126,"column":7}},"53":{"start":{"line":125,"column":8},"end":{"line":125,"column":25}},"54":{"start":{"line":129,"column":4},"end":{"line":132,"column":5}},"55":{"start":{"line":130,"column":6},"end":{"line":130,"column":55}},"56":{"start":{"line":131,"column":6},"end":{"line":131,"column":63}},"57":{"start":{"line":134,"column":4},"end":{"line":137,"column":6}},"58":{"start":{"line":135,"column":6},"end":{"line":135,"column":58}},"59":{"start":{"line":136,"column":6},"end":{"line":136,"column":66}},"60":{"start":{"line":140,"column":2},"end":{"line":162,"column":4}},"61":{"start":{"line":143,"column":8},"end":{"line":158,"column":11}},"62":{"start":{"line":165,"column":0},"end":{"line":183,"column":2}},"63":{"start":{"line":185,"column":0},"end":{"line":190,"column":2}}},"fnMap":{"0":{"name":"(anonymous_0)","decl":{"start":{"line":7,"column":16},"end":{"line":7,"column":17}},"loc":{"start":{"line":14,"column":6},"end":{"line":163,"column":1}},"line":14},"1":{"name":"(anonymous_1)","decl":{"start":{"line":19,"column":31},"end":{"line":19,"column":32}},"loc":{"start":{"line":19,"column":37},"end":{"line":33,"column":3}},"line":19},"2":{"name":"(anonymous_2)","decl":{"start":{"line":35,"column":24},"end":{"line":35,"column":25}},"loc":{"start":{"line":35,"column":30},"end":{"line":37,"column":3}},"line":35},"3":{"name":"(anonymous_3)","decl":{"start":{"line":39,"column":24},"end":{"line":39,"column":25}},"loc":{"start":{"line":39,"column":37},"end":{"line":120,"column":3}},"line":39},"4":{"name":"(anonymous_4)","decl":{"start":{"line":122,"column":12},"end":{"line":122,"column":13}},"loc":{"start":{"line":122,"column":18},"end":{"line":138,"column":3}},"line":122},"5":{"name":"(anonymous_5)","decl":{"start":{"line":123,"column":33},"end":{"line":123,"column":34}},"loc":{"start":{"line":123,"column":40},"end":{"line":127,"column":5}},"line":123},"6":{"name":"(anonymous_6)","decl":{"start":{"line":134,"column":11},"end":{"line":134,"column":12}},"loc":{"start":{"line":134,"column":17},"end":{"line":137,"column":5}},"line":134},"7":{"name":"(anonymous_7)","decl":{"start":{"line":142,"column":30},"end":{"line":142,"column":31}},"loc":{"start":{"line":142,"column":41},"end":{"line":159,"column":7}},"line":142}},"branchMap":{"0":{"loc":{"start":{"line":75,"column":6},"end":{"line":77,"column":68}},"type":"cond-expr","locations":[{"start":{"line":76,"column":10},"end":{"line":76,"column":68}},{"start":{"line":77,"column":10},"end":{"line":77,"column":68}}],"line":75},"1":{"loc":{"start":{"line":81,"column":6},"end":{"line":83,"column":69}},"type":"cond-expr","locations":[{"start":{"line":82,"column":10},"end":{"line":82,"column":69}},{"start":{"line":83,"column":10},"end":{"line":83,"column":69}}],"line":81},"2":{"loc":{"start":{"line":85,"column":4},"end":{"line":119,"column":5}},"type":"switch","locations":[{"start":{"line":86,"column":6},"end":{"line":89,"column":14}},{"start":{"line":90,"column":6},"end":{"line":93,"column":14}},{"start":{"line":94,"column":6},"end":{"line":97,"column":14}},{"start":{"line":98,"column":6},"end":{"line":101,"column":14}},{"start":{"line":102,"column":6},"end":{"line":105,"column":14}},{"start":{"line":106,"column":6},"end":{"line":109,"column":14}},{"start":{"line":110,"column":6},"end":{"line":113,"column":14}},{"start":{"line":114,"column":6},"end":{"line":117,"column":14}},{"start":{"line":118,"column":6},"end":{"line":118,"column":14}}],"line":85},"3":{"loc":{"start":{"line":124,"column":6},"end":{"line":126,"column":7}},"type":"if","locations":[{"start":{"line":124,"column":6},"end":{"line":126,"column":7}},{"start":{"line":124,"column":6},"end":{"line":126,"column":7}}],"line":124},"4":{"loc":{"start":{"line":129,"column":4},"end":{"line":132,"column":5}},"type":"if","locations":[{"start":{"line":129,"column":4},"end":{"line":132,"column":5}},{"start":{"line":129,"column":4},"end":{"line":132,"column":5}}],"line":129},"5":{"loc":{"start":{"line":129,"column":8},"end":{"line":129,"column":33}},"type":"binary-expr","locations":[{"start":{"line":129,"column":8},"end":{"line":129,"column":15}},{"start":{"line":129,"column":19},"end":{"line":129,"column":33}}],"line":129},"6":{"loc":{"start":{"line":145,"column":14},"end":{"line":150,"column":11}},"type":"binary-expr","locations":[{"start":{"line":145,"column":14},"end":{"line":145,"column":29}},{"start":{"line":145,"column":33},"end":{"line":150,"column":11}}],"line":145},"7":{"loc":{"start":{"line":151,"column":14},"end":{"line":153,"column":11}},"type":"binary-expr","locations":[{"start":{"line":151,"column":14},"end":{"line":151,"column":28}},{"start":{"line":151,"column":32},"end":{"line":153,"column":11}}],"line":151},"8":{"loc":{"start":{"line":154,"column":14},"end":{"line":157,"column":11}},"type":"binary-expr","locations":[{"start":{"line":154,"column":14},"end":{"line":154,"column":21}},{"start":{"line":154,"column":25},"end":{"line":157,"column":11}}],"line":154}},"s":{"0":2,"1":47,"2":47,"3":47,"4":47,"5":10,"6":47,"7":11,"8":47,"9":10,"10":10,"11":10,"12":10,"13":9,"14":9,"15":9,"16":9,"17":9,"18":9,"19":9,"20":9,"21":9,"22":9,"23":9,"24":9,"25":9,"26":1,"27":1,"28":1,"29":1,"30":1,"31":1,"32":1,"33":1,"34":1,"35":1,"36":1,"37":1,"38":1,"39":1,"40":1,"41":2,"42":2,"43":2,"44":1,"45":1,"46":1,"47":1,"48":1,"49":1,"50":47,"51":36,"52":0,"53":0,"54":36,"55":0,"56":0,"57":36,"58":20,"59":20,"60":47,"61":47,"62":2,"63":2},"f":{"0":47,"1":10,"2":11,"3":10,"4":36,"5":0,"6":20,"7":47},"b":{"0":[0,9],"1":[0,9],"2":[1,1,1,1,1,2,1,1,0],"3":[0,0],"4":[0,36],"5":[36,10],"6":[47,47],"7":[47,0],"8":[47,10]},"_coverageSchema":"1a1c01bbd47fc00a2c39e90264f33305004495a9","hash":"3cc141e102e753a9c4da4426fdbd769e54d580f7"}
,"/Users/alaneicker/Desktop/atomik-ui/src/components/truncate/Truncate.js": {"path":"/Users/alaneicker/Desktop/atomik-ui/src/components/truncate/Truncate.js","statementMap":{"0":{"start":{"line":5,"column":17},"end":{"line":30,"column":1}},"1":{"start":{"line":6,"column":25},"end":{"line":6,"column":43}},"2":{"start":{"line":7,"column":26},"end":{"line":9,"column":4}},"3":{"start":{"line":8,"column":4},"end":{"line":8,"column":61}},"4":{"start":{"line":11,"column":40},"end":{"line":11,"column":59}},"5":{"start":{"line":13,"column":24},"end":{"line":15,"column":3}},"6":{"start":{"line":14,"column":4},"end":{"line":14,"column":33}},"7":{"start":{"line":17,"column":2},"end":{"line":29,"column":4}},"8":{"start":{"line":32,"column":0},"end":{"line":41,"column":2}},"9":{"start":{"line":43,"column":0},"end":{"line":48,"column":2}}},"fnMap":{"0":{"name":"(anonymous_0)","decl":{"start":{"line":5,"column":17},"end":{"line":5,"column":18}},"loc":{"start":{"line":5,"column":70},"end":{"line":30,"column":1}},"line":5},"1":{"name":"(anonymous_1)","decl":{"start":{"line":7,"column":35},"end":{"line":7,"column":36}},"loc":{"start":{"line":7,"column":41},"end":{"line":9,"column":3}},"line":7},"2":{"name":"(anonymous_2)","decl":{"start":{"line":13,"column":24},"end":{"line":13,"column":25}},"loc":{"start":{"line":13,"column":30},"end":{"line":15,"column":3}},"line":13}},"branchMap":{"0":{"loc":{"start":{"line":19,"column":7},"end":{"line":19,"column":49}},"type":"cond-expr","locations":[{"start":{"line":19,"column":21},"end":{"line":19,"column":34}},{"start":{"line":19,"column":37},"end":{"line":19,"column":49}}],"line":19},"1":{"loc":{"start":{"line":21,"column":7},"end":{"line":27,"column":7}},"type":"binary-expr","locations":[{"start":{"line":21,"column":7},"end":{"line":21,"column":20}},{"start":{"line":22,"column":8},"end":{"line":26,"column":11}}],"line":21},"2":{"loc":{"start":{"line":24,"column":18},"end":{"line":24,"column":47}},"type":"cond-expr","locations":[{"start":{"line":24,"column":32},"end":{"line":24,"column":38}},{"start":{"line":24,"column":41},"end":{"line":24,"column":47}}],"line":24}},"s":{"0":1,"1":6,"2":6,"3":4,"4":6,"5":6,"6":1,"7":6,"8":1,"9":1},"f":{"0":6,"1":4,"2":1},"b":{"0":[5,1],"1":[6,5],"2":[4,1]},"_coverageSchema":"1a1c01bbd47fc00a2c39e90264f33305004495a9","hash":"8dd24ff1766a3d66b7e5a80b9a78c5012dc08eea"}
}
