{"/Users/alaneicker/Desktop/atomikui-core/src/components/accordion/Accordion.js": {"path":"/Users/alaneicker/Desktop/atomikui-core/src/components/accordion/Accordion.js","statementMap":{"0":{"start":{"line":5,"column":18},"end":{"line":32,"column":1}},"1":{"start":{"line":12,"column":38},"end":{"line":12,"column":52}},"2":{"start":{"line":14,"column":2},"end":{"line":16,"column":9}},"3":{"start":{"line":15,"column":4},"end":{"line":15,"column":31}},"4":{"start":{"line":18,"column":2},"end":{"line":31,"column":4}},"5":{"start":{"line":21,"column":8},"end":{"line":28,"column":11}},"6":{"start":{"line":24,"column":14},"end":{"line":24,"column":58}},"7":{"start":{"line":34,"column":0},"end":{"line":43,"column":2}},"8":{"start":{"line":45,"column":0},"end":{"line":50,"column":2}}},"fnMap":{"0":{"name":"(anonymous_0)","decl":{"start":{"line":5,"column":18},"end":{"line":5,"column":19}},"loc":{"start":{"line":11,"column":6},"end":{"line":32,"column":1}},"line":11},"1":{"name":"(anonymous_1)","decl":{"start":{"line":14,"column":12},"end":{"line":14,"column":13}},"loc":{"start":{"line":14,"column":18},"end":{"line":16,"column":3}},"line":14},"2":{"name":"(anonymous_2)","decl":{"start":{"line":20,"column":30},"end":{"line":20,"column":31}},"loc":{"start":{"line":20,"column":48},"end":{"line":29,"column":7}},"line":20},"3":{"name":"(anonymous_3)","decl":{"start":{"line":23,"column":25},"end":{"line":23,"column":26}},"loc":{"start":{"line":23,"column":37},"end":{"line":25,"column":13}},"line":23}},"branchMap":{"0":{"loc":{"start":{"line":22,"column":14},"end":{"line":27,"column":11}},"type":"binary-expr","locations":[{"start":{"line":22,"column":14},"end":{"line":22,"column":27}},{"start":{"line":22,"column":31},"end":{"line":27,"column":11}}],"line":22},"1":{"loc":{"start":{"line":24,"column":35},"end":{"line":24,"column":56}},"type":"cond-expr","locations":[{"start":{"line":24,"column":44},"end":{"line":24,"column":48}},{"start":{"line":24,"column":51},"end":{"line":24,"column":56}}],"line":24}},"s":{"0":1,"1":5,"2":5,"3":3,"4":5,"5":15,"6":2,"7":1,"8":1},"f":{"0":5,"1":3,"2":15,"3":2},"b":{"0":[15,15],"1":[1,1]},"_coverageSchema":"1a1c01bbd47fc00a2c39e90264f33305004495a9","hash":"de5d5ac176504b3539ded4ecc9fddd30ac85b36c"}
,"/Users/alaneicker/Desktop/atomikui-core/src/components/accordion-item/AccordionItem.js": {"path":"/Users/alaneicker/Desktop/atomikui-core/src/components/accordion-item/AccordionItem.js","statementMap":{"0":{"start":{"line":7,"column":22},"end":{"line":71,"column":1}},"1":{"start":{"line":15,"column":38},"end":{"line":15,"column":56}},"2":{"start":{"line":16,"column":44},"end":{"line":16,"column":59}},"3":{"start":{"line":17,"column":21},"end":{"line":17,"column":29}},"4":{"start":{"line":19,"column":19},"end":{"line":19,"column":37}},"5":{"start":{"line":20,"column":18},"end":{"line":20,"column":36}},"6":{"start":{"line":22,"column":24},"end":{"line":28,"column":3}},"7":{"start":{"line":23,"column":4},"end":{"line":25,"column":5}},"8":{"start":{"line":24,"column":6},"end":{"line":24,"column":37}},"9":{"start":{"line":27,"column":4},"end":{"line":27,"column":38}},"10":{"start":{"line":30,"column":2},"end":{"line":32,"column":5}},"11":{"start":{"line":31,"column":4},"end":{"line":31,"column":61}},"12":{"start":{"line":34,"column":2},"end":{"line":36,"column":17}},"13":{"start":{"line":35,"column":4},"end":{"line":35,"column":28}},"14":{"start":{"line":38,"column":2},"end":{"line":70,"column":4}},"15":{"start":{"line":73,"column":0},"end":{"line":84,"column":2}},"16":{"start":{"line":86,"column":0},"end":{"line":92,"column":2}}},"fnMap":{"0":{"name":"(anonymous_0)","decl":{"start":{"line":7,"column":22},"end":{"line":7,"column":23}},"loc":{"start":{"line":14,"column":6},"end":{"line":71,"column":1}},"line":14},"1":{"name":"(anonymous_1)","decl":{"start":{"line":22,"column":24},"end":{"line":22,"column":25}},"loc":{"start":{"line":22,"column":30},"end":{"line":28,"column":3}},"line":22},"2":{"name":"(anonymous_2)","decl":{"start":{"line":30,"column":12},"end":{"line":30,"column":13}},"loc":{"start":{"line":30,"column":18},"end":{"line":32,"column":3}},"line":30},"3":{"name":"(anonymous_3)","decl":{"start":{"line":34,"column":12},"end":{"line":34,"column":13}},"loc":{"start":{"line":34,"column":18},"end":{"line":36,"column":3}},"line":34}},"branchMap":{"0":{"loc":{"start":{"line":23,"column":4},"end":{"line":25,"column":5}},"type":"if","locations":[{"start":{"line":23,"column":4},"end":{"line":25,"column":5}},{"start":{"line":23,"column":4},"end":{"line":25,"column":5}}],"line":23},"1":{"loc":{"start":{"line":59,"column":18},"end":{"line":59,"column":52}},"type":"cond-expr","locations":[{"start":{"line":59,"column":31},"end":{"line":59,"column":44}},{"start":{"line":59,"column":47},"end":{"line":59,"column":52}}],"line":59}},"s":{"0":2,"1":27,"2":27,"3":27,"4":27,"5":27,"6":27,"7":4,"8":3,"9":1,"10":27,"11":24,"12":27,"13":16,"14":27,"15":2,"16":2},"f":{"0":27,"1":4,"2":24,"3":16},"b":{"0":[3,1],"1":[5,22]},"_coverageSchema":"1a1c01bbd47fc00a2c39e90264f33305004495a9","hash":"35a58f594d31475c86ca0c57a67bb363fff17637"}
,"/Users/alaneicker/Desktop/atomikui-core/src/components/alert/Alert.js": {"path":"/Users/alaneicker/Desktop/atomikui-core/src/components/alert/Alert.js","statementMap":{"0":{"start":{"line":14,"column":14},"end":{"line":70,"column":1}},"1":{"start":{"line":23,"column":16},"end":{"line":29,"column":3}},"2":{"start":{"line":31,"column":2},"end":{"line":69,"column":4}},"3":{"start":{"line":72,"column":0},"end":{"line":85,"column":2}},"4":{"start":{"line":87,"column":0},"end":{"line":95,"column":2}}},"fnMap":{"0":{"name":"(anonymous_0)","decl":{"start":{"line":14,"column":14},"end":{"line":14,"column":15}},"loc":{"start":{"line":22,"column":6},"end":{"line":70,"column":1}},"line":22}},"branchMap":{"0":{"loc":{"start":{"line":38,"column":17},"end":{"line":38,"column":59}},"type":"cond-expr","locations":[{"start":{"line":38,"column":37},"end":{"line":38,"column":48}},{"start":{"line":38,"column":51},"end":{"line":38,"column":59}}],"line":38},"1":{"loc":{"start":{"line":42,"column":7},"end":{"line":49,"column":7}},"type":"binary-expr","locations":[{"start":{"line":42,"column":7},"end":{"line":42,"column":11}},{"start":{"line":43,"column":8},"end":{"line":48,"column":10}}],"line":42},"2":{"loc":{"start":{"line":45,"column":16},"end":{"line":45,"column":50}},"type":"cond-expr","locations":[{"start":{"line":45,"column":25},"end":{"line":45,"column":35}},{"start":{"line":45,"column":38},"end":{"line":45,"column":50}}],"line":45},"3":{"loc":{"start":{"line":47,"column":17},"end":{"line":47,"column":45}},"type":"cond-expr","locations":[{"start":{"line":47,"column":26},"end":{"line":47,"column":35}},{"start":{"line":47,"column":38},"end":{"line":47,"column":45}}],"line":47},"4":{"loc":{"start":{"line":51,"column":7},"end":{"line":67,"column":7}},"type":"binary-expr","locations":[{"start":{"line":51,"column":7},"end":{"line":51,"column":14}},{"start":{"line":52,"column":8},"end":{"line":66,"column":14}}],"line":51},"5":{"loc":{"start":{"line":63,"column":21},"end":{"line":63,"column":49}},"type":"cond-expr","locations":[{"start":{"line":63,"column":30},"end":{"line":63,"column":39}},{"start":{"line":63,"column":42},"end":{"line":63,"column":49}}],"line":63}},"s":{"0":4,"1":16,"2":16,"3":4,"4":4},"f":{"0":16},"b":{"0":[2,14],"1":[16,16],"2":[8,8],"3":[8,8],"4":[16,16],"5":[8,8]},"_coverageSchema":"1a1c01bbd47fc00a2c39e90264f33305004495a9","hash":"19d28b7f8067acf2fd45cceb3079ee1bb0f1359c"}
,"/Users/alaneicker/Desktop/atomikui-core/src/components/auto-complete/AutoComplete.js": {"path":"/Users/alaneicker/Desktop/atomikui-core/src/components/auto-complete/AutoComplete.js","statementMap":{"0":{"start":{"line":7,"column":21},"end":{"line":76,"column":1}},"1":{"start":{"line":9,"column":23},"end":{"line":9,"column":38}},"2":{"start":{"line":11,"column":4},"end":{"line":74,"column":6}},"3":{"start":{"line":14,"column":10},"end":{"line":14,"column":60}},"4":{"start":{"line":17,"column":10},"end":{"line":17,"column":40}},"5":{"start":{"line":32,"column":10},"end":{"line":71,"column":12}},"6":{"start":{"line":42,"column":24},"end":{"line":47,"column":26}},"7":{"start":{"line":50,"column":24},"end":{"line":66,"column":26}},"8":{"start":{"line":78,"column":0},"end":{"line":90,"column":2}},"9":{"start":{"line":92,"column":0},"end":{"line":97,"column":2}}},"fnMap":{"0":{"name":"(anonymous_0)","decl":{"start":{"line":8,"column":2},"end":{"line":8,"column":3}},"loc":{"start":{"line":8,"column":61},"end":{"line":75,"column":3}},"line":8},"1":{"name":"(anonymous_1)","decl":{"start":{"line":13,"column":18},"end":{"line":13,"column":19}},"loc":{"start":{"line":13,"column":33},"end":{"line":15,"column":9}},"line":13},"2":{"name":"(anonymous_2)","decl":{"start":{"line":16,"column":22},"end":{"line":16,"column":23}},"loc":{"start":{"line":16,"column":32},"end":{"line":18,"column":9}},"line":16},"3":{"name":"(anonymous_3)","decl":{"start":{"line":22,"column":9},"end":{"line":22,"column":10}},"loc":{"start":{"line":31,"column":14},"end":{"line":72,"column":9}},"line":31},"4":{"name":"(anonymous_4)","decl":{"start":{"line":41,"column":30},"end":{"line":41,"column":31}},"loc":{"start":{"line":41,"column":40},"end":{"line":48,"column":23}},"line":41},"5":{"name":"(anonymous_5)","decl":{"start":{"line":49,"column":27},"end":{"line":49,"column":28}},"loc":{"start":{"line":49,"column":44},"end":{"line":67,"column":23}},"line":49},"6":{"name":"(anonymous_6)","decl":{"start":{"line":95,"column":2},"end":{"line":95,"column":3}},"loc":{"start":{"line":95,"column":13},"end":{"line":95,"column":15}},"line":95}},"branchMap":{"0":{"loc":{"start":{"line":14,"column":26},"end":{"line":14,"column":58}},"type":"cond-expr","locations":[{"start":{"line":14,"column":38},"end":{"line":14,"column":53}},{"start":{"line":14,"column":56},"end":{"line":14,"column":58}}],"line":14},"1":{"loc":{"start":{"line":17,"column":17},"end":{"line":17,"column":39}},"type":"cond-expr","locations":[{"start":{"line":17,"column":24},"end":{"line":17,"column":34}},{"start":{"line":17,"column":37},"end":{"line":17,"column":39}}],"line":17},"2":{"loc":{"start":{"line":39,"column":17},"end":{"line":68,"column":24}},"type":"cond-expr","locations":[{"start":{"line":40,"column":20},"end":{"line":67,"column":24}},{"start":{"line":68,"column":20},"end":{"line":68,"column":24}}],"line":39},"3":{"loc":{"start":{"line":43,"column":26},"end":{"line":46,"column":63}},"type":"binary-expr","locations":[{"start":{"line":43,"column":26},"end":{"line":43,"column":37}},{"start":{"line":44,"column":26},"end":{"line":46,"column":63}}],"line":43},"4":{"loc":{"start":{"line":53,"column":45},"end":{"line":55,"column":39}},"type":"cond-expr","locations":[{"start":{"line":54,"column":34},"end":{"line":54,"column":67}},{"start":{"line":55,"column":34},"end":{"line":55,"column":39}}],"line":53}},"s":{"0":2,"1":4,"2":4,"3":3,"4":3,"5":10,"6":33,"7":23,"8":2,"9":2},"f":{"0":4,"1":3,"2":3,"3":10,"4":33,"5":23,"6":0},"b":{"0":[2,1],"1":[3,0],"2":[3,7],"3":[33,11],"4":[23,0]},"_coverageSchema":"1a1c01bbd47fc00a2c39e90264f33305004495a9","hash":"d2c28716b87b42136fe39429c81d052f2732b8fe"}
,"/Users/alaneicker/Desktop/atomikui-core/src/components/avatar/Avatar.js": {"path":"/Users/alaneicker/Desktop/atomikui-core/src/components/avatar/Avatar.js","statementMap":{"0":{"start":{"line":5,"column":15},"end":{"line":41,"column":1}},"1":{"start":{"line":19,"column":2},"end":{"line":40,"column":4}},"2":{"start":{"line":43,"column":0},"end":{"line":89,"column":2}},"3":{"start":{"line":91,"column":0},"end":{"line":102,"column":2}}},"fnMap":{"0":{"name":"(anonymous_0)","decl":{"start":{"line":5,"column":15},"end":{"line":5,"column":16}},"loc":{"start":{"line":18,"column":6},"end":{"line":41,"column":1}},"line":18}},"branchMap":{"0":{"loc":{"start":{"line":31,"column":12},"end":{"line":31,"column":50}},"type":"cond-expr","locations":[{"start":{"line":31,"column":27},"end":{"line":31,"column":45}},{"start":{"line":31,"column":48},"end":{"line":31,"column":50}}],"line":31},"1":{"loc":{"start":{"line":35,"column":9},"end":{"line":35,"column":78}},"type":"binary-expr","locations":[{"start":{"line":35,"column":9},"end":{"line":35,"column":12}},{"start":{"line":35,"column":16},"end":{"line":35,"column":78}}],"line":35},"2":{"loc":{"start":{"line":38,"column":7},"end":{"line":38,"column":71}},"type":"binary-expr","locations":[{"start":{"line":38,"column":7},"end":{"line":38,"column":12}},{"start":{"line":38,"column":16},"end":{"line":38,"column":71}}],"line":38}},"s":{"0":3,"1":17,"2":3,"3":3},"f":{"0":17},"b":{"0":[0,17],"1":[17,16],"2":[17,1]},"_coverageSchema":"1a1c01bbd47fc00a2c39e90264f33305004495a9","hash":"9431936ea51810ebcbb904e9d9ec61ccb9b11b9e"}
,"/Users/alaneicker/Desktop/atomikui-core/src/components/badge/Badge.js": {"path":"/Users/alaneicker/Desktop/atomikui-core/src/components/badge/Badge.js","statementMap":{"0":{"start":{"line":5,"column":14},"end":{"line":19,"column":1}},"1":{"start":{"line":6,"column":2},"end":{"line":18,"column":4}},"2":{"start":{"line":21,"column":0},"end":{"line":55,"column":2}},"3":{"start":{"line":57,"column":0},"end":{"line":63,"column":2}}},"fnMap":{"0":{"name":"(anonymous_0)","decl":{"start":{"line":5,"column":14},"end":{"line":5,"column":15}},"loc":{"start":{"line":5,"column":79},"end":{"line":19,"column":1}},"line":5}},"branchMap":{"0":{"loc":{"start":{"line":10,"column":10},"end":{"line":10,"column":48}},"type":"cond-expr","locations":[{"start":{"line":10,"column":25},"end":{"line":10,"column":43}},{"start":{"line":10,"column":46},"end":{"line":10,"column":48}}],"line":10}},"s":{"0":1,"1":5,"2":1,"3":1},"f":{"0":5},"b":{"0":[1,4]},"_coverageSchema":"1a1c01bbd47fc00a2c39e90264f33305004495a9","hash":"19d3cab0596c1379feaa45a852d812a85dacb694"}
,"/Users/alaneicker/Desktop/atomikui-core/src/components/breadcrumb/Breadcrumb.js": {"path":"/Users/alaneicker/Desktop/atomikui-core/src/components/breadcrumb/Breadcrumb.js","statementMap":{"0":{"start":{"line":6,"column":19},"end":{"line":19,"column":1}},"1":{"start":{"line":7,"column":2},"end":{"line":18,"column":4}},"2":{"start":{"line":14,"column":10},"end":{"line":14,"column":57}},"3":{"start":{"line":21,"column":0},"end":{"line":28,"column":2}},"4":{"start":{"line":30,"column":0},"end":{"line":34,"column":2}}},"fnMap":{"0":{"name":"(anonymous_0)","decl":{"start":{"line":6,"column":19},"end":{"line":6,"column":20}},"loc":{"start":{"line":6,"column":66},"end":{"line":19,"column":1}},"line":6},"1":{"name":"(anonymous_1)","decl":{"start":{"line":13,"column":32},"end":{"line":13,"column":33}},"loc":{"start":{"line":13,"column":46},"end":{"line":15,"column":9}},"line":13}},"branchMap":{"0":{"loc":{"start":{"line":8,"column":16},"end":{"line":8,"column":59}},"type":"binary-expr","locations":[{"start":{"line":8,"column":16},"end":{"line":8,"column":21}},{"start":{"line":8,"column":25},"end":{"line":8,"column":59}}],"line":8}},"s":{"0":1,"1":3,"2":9,"3":1,"4":1},"f":{"0":3,"1":9},"b":{"0":[3,3]},"_coverageSchema":"1a1c01bbd47fc00a2c39e90264f33305004495a9","hash":"5725f9a6d0c3ace2355e05f82410c2b7110bef9f"}
,"/Users/alaneicker/Desktop/atomikui-core/src/components/button/Button.js": {"path":"/Users/alaneicker/Desktop/atomikui-core/src/components/button/Button.js","statementMap":{"0":{"start":{"line":5,"column":15},"end":{"line":36,"column":1}},"1":{"start":{"line":18,"column":2},"end":{"line":35,"column":4}},"2":{"start":{"line":38,"column":0},"end":{"line":87,"column":2}},"3":{"start":{"line":89,"column":0},"end":{"line":100,"column":2}}},"fnMap":{"0":{"name":"(anonymous_0)","decl":{"start":{"line":5,"column":15},"end":{"line":5,"column":16}},"loc":{"start":{"line":17,"column":6},"end":{"line":36,"column":1}},"line":17}},"branchMap":{"0":{"loc":{"start":{"line":22,"column":10},"end":{"line":22,"column":48}},"type":"cond-expr","locations":[{"start":{"line":22,"column":25},"end":{"line":22,"column":43}},{"start":{"line":22,"column":46},"end":{"line":22,"column":48}}],"line":22}},"s":{"0":16,"1":131,"2":16,"3":16},"f":{"0":131},"b":{"0":[1,130]},"_coverageSchema":"1a1c01bbd47fc00a2c39e90264f33305004495a9","hash":"f98818049aefcdfdd43b9152e741cd857d0ba046"}
,"/Users/alaneicker/Desktop/atomikui-core/src/components/button-group/ButtonGroup.js": {"path":"/Users/alaneicker/Desktop/atomikui-core/src/components/button-group/ButtonGroup.js","statementMap":{"0":{"start":{"line":8,"column":20},"end":{"line":59,"column":1}},"1":{"start":{"line":22,"column":14},"end":{"line":22,"column":32}},"2":{"start":{"line":23,"column":22},"end":{"line":23,"column":35}},"3":{"start":{"line":24,"column":23},"end":{"line":24,"column":37}},"4":{"start":{"line":26,"column":2},"end":{"line":58,"column":4}},"5":{"start":{"line":61,"column":0},"end":{"line":107,"column":2}},"6":{"start":{"line":109,"column":0},"end":{"line":121,"column":2}}},"fnMap":{"0":{"name":"(anonymous_0)","decl":{"start":{"line":8,"column":20},"end":{"line":8,"column":21}},"loc":{"start":{"line":21,"column":6},"end":{"line":59,"column":1}},"line":21}},"branchMap":{"0":{"loc":{"start":{"line":28,"column":7},"end":{"line":32,"column":7}},"type":"binary-expr","locations":[{"start":{"line":28,"column":7},"end":{"line":28,"column":12}},{"start":{"line":29,"column":8},"end":{"line":31,"column":14}}],"line":28},"1":{"loc":{"start":{"line":36,"column":12},"end":{"line":36,"column":50}},"type":"cond-expr","locations":[{"start":{"line":36,"column":27},"end":{"line":36,"column":45}},{"start":{"line":36,"column":48},"end":{"line":36,"column":50}}],"line":36},"2":{"loc":{"start":{"line":47,"column":7},"end":{"line":56,"column":7}},"type":"binary-expr","locations":[{"start":{"line":47,"column":8},"end":{"line":47,"column":16}},{"start":{"line":47,"column":20},"end":{"line":47,"column":29}},{"start":{"line":48,"column":8},"end":{"line":55,"column":14}}],"line":47},"3":{"loc":{"start":{"line":49,"column":11},"end":{"line":49,"column":63}},"type":"binary-expr","locations":[{"start":{"line":49,"column":11},"end":{"line":49,"column":19}},{"start":{"line":49,"column":23},"end":{"line":49,"column":63}}],"line":49},"4":{"loc":{"start":{"line":50,"column":11},"end":{"line":54,"column":11}},"type":"binary-expr","locations":[{"start":{"line":50,"column":11},"end":{"line":50,"column":19}},{"start":{"line":51,"column":12},"end":{"line":53,"column":19}}],"line":50}},"s":{"0":2,"1":5,"2":5,"3":5,"4":5,"5":2,"6":2},"f":{"0":5},"b":{"0":[5,5],"1":[0,5],"2":[5,4,2],"3":[2,1],"4":[2,1]},"_coverageSchema":"1a1c01bbd47fc00a2c39e90264f33305004495a9","hash":"aa8dca6f3e0d965edb4b308a0818c3e800f69cd0"}
,"/Users/alaneicker/Desktop/atomikui-core/src/components/card/Card.js": {"path":"/Users/alaneicker/Desktop/atomikui-core/src/components/card/Card.js","statementMap":{"0":{"start":{"line":4,"column":13},"end":{"line":12,"column":1}},"1":{"start":{"line":5,"column":2},"end":{"line":11,"column":4}},"2":{"start":{"line":14,"column":0},"end":{"line":23,"column":2}},"3":{"start":{"line":25,"column":0},"end":{"line":30,"column":2}}},"fnMap":{"0":{"name":"(anonymous_0)","decl":{"start":{"line":4,"column":13},"end":{"line":4,"column":14}},"loc":{"start":{"line":4,"column":68},"end":{"line":12,"column":1}},"line":4}},"branchMap":{"0":{"loc":{"start":{"line":7,"column":7},"end":{"line":7,"column":68}},"type":"binary-expr","locations":[{"start":{"line":7,"column":7},"end":{"line":7,"column":12}},{"start":{"line":7,"column":16},"end":{"line":7,"column":68}}],"line":7},"1":{"loc":{"start":{"line":9,"column":7},"end":{"line":9,"column":70}},"type":"binary-expr","locations":[{"start":{"line":9,"column":7},"end":{"line":9,"column":13}},{"start":{"line":9,"column":17},"end":{"line":9,"column":70}}],"line":9}},"s":{"0":1,"1":4,"2":1,"3":1},"f":{"0":4},"b":{"0":[4,4],"1":[4,4]},"_coverageSchema":"1a1c01bbd47fc00a2c39e90264f33305004495a9","hash":"e2d2bc9bbf619b034e0e722589f5c080d5edbd3f"}
,"/Users/alaneicker/Desktop/atomikui-core/src/components/cart/Cart.js": {"path":"/Users/alaneicker/Desktop/atomikui-core/src/components/cart/Cart.js","statementMap":{"0":{"start":{"line":9,"column":13},"end":{"line":66,"column":1}},"1":{"start":{"line":17,"column":19},"end":{"line":19,"column":7}},"2":{"start":{"line":18,"column":4},"end":{"line":18,"column":59}},"3":{"start":{"line":21,"column":2},"end":{"line":65,"column":4}},"4":{"start":{"line":30,"column":12},"end":{"line":40,"column":14}},"5":{"start":{"line":35,"column":20},"end":{"line":35,"column":64}},"6":{"start":{"line":68,"column":0},"end":{"line":86,"column":2}},"7":{"start":{"line":88,"column":0},"end":{"line":94,"column":2}}},"fnMap":{"0":{"name":"(anonymous_0)","decl":{"start":{"line":9,"column":13},"end":{"line":9,"column":14}},"loc":{"start":{"line":16,"column":6},"end":{"line":66,"column":1}},"line":16},"1":{"name":"(anonymous_1)","decl":{"start":{"line":17,"column":32},"end":{"line":17,"column":33}},"loc":{"start":{"line":17,"column":42},"end":{"line":19,"column":3}},"line":17},"2":{"name":"(anonymous_2)","decl":{"start":{"line":29,"column":21},"end":{"line":29,"column":22}},"loc":{"start":{"line":29,"column":39},"end":{"line":41,"column":11}},"line":29},"3":{"name":"(anonymous_3)","decl":{"start":{"line":34,"column":36},"end":{"line":34,"column":37}},"loc":{"start":{"line":34,"column":53},"end":{"line":36,"column":19}},"line":34}},"branchMap":{"0":{"loc":{"start":{"line":18,"column":11},"end":{"line":18,"column":58}},"type":"cond-expr","locations":[{"start":{"line":18,"column":28},"end":{"line":18,"column":54}},{"start":{"line":18,"column":57},"end":{"line":18,"column":58}}],"line":18},"1":{"loc":{"start":{"line":49,"column":9},"end":{"line":56,"column":9}},"type":"binary-expr","locations":[{"start":{"line":49,"column":9},"end":{"line":49,"column":12}},{"start":{"line":50,"column":10},"end":{"line":55,"column":16}}],"line":49}},"s":{"0":1,"1":5,"2":10,"3":5,"4":10,"5":1,"6":1,"7":1},"f":{"0":5,"1":10,"2":10,"3":1},"b":{"0":[10,0],"1":[5,4]},"_coverageSchema":"1a1c01bbd47fc00a2c39e90264f33305004495a9","hash":"cf64eb7d43b2c1acd95ba9e3196627d62bf24b7f"}
,"/Users/alaneicker/Desktop/atomikui-core/src/components/cart-item/CartItem.js": {"path":"/Users/alaneicker/Desktop/atomikui-core/src/components/cart-item/CartItem.js","statementMap":{"0":{"start":{"line":7,"column":17},"end":{"line":72,"column":1}},"1":{"start":{"line":16,"column":28},"end":{"line":16,"column":54}},"2":{"start":{"line":17,"column":42},"end":{"line":17,"column":60}},"3":{"start":{"line":19,"column":31},"end":{"line":23,"column":3}},"4":{"start":{"line":20,"column":4},"end":{"line":20,"column":33}},"5":{"start":{"line":21,"column":4},"end":{"line":21,"column":34}},"6":{"start":{"line":22,"column":4},"end":{"line":22,"column":35}},"7":{"start":{"line":25,"column":24},"end":{"line":25,"column":51}},"8":{"start":{"line":27,"column":2},"end":{"line":71,"column":4}},"9":{"start":{"line":50,"column":16},"end":{"line":50,"column":61}},"10":{"start":{"line":74,"column":0},"end":{"line":87,"column":2}},"11":{"start":{"line":89,"column":0},"end":{"line":96,"column":2}}},"fnMap":{"0":{"name":"(anonymous_0)","decl":{"start":{"line":7,"column":17},"end":{"line":7,"column":18}},"loc":{"start":{"line":15,"column":6},"end":{"line":72,"column":1}},"line":15},"1":{"name":"(anonymous_1)","decl":{"start":{"line":19,"column":31},"end":{"line":19,"column":32}},"loc":{"start":{"line":19,"column":48},"end":{"line":23,"column":3}},"line":19},"2":{"name":"(anonymous_2)","decl":{"start":{"line":49,"column":24},"end":{"line":49,"column":25}},"loc":{"start":{"line":49,"column":31},"end":{"line":51,"column":15}},"line":49}},"branchMap":{},"s":{"0":2,"1":15,"2":15,"3":15,"4":2,"5":2,"6":2,"7":15,"8":15,"9":2,"10":2,"11":2},"f":{"0":15,"1":2,"2":2},"b":{},"_coverageSchema":"1a1c01bbd47fc00a2c39e90264f33305004495a9","hash":"2052346409adbc9ae6b5367160787ebf91d93fb6"}
,"/Users/alaneicker/Desktop/atomikui-core/src/components/chat-message/ChatMessage.js": {"path":"/Users/alaneicker/Desktop/atomikui-core/src/components/chat-message/ChatMessage.js","statementMap":{"0":{"start":{"line":5,"column":20},"end":{"line":22,"column":1}},"1":{"start":{"line":6,"column":2},"end":{"line":21,"column":4}},"2":{"start":{"line":24,"column":0},"end":{"line":28,"column":2}},"3":{"start":{"line":30,"column":0},"end":{"line":34,"column":2}}},"fnMap":{"0":{"name":"(anonymous_0)","decl":{"start":{"line":5,"column":20},"end":{"line":5,"column":21}},"loc":{"start":{"line":5,"column":64},"end":{"line":22,"column":1}},"line":5}},"branchMap":{"0":{"loc":{"start":{"line":12,"column":7},"end":{"line":16,"column":7}},"type":"binary-expr","locations":[{"start":{"line":12,"column":7},"end":{"line":12,"column":20}},{"start":{"line":13,"column":8},"end":{"line":15,"column":14}}],"line":12}},"s":{"0":2,"1":3,"2":2,"3":2},"f":{"0":3},"b":{"0":[3,3]},"_coverageSchema":"1a1c01bbd47fc00a2c39e90264f33305004495a9","hash":"f37559a5de011fa045d5330f4622606fdcf41cea"}
,"/Users/alaneicker/Desktop/atomikui-core/src/components/chat-window/ChatWindow.js": {"path":"/Users/alaneicker/Desktop/atomikui-core/src/components/chat-window/ChatWindow.js","statementMap":{"0":{"start":{"line":11,"column":19},"end":{"line":163,"column":1}},"1":{"start":{"line":22,"column":24},"end":{"line":22,"column":32}},"2":{"start":{"line":23,"column":28},"end":{"line":23,"column":36}},"3":{"start":{"line":24,"column":23},"end":{"line":24,"column":31}},"4":{"start":{"line":26,"column":32},"end":{"line":26,"column":44}},"5":{"start":{"line":27,"column":36},"end":{"line":27,"column":50}},"6":{"start":{"line":29,"column":23},"end":{"line":31,"column":3}},"7":{"start":{"line":30,"column":4},"end":{"line":30,"column":31}},"8":{"start":{"line":33,"column":23},"end":{"line":36,"column":3}},"9":{"start":{"line":34,"column":4},"end":{"line":34,"column":49}},"10":{"start":{"line":35,"column":4},"end":{"line":35,"column":19}},"11":{"start":{"line":38,"column":24},"end":{"line":45,"column":3}},"12":{"start":{"line":39,"column":4},"end":{"line":44,"column":5}},"13":{"start":{"line":40,"column":6},"end":{"line":40,"column":25}},"14":{"start":{"line":41,"column":6},"end":{"line":43,"column":7}},"15":{"start":{"line":42,"column":8},"end":{"line":42,"column":23}},"16":{"start":{"line":47,"column":38},"end":{"line":50,"column":3}},"17":{"start":{"line":48,"column":27},"end":{"line":48,"column":52}},"18":{"start":{"line":49,"column":4},"end":{"line":49,"column":59}},"19":{"start":{"line":52,"column":25},"end":{"line":56,"column":3}},"20":{"start":{"line":53,"column":22},"end":{"line":53,"column":42}},"21":{"start":{"line":54,"column":4},"end":{"line":54,"column":36}},"22":{"start":{"line":55,"column":4},"end":{"line":55,"column":59}},"23":{"start":{"line":58,"column":2},"end":{"line":65,"column":9}},"24":{"start":{"line":59,"column":4},"end":{"line":64,"column":6}},"25":{"start":{"line":67,"column":2},"end":{"line":75,"column":26}},"26":{"start":{"line":68,"column":4},"end":{"line":68,"column":27}},"27":{"start":{"line":68,"column":20},"end":{"line":68,"column":27}},"28":{"start":{"line":70,"column":4},"end":{"line":74,"column":5}},"29":{"start":{"line":71,"column":6},"end":{"line":71,"column":27}},"30":{"start":{"line":73,"column":6},"end":{"line":73,"column":29}},"31":{"start":{"line":77,"column":2},"end":{"line":79,"column":17}},"32":{"start":{"line":78,"column":4},"end":{"line":78,"column":34}},"33":{"start":{"line":81,"column":2},"end":{"line":83,"column":16}},"34":{"start":{"line":82,"column":4},"end":{"line":82,"column":21}},"35":{"start":{"line":85,"column":2},"end":{"line":162,"column":4}},"36":{"start":{"line":120,"column":12},"end":{"line":120,"column":29}},"37":{"start":{"line":129,"column":10},"end":{"line":135,"column":12}},"38":{"start":{"line":153,"column":12},"end":{"line":153,"column":34}},"39":{"start":{"line":165,"column":0},"end":{"line":195,"column":2}},"40":{"start":{"line":197,"column":0},"end":{"line":206,"column":2}}},"fnMap":{"0":{"name":"(anonymous_0)","decl":{"start":{"line":11,"column":19},"end":{"line":11,"column":20}},"loc":{"start":{"line":21,"column":6},"end":{"line":163,"column":1}},"line":21},"1":{"name":"(anonymous_1)","decl":{"start":{"line":29,"column":23},"end":{"line":29,"column":24}},"loc":{"start":{"line":29,"column":30},"end":{"line":31,"column":3}},"line":29},"2":{"name":"(anonymous_2)","decl":{"start":{"line":33,"column":23},"end":{"line":33,"column":24}},"loc":{"start":{"line":33,"column":29},"end":{"line":36,"column":3}},"line":33},"3":{"name":"(anonymous_3)","decl":{"start":{"line":38,"column":24},"end":{"line":38,"column":25}},"loc":{"start":{"line":38,"column":31},"end":{"line":45,"column":3}},"line":38},"4":{"name":"(anonymous_4)","decl":{"start":{"line":47,"column":38},"end":{"line":47,"column":39}},"loc":{"start":{"line":47,"column":44},"end":{"line":50,"column":3}},"line":47},"5":{"name":"(anonymous_5)","decl":{"start":{"line":52,"column":25},"end":{"line":52,"column":26}},"loc":{"start":{"line":52,"column":31},"end":{"line":56,"column":3}},"line":52},"6":{"name":"(anonymous_6)","decl":{"start":{"line":58,"column":12},"end":{"line":58,"column":13}},"loc":{"start":{"line":58,"column":18},"end":{"line":65,"column":3}},"line":58},"7":{"name":"(anonymous_7)","decl":{"start":{"line":67,"column":12},"end":{"line":67,"column":13}},"loc":{"start":{"line":67,"column":18},"end":{"line":75,"column":3}},"line":67},"8":{"name":"(anonymous_8)","decl":{"start":{"line":77,"column":12},"end":{"line":77,"column":13}},"loc":{"start":{"line":77,"column":18},"end":{"line":79,"column":3}},"line":77},"9":{"name":"(anonymous_9)","decl":{"start":{"line":81,"column":12},"end":{"line":81,"column":13}},"loc":{"start":{"line":81,"column":18},"end":{"line":83,"column":3}},"line":81},"10":{"name":"(anonymous_10)","decl":{"start":{"line":119,"column":19},"end":{"line":119,"column":20}},"loc":{"start":{"line":119,"column":25},"end":{"line":121,"column":11}},"line":119},"11":{"name":"(anonymous_11)","decl":{"start":{"line":128,"column":22},"end":{"line":128,"column":23}},"loc":{"start":{"line":128,"column":52},"end":{"line":136,"column":9}},"line":128},"12":{"name":"(anonymous_12)","decl":{"start":{"line":152,"column":19},"end":{"line":152,"column":20}},"loc":{"start":{"line":152,"column":25},"end":{"line":154,"column":11}},"line":152}},"branchMap":{"0":{"loc":{"start":{"line":39,"column":4},"end":{"line":44,"column":5}},"type":"if","locations":[{"start":{"line":39,"column":4},"end":{"line":44,"column":5}},{"start":{"line":39,"column":4},"end":{"line":44,"column":5}}],"line":39},"1":{"loc":{"start":{"line":41,"column":6},"end":{"line":43,"column":7}},"type":"if","locations":[{"start":{"line":41,"column":6},"end":{"line":43,"column":7}},{"start":{"line":41,"column":6},"end":{"line":43,"column":7}}],"line":41},"2":{"loc":{"start":{"line":68,"column":4},"end":{"line":68,"column":27}},"type":"if","locations":[{"start":{"line":68,"column":4},"end":{"line":68,"column":27}},{"start":{"line":68,"column":4},"end":{"line":68,"column":27}}],"line":68},"3":{"loc":{"start":{"line":70,"column":4},"end":{"line":74,"column":5}},"type":"if","locations":[{"start":{"line":70,"column":4},"end":{"line":74,"column":5}},{"start":{"line":70,"column":4},"end":{"line":74,"column":5}}],"line":70},"4":{"loc":{"start":{"line":95,"column":11},"end":{"line":108,"column":11}},"type":"cond-expr","locations":[{"start":{"line":96,"column":12},"end":{"line":100,"column":14}},{"start":{"line":102,"column":12},"end":{"line":107,"column":14}}],"line":95}},"s":{"0":1,"1":11,"2":11,"3":11,"4":11,"5":11,"6":11,"7":3,"8":11,"9":2,"10":2,"11":11,"12":1,"13":1,"14":1,"15":1,"16":11,"17":0,"18":0,"19":11,"20":0,"21":0,"22":0,"23":11,"24":0,"25":11,"26":0,"27":0,"28":0,"29":0,"30":0,"31":11,"32":0,"33":11,"34":0,"35":11,"36":1,"37":0,"38":1,"39":1,"40":1},"f":{"0":11,"1":3,"2":2,"3":1,"4":0,"5":0,"6":0,"7":0,"8":0,"9":0,"10":1,"11":0,"12":1},"b":{"0":[1,0],"1":[1,0],"2":[0,0],"3":[0,0],"4":[0,11]},"_coverageSchema":"1a1c01bbd47fc00a2c39e90264f33305004495a9","hash":"5921cf04d127b11d8b8dc8efe25421502da17766"}
,"/Users/alaneicker/Desktop/atomikui-core/src/components/check-option/CheckOption.js": {"path":"/Users/alaneicker/Desktop/atomikui-core/src/components/check-option/CheckOption.js","statementMap":{"0":{"start":{"line":10,"column":14},"end":{"line":10,"column":35}},"1":{"start":{"line":12,"column":20},"end":{"line":91,"column":1}},"2":{"start":{"line":35,"column":16},"end":{"line":35,"column":40}},"3":{"start":{"line":36,"column":22},"end":{"line":36,"column":33}},"4":{"start":{"line":37,"column":24},"end":{"line":37,"column":43}},"5":{"start":{"line":38,"column":25},"end":{"line":38,"column":45}},"6":{"start":{"line":39,"column":22},"end":{"line":39,"column":63}},"7":{"start":{"line":41,"column":4},"end":{"line":89,"column":6}},"8":{"start":{"line":93,"column":0},"end":{"line":149,"column":2}},"9":{"start":{"line":151,"column":0},"end":{"line":168,"column":2}}},"fnMap":{"0":{"name":"(anonymous_0)","decl":{"start":{"line":13,"column":2},"end":{"line":13,"column":3}},"loc":{"start":{"line":34,"column":7},"end":{"line":90,"column":3}},"line":34},"1":{"name":"(anonymous_1)","decl":{"start":{"line":162,"column":2},"end":{"line":162,"column":3}},"loc":{"start":{"line":162,"column":13},"end":{"line":162,"column":15}},"line":162}},"branchMap":{"0":{"loc":{"start":{"line":35,"column":16},"end":{"line":35,"column":40}},"type":"binary-expr","locations":[{"start":{"line":35,"column":16},"end":{"line":35,"column":18}},{"start":{"line":35,"column":22},"end":{"line":35,"column":40}}],"line":35},"1":{"loc":{"start":{"line":36,"column":22},"end":{"line":36,"column":33}},"type":"binary-expr","locations":[{"start":{"line":36,"column":22},"end":{"line":36,"column":26}},{"start":{"line":36,"column":30},"end":{"line":36,"column":33}}],"line":36},"2":{"loc":{"start":{"line":39,"column":22},"end":{"line":39,"column":63}},"type":"cond-expr","locations":[{"start":{"line":39,"column":46},"end":{"line":39,"column":56}},{"start":{"line":39,"column":59},"end":{"line":39,"column":63}}],"line":39},"3":{"loc":{"start":{"line":50,"column":14},"end":{"line":50,"column":52}},"type":"cond-expr","locations":[{"start":{"line":50,"column":29},"end":{"line":50,"column":47}},{"start":{"line":50,"column":50},"end":{"line":50,"column":52}}],"line":50},"4":{"loc":{"start":{"line":63,"column":17},"end":{"line":63,"column":39}},"type":"binary-expr","locations":[{"start":{"line":63,"column":17},"end":{"line":63,"column":24}},{"start":{"line":63,"column":28},"end":{"line":63,"column":39}}],"line":63},"5":{"loc":{"start":{"line":64,"column":17},"end":{"line":64,"column":65}},"type":"binary-expr","locations":[{"start":{"line":64,"column":17},"end":{"line":64,"column":31}},{"start":{"line":64,"column":35},"end":{"line":64,"column":43}},{"start":{"line":64,"column":47},"end":{"line":64,"column":65}}],"line":64},"6":{"loc":{"start":{"line":71,"column":29},"end":{"line":71,"column":56}},"type":"binary-expr","locations":[{"start":{"line":71,"column":29},"end":{"line":71,"column":37}},{"start":{"line":71,"column":41},"end":{"line":71,"column":56}}],"line":71},"7":{"loc":{"start":{"line":78,"column":9},"end":{"line":87,"column":9}},"type":"binary-expr","locations":[{"start":{"line":78,"column":10},"end":{"line":78,"column":18}},{"start":{"line":78,"column":22},"end":{"line":78,"column":31}},{"start":{"line":79,"column":10},"end":{"line":86,"column":16}}],"line":78},"8":{"loc":{"start":{"line":80,"column":13},"end":{"line":80,"column":65}},"type":"binary-expr","locations":[{"start":{"line":80,"column":13},"end":{"line":80,"column":21}},{"start":{"line":80,"column":25},"end":{"line":80,"column":65}}],"line":80},"9":{"loc":{"start":{"line":81,"column":13},"end":{"line":85,"column":13}},"type":"binary-expr","locations":[{"start":{"line":81,"column":13},"end":{"line":81,"column":21}},{"start":{"line":82,"column":14},"end":{"line":84,"column":21}}],"line":81}},"s":{"0":2,"1":2,"2":19,"3":19,"4":19,"5":19,"6":19,"7":19,"8":2,"9":2},"f":{"0":19,"1":0},"b":{"0":[19,19],"1":[19,19],"2":[1,18],"3":[1,18],"4":[19,1],"5":[19,1,1],"6":[19,18],"7":[19,18,2],"8":[2,1],"9":[2,1]},"_coverageSchema":"1a1c01bbd47fc00a2c39e90264f33305004495a9","hash":"dced6f3b092ad8fe8454eb086d156964002146c4"}
,"/Users/alaneicker/Desktop/atomikui-core/src/components/collapse/Collapse.js": {"path":"/Users/alaneicker/Desktop/atomikui-core/src/components/collapse/Collapse.js","statementMap":{"0":{"start":{"line":9,"column":17},"end":{"line":69,"column":1}},"1":{"start":{"line":19,"column":26},"end":{"line":19,"column":42}},"2":{"start":{"line":20,"column":44},"end":{"line":20,"column":59}},"3":{"start":{"line":22,"column":13},"end":{"line":22,"column":45}},"4":{"start":{"line":23,"column":22},"end":{"line":23,"column":30}},"5":{"start":{"line":25,"column":2},"end":{"line":27,"column":9}},"6":{"start":{"line":26,"column":4},"end":{"line":26,"column":62}},"7":{"start":{"line":29,"column":2},"end":{"line":31,"column":15}},"8":{"start":{"line":30,"column":4},"end":{"line":30,"column":20}},"9":{"start":{"line":33,"column":2},"end":{"line":68,"column":4}},"10":{"start":{"line":50,"column":14},"end":{"line":50,"column":36}},"11":{"start":{"line":71,"column":0},"end":{"line":86,"column":2}},"12":{"start":{"line":88,"column":0},"end":{"line":96,"column":2}}},"fnMap":{"0":{"name":"(anonymous_0)","decl":{"start":{"line":9,"column":17},"end":{"line":9,"column":18}},"loc":{"start":{"line":18,"column":6},"end":{"line":69,"column":1}},"line":18},"1":{"name":"(anonymous_1)","decl":{"start":{"line":25,"column":12},"end":{"line":25,"column":13}},"loc":{"start":{"line":25,"column":18},"end":{"line":27,"column":3}},"line":25},"2":{"name":"(anonymous_2)","decl":{"start":{"line":29,"column":12},"end":{"line":29,"column":13}},"loc":{"start":{"line":29,"column":18},"end":{"line":31,"column":3}},"line":29},"3":{"name":"(anonymous_3)","decl":{"start":{"line":49,"column":21},"end":{"line":49,"column":22}},"loc":{"start":{"line":49,"column":27},"end":{"line":51,"column":13}},"line":49}},"branchMap":{"0":{"loc":{"start":{"line":35,"column":7},"end":{"line":57,"column":7}},"type":"binary-expr","locations":[{"start":{"line":35,"column":7},"end":{"line":35,"column":17}},{"start":{"line":36,"column":8},"end":{"line":56,"column":14}}],"line":35},"1":{"loc":{"start":{"line":62,"column":18},"end":{"line":62,"column":46}},"type":"cond-expr","locations":[{"start":{"line":62,"column":25},"end":{"line":62,"column":38}},{"start":{"line":62,"column":41},"end":{"line":62,"column":46}}],"line":62}},"s":{"0":1,"1":5,"2":5,"3":5,"4":5,"5":5,"6":3,"7":5,"8":3,"9":5,"10":2,"11":1,"12":1},"f":{"0":5,"1":3,"2":3,"3":2},"b":{"0":[5,5],"1":[1,4]},"_coverageSchema":"1a1c01bbd47fc00a2c39e90264f33305004495a9","hash":"083dad06e4c8f147fe15714dc56f8a07e7219118"}
,"/Users/alaneicker/Desktop/atomikui-core/src/components/comment/Comment.js": {"path":"/Users/alaneicker/Desktop/atomikui-core/src/components/comment/Comment.js","statementMap":{"0":{"start":{"line":8,"column":16},"end":{"line":43,"column":1}},"1":{"start":{"line":19,"column":2},"end":{"line":42,"column":4}},"2":{"start":{"line":45,"column":0},"end":{"line":62,"column":2}},"3":{"start":{"line":64,"column":0},"end":{"line":73,"column":2}}},"fnMap":{"0":{"name":"(anonymous_0)","decl":{"start":{"line":8,"column":16},"end":{"line":8,"column":17}},"loc":{"start":{"line":18,"column":6},"end":{"line":43,"column":1}},"line":18},"1":{"name":"(anonymous_1)","decl":{"start":{"line":71,"column":2},"end":{"line":71,"column":3}},"loc":{"start":{"line":71,"column":12},"end":{"line":71,"column":14}},"line":71}},"branchMap":{"0":{"loc":{"start":{"line":26,"column":11},"end":{"line":26,"column":72}},"type":"cond-expr","locations":[{"start":{"line":26,"column":24},"end":{"line":26,"column":63}},{"start":{"line":26,"column":66},"end":{"line":26,"column":72}}],"line":26},"1":{"loc":{"start":{"line":37,"column":9},"end":{"line":39,"column":9}},"type":"binary-expr","locations":[{"start":{"line":37,"column":9},"end":{"line":37,"column":25}},{"start":{"line":38,"column":10},"end":{"line":38,"column":68}}],"line":37}},"s":{"0":2,"1":12,"2":2,"3":2},"f":{"0":12,"1":0},"b":{"0":[11,1],"1":[12,6]},"_coverageSchema":"1a1c01bbd47fc00a2c39e90264f33305004495a9","hash":"104fe4e843ff553991bdf8098e2e2ba20093c728"}
,"/Users/alaneicker/Desktop/atomikui-core/src/components/date-picker/DatePicker.js": {"path":"/Users/alaneicker/Desktop/atomikui-core/src/components/date-picker/DatePicker.js","statementMap":{"0":{"start":{"line":15,"column":19},"end":{"line":130,"column":1}},"1":{"start":{"line":29,"column":16},"end":{"line":29,"column":50}},"2":{"start":{"line":30,"column":21},"end":{"line":30,"column":29}},"3":{"start":{"line":31,"column":38},"end":{"line":31,"column":52}},"4":{"start":{"line":32,"column":36},"end":{"line":32,"column":79}},"5":{"start":{"line":33,"column":32},"end":{"line":33,"column":47}},"6":{"start":{"line":35,"column":19},"end":{"line":37,"column":5}},"7":{"start":{"line":36,"column":6},"end":{"line":36,"column":23}},"8":{"start":{"line":39,"column":29},"end":{"line":56,"column":5}},"9":{"start":{"line":40,"column":19},"end":{"line":46,"column":19}},"10":{"start":{"line":48,"column":6},"end":{"line":51,"column":7}},"11":{"start":{"line":49,"column":8},"end":{"line":49,"column":23}},"12":{"start":{"line":50,"column":8},"end":{"line":50,"column":15}},"13":{"start":{"line":53,"column":6},"end":{"line":53,"column":24}},"14":{"start":{"line":54,"column":6},"end":{"line":54,"column":21}},"15":{"start":{"line":55,"column":6},"end":{"line":55,"column":23}},"16":{"start":{"line":58,"column":26},"end":{"line":62,"column":5}},"17":{"start":{"line":59,"column":6},"end":{"line":61,"column":7}},"18":{"start":{"line":60,"column":8},"end":{"line":60,"column":17}},"19":{"start":{"line":64,"column":4},"end":{"line":75,"column":19}},"20":{"start":{"line":65,"column":6},"end":{"line":74,"column":8}},"21":{"start":{"line":68,"column":12},"end":{"line":68,"column":24}},"22":{"start":{"line":77,"column":4},"end":{"line":83,"column":28}},"23":{"start":{"line":78,"column":6},"end":{"line":82,"column":7}},"24":{"start":{"line":79,"column":8},"end":{"line":81,"column":16}},"25":{"start":{"line":80,"column":10},"end":{"line":80,"column":58}},"26":{"start":{"line":85,"column":4},"end":{"line":128,"column":6}},"27":{"start":{"line":98,"column":14},"end":{"line":98,"column":54}},"28":{"start":{"line":109,"column":14},"end":{"line":109,"column":40}},"29":{"start":{"line":121,"column":16},"end":{"line":121,"column":49}},"30":{"start":{"line":132,"column":0},"end":{"line":147,"column":2}},"31":{"start":{"line":149,"column":0},"end":{"line":157,"column":2}}},"fnMap":{"0":{"name":"(anonymous_0)","decl":{"start":{"line":16,"column":2},"end":{"line":16,"column":3}},"loc":{"start":{"line":28,"column":7},"end":{"line":129,"column":3}},"line":28},"1":{"name":"(anonymous_1)","decl":{"start":{"line":35,"column":19},"end":{"line":35,"column":20}},"loc":{"start":{"line":35,"column":25},"end":{"line":37,"column":5}},"line":35},"2":{"name":"(anonymous_2)","decl":{"start":{"line":39,"column":29},"end":{"line":39,"column":30}},"loc":{"start":{"line":39,"column":42},"end":{"line":56,"column":5}},"line":39},"3":{"name":"(anonymous_3)","decl":{"start":{"line":58,"column":26},"end":{"line":58,"column":27}},"loc":{"start":{"line":58,"column":33},"end":{"line":62,"column":5}},"line":58},"4":{"name":"(anonymous_4)","decl":{"start":{"line":64,"column":14},"end":{"line":64,"column":15}},"loc":{"start":{"line":64,"column":20},"end":{"line":75,"column":5}},"line":64},"5":{"name":"(anonymous_5)","decl":{"start":{"line":67,"column":29},"end":{"line":67,"column":30}},"loc":{"start":{"line":67,"column":35},"end":{"line":69,"column":11}},"line":67},"6":{"name":"(anonymous_6)","decl":{"start":{"line":77,"column":14},"end":{"line":77,"column":15}},"loc":{"start":{"line":77,"column":20},"end":{"line":83,"column":5}},"line":77},"7":{"name":"(anonymous_7)","decl":{"start":{"line":79,"column":19},"end":{"line":79,"column":20}},"loc":{"start":{"line":79,"column":25},"end":{"line":81,"column":9}},"line":79},"8":{"name":"(anonymous_8)","decl":{"start":{"line":97,"column":20},"end":{"line":97,"column":21}},"loc":{"start":{"line":97,"column":27},"end":{"line":99,"column":13}},"line":97},"9":{"name":"(anonymous_9)","decl":{"start":{"line":108,"column":21},"end":{"line":108,"column":22}},"loc":{"start":{"line":108,"column":27},"end":{"line":110,"column":13}},"line":108},"10":{"name":"(anonymous_10)","decl":{"start":{"line":120,"column":24},"end":{"line":120,"column":25}},"loc":{"start":{"line":120,"column":37},"end":{"line":122,"column":15}},"line":120}},"branchMap":{"0":{"loc":{"start":{"line":32,"column":45},"end":{"line":32,"column":78}},"type":"binary-expr","locations":[{"start":{"line":32,"column":45},"end":{"line":32,"column":64}},{"start":{"line":32,"column":68},"end":{"line":32,"column":78}}],"line":32},"1":{"loc":{"start":{"line":48,"column":6},"end":{"line":51,"column":7}},"type":"if","locations":[{"start":{"line":48,"column":6},"end":{"line":51,"column":7}},{"start":{"line":48,"column":6},"end":{"line":51,"column":7}}],"line":48},"2":{"loc":{"start":{"line":59,"column":6},"end":{"line":61,"column":7}},"type":"if","locations":[{"start":{"line":59,"column":6},"end":{"line":61,"column":7}},{"start":{"line":59,"column":6},"end":{"line":61,"column":7}}],"line":59},"3":{"loc":{"start":{"line":78,"column":6},"end":{"line":82,"column":7}},"type":"if","locations":[{"start":{"line":78,"column":6},"end":{"line":82,"column":7}},{"start":{"line":78,"column":6},"end":{"line":82,"column":7}}],"line":78},"4":{"loc":{"start":{"line":80,"column":20},"end":{"line":80,"column":54}},"type":"cond-expr","locations":[{"start":{"line":80,"column":29},"end":{"line":80,"column":39}},{"start":{"line":80,"column":42},"end":{"line":80,"column":54}}],"line":80},"5":{"loc":{"start":{"line":87,"column":9},"end":{"line":91,"column":9}},"type":"binary-expr","locations":[{"start":{"line":87,"column":9},"end":{"line":87,"column":14}},{"start":{"line":88,"column":10},"end":{"line":90,"column":16}}],"line":87}},"s":{"0":2,"1":24,"2":24,"3":24,"4":24,"5":24,"6":24,"7":1,"8":24,"9":4,"10":4,"11":1,"12":1,"13":3,"14":3,"15":3,"16":24,"17":1,"18":1,"19":24,"20":8,"21":0,"22":24,"23":21,"24":13,"25":0,"26":24,"27":2,"28":3,"29":2,"30":2,"31":2},"f":{"0":24,"1":1,"2":4,"3":1,"4":8,"5":0,"6":21,"7":0,"8":2,"9":3,"10":2},"b":{"0":[24,24],"1":[1,3],"2":[1,0],"3":[13,8],"4":[0,0],"5":[24,24]},"_coverageSchema":"1a1c01bbd47fc00a2c39e90264f33305004495a9","hash":"a5470cefc0a8e21af9d47a5b465a0134dc901baa"}
,"/Users/alaneicker/Desktop/atomikui-core/src/components/drawer/Drawer.js": {"path":"/Users/alaneicker/Desktop/atomikui-core/src/components/drawer/Drawer.js","statementMap":{"0":{"start":{"line":7,"column":15},"end":{"line":74,"column":1}},"1":{"start":{"line":15,"column":14},"end":{"line":15,"column":22}},"2":{"start":{"line":17,"column":36},"end":{"line":17,"column":50}},"3":{"start":{"line":18,"column":30},"end":{"line":18,"column":42}},"4":{"start":{"line":20,"column":24},"end":{"line":24,"column":3}},"5":{"start":{"line":21,"column":4},"end":{"line":23,"column":5}},"6":{"start":{"line":22,"column":6},"end":{"line":22,"column":16}},"7":{"start":{"line":26,"column":2},"end":{"line":37,"column":9}},"8":{"start":{"line":27,"column":4},"end":{"line":36,"column":6}},"9":{"start":{"line":30,"column":10},"end":{"line":30,"column":22}},"10":{"start":{"line":39,"column":2},"end":{"line":55,"column":26}},"11":{"start":{"line":40,"column":4},"end":{"line":48,"column":7}},"12":{"start":{"line":50,"column":4},"end":{"line":54,"column":5}},"13":{"start":{"line":51,"column":6},"end":{"line":53,"column":14}},"14":{"start":{"line":52,"column":8},"end":{"line":52,"column":56}},"15":{"start":{"line":57,"column":2},"end":{"line":73,"column":4}},"16":{"start":{"line":76,"column":0},"end":{"line":87,"column":2}},"17":{"start":{"line":89,"column":0},"end":{"line":95,"column":2}}},"fnMap":{"0":{"name":"(anonymous_0)","decl":{"start":{"line":7,"column":15},"end":{"line":7,"column":16}},"loc":{"start":{"line":14,"column":6},"end":{"line":74,"column":1}},"line":14},"1":{"name":"(anonymous_1)","decl":{"start":{"line":20,"column":24},"end":{"line":20,"column":25}},"loc":{"start":{"line":20,"column":31},"end":{"line":24,"column":3}},"line":20},"2":{"name":"(anonymous_2)","decl":{"start":{"line":26,"column":12},"end":{"line":26,"column":13}},"loc":{"start":{"line":26,"column":18},"end":{"line":37,"column":3}},"line":26},"3":{"name":"(anonymous_3)","decl":{"start":{"line":29,"column":27},"end":{"line":29,"column":28}},"loc":{"start":{"line":29,"column":33},"end":{"line":31,"column":9}},"line":29},"4":{"name":"(anonymous_4)","decl":{"start":{"line":39,"column":12},"end":{"line":39,"column":13}},"loc":{"start":{"line":39,"column":18},"end":{"line":55,"column":3}},"line":39},"5":{"name":"(anonymous_5)","decl":{"start":{"line":51,"column":17},"end":{"line":51,"column":18}},"loc":{"start":{"line":51,"column":23},"end":{"line":53,"column":7}},"line":51}},"branchMap":{"0":{"loc":{"start":{"line":21,"column":4},"end":{"line":23,"column":5}},"type":"if","locations":[{"start":{"line":21,"column":4},"end":{"line":23,"column":5}},{"start":{"line":21,"column":4},"end":{"line":23,"column":5}}],"line":21},"1":{"loc":{"start":{"line":41,"column":18},"end":{"line":47,"column":14}},"type":"cond-expr","locations":[{"start":{"line":42,"column":10},"end":{"line":42,"column":11}},{"start":{"line":43,"column":10},"end":{"line":47,"column":14}}],"line":41},"2":{"loc":{"start":{"line":45,"column":14},"end":{"line":45,"column":75}},"type":"cond-expr","locations":[{"start":{"line":45,"column":45},"end":{"line":45,"column":59}},{"start":{"line":45,"column":62},"end":{"line":45,"column":75}}],"line":45},"3":{"loc":{"start":{"line":50,"column":4},"end":{"line":54,"column":5}},"type":"if","locations":[{"start":{"line":50,"column":4},"end":{"line":54,"column":5}},{"start":{"line":50,"column":4},"end":{"line":54,"column":5}}],"line":50},"4":{"loc":{"start":{"line":52,"column":18},"end":{"line":52,"column":52}},"type":"cond-expr","locations":[{"start":{"line":52,"column":27},"end":{"line":52,"column":37}},{"start":{"line":52,"column":40},"end":{"line":52,"column":52}}],"line":52}},"s":{"0":1,"1":12,"2":12,"3":12,"4":12,"5":1,"6":1,"7":12,"8":4,"9":0,"10":12,"11":8,"12":8,"13":4,"14":0,"15":12,"16":1,"17":1},"f":{"0":12,"1":1,"2":4,"3":0,"4":8,"5":0},"b":{"0":[1,0],"1":[8,0],"2":[0,0],"3":[4,4],"4":[0,0]},"_coverageSchema":"1a1c01bbd47fc00a2c39e90264f33305004495a9","hash":"2bdb09e2c02b1c086238696d378ee129393ba129"}
,"/Users/alaneicker/Desktop/atomikui-core/src/components/dropdown/Dropdown.js": {"path":"/Users/alaneicker/Desktop/atomikui-core/src/components/dropdown/Dropdown.js","statementMap":{"0":{"start":{"line":10,"column":17},"end":{"line":106,"column":1}},"1":{"start":{"line":33,"column":16},"end":{"line":33,"column":40}},"2":{"start":{"line":34,"column":22},"end":{"line":34,"column":33}},"3":{"start":{"line":35,"column":24},"end":{"line":35,"column":43}},"4":{"start":{"line":36,"column":25},"end":{"line":36,"column":45}},"5":{"start":{"line":38,"column":4},"end":{"line":104,"column":6}},"6":{"start":{"line":79,"column":14},"end":{"line":86,"column":16}},"7":{"start":{"line":108,"column":0},"end":{"line":171,"column":2}},"8":{"start":{"line":173,"column":0},"end":{"line":190,"column":2}}},"fnMap":{"0":{"name":"(anonymous_0)","decl":{"start":{"line":11,"column":2},"end":{"line":11,"column":3}},"loc":{"start":{"line":32,"column":7},"end":{"line":105,"column":3}},"line":32},"1":{"name":"(anonymous_1)","decl":{"start":{"line":78,"column":18},"end":{"line":78,"column":19}},"loc":{"start":{"line":78,"column":37},"end":{"line":87,"column":13}},"line":78},"2":{"name":"(anonymous_2)","decl":{"start":{"line":184,"column":2},"end":{"line":184,"column":3}},"loc":{"start":{"line":184,"column":13},"end":{"line":184,"column":15}},"line":184}},"branchMap":{"0":{"loc":{"start":{"line":33,"column":16},"end":{"line":33,"column":40}},"type":"binary-expr","locations":[{"start":{"line":33,"column":16},"end":{"line":33,"column":18}},{"start":{"line":33,"column":22},"end":{"line":33,"column":40}}],"line":33},"1":{"loc":{"start":{"line":34,"column":22},"end":{"line":34,"column":33}},"type":"binary-expr","locations":[{"start":{"line":34,"column":22},"end":{"line":34,"column":26}},{"start":{"line":34,"column":30},"end":{"line":34,"column":33}}],"line":34},"2":{"loc":{"start":{"line":44,"column":12},"end":{"line":44,"column":50}},"type":"cond-expr","locations":[{"start":{"line":44,"column":27},"end":{"line":44,"column":45}},{"start":{"line":44,"column":48},"end":{"line":44,"column":50}}],"line":44},"3":{"loc":{"start":{"line":49,"column":9},"end":{"line":53,"column":9}},"type":"binary-expr","locations":[{"start":{"line":49,"column":9},"end":{"line":49,"column":19}},{"start":{"line":50,"column":10},"end":{"line":52,"column":16}}],"line":49},"4":{"loc":{"start":{"line":66,"column":17},"end":{"line":66,"column":35}},"type":"binary-expr","locations":[{"start":{"line":66,"column":17},"end":{"line":66,"column":22}},{"start":{"line":66,"column":26},"end":{"line":66,"column":35}}],"line":66},"5":{"loc":{"start":{"line":67,"column":17},"end":{"line":67,"column":59}},"type":"binary-expr","locations":[{"start":{"line":67,"column":17},"end":{"line":67,"column":29}},{"start":{"line":67,"column":33},"end":{"line":67,"column":39}},{"start":{"line":67,"column":43},"end":{"line":67,"column":59}}],"line":67},"6":{"loc":{"start":{"line":93,"column":9},"end":{"line":102,"column":9}},"type":"binary-expr","locations":[{"start":{"line":93,"column":10},"end":{"line":93,"column":18}},{"start":{"line":93,"column":22},"end":{"line":93,"column":31}},{"start":{"line":94,"column":10},"end":{"line":101,"column":16}}],"line":93},"7":{"loc":{"start":{"line":95,"column":13},"end":{"line":95,"column":65}},"type":"binary-expr","locations":[{"start":{"line":95,"column":13},"end":{"line":95,"column":21}},{"start":{"line":95,"column":25},"end":{"line":95,"column":65}}],"line":95},"8":{"loc":{"start":{"line":96,"column":13},"end":{"line":100,"column":13}},"type":"binary-expr","locations":[{"start":{"line":96,"column":13},"end":{"line":96,"column":21}},{"start":{"line":97,"column":14},"end":{"line":99,"column":21}}],"line":96}},"s":{"0":2,"1":8,"2":8,"3":8,"4":8,"5":8,"6":56,"7":2,"8":2},"f":{"0":8,"1":56,"2":0},"b":{"0":[8,8],"1":[8,8],"2":[0,8],"3":[8,8],"4":[8,7],"5":[8,1,1],"6":[8,7,2],"7":[2,1],"8":[2,1]},"_coverageSchema":"1a1c01bbd47fc00a2c39e90264f33305004495a9","hash":"9312b66afaeff8c956ef54f43087e882ed6d2c64"}
,"/Users/alaneicker/Desktop/atomikui-core/src/components/file-upload/FileUpload.js": {"path":"/Users/alaneicker/Desktop/atomikui-core/src/components/file-upload/FileUpload.js","statementMap":{"0":{"start":{"line":11,"column":19},"end":{"line":131,"column":1}},"1":{"start":{"line":27,"column":30},"end":{"line":27,"column":42}},"2":{"start":{"line":29,"column":15},"end":{"line":29,"column":33}},"3":{"start":{"line":30,"column":22},"end":{"line":30,"column":32}},"4":{"start":{"line":31,"column":24},"end":{"line":31,"column":43}},"5":{"start":{"line":32,"column":25},"end":{"line":32,"column":45}},"6":{"start":{"line":34,"column":25},"end":{"line":42,"column":5}},"7":{"start":{"line":35,"column":24},"end":{"line":35,"column":26}},"8":{"start":{"line":37,"column":6},"end":{"line":39,"column":7}},"9":{"start":{"line":37,"column":19},"end":{"line":37,"column":20}},"10":{"start":{"line":38,"column":8},"end":{"line":38,"column":41}},"11":{"start":{"line":41,"column":6},"end":{"line":41,"column":23}},"12":{"start":{"line":44,"column":25},"end":{"line":51,"column":5}},"13":{"start":{"line":45,"column":6},"end":{"line":45,"column":25}},"14":{"start":{"line":47,"column":28},"end":{"line":47,"column":66}},"15":{"start":{"line":49,"column":6},"end":{"line":49,"column":44}},"16":{"start":{"line":50,"column":6},"end":{"line":50,"column":30}},"17":{"start":{"line":53,"column":23},"end":{"line":56,"column":5}},"18":{"start":{"line":54,"column":6},"end":{"line":54,"column":26}},"19":{"start":{"line":55,"column":6},"end":{"line":55,"column":25}},"20":{"start":{"line":58,"column":4},"end":{"line":129,"column":6}},"21":{"start":{"line":111,"column":18},"end":{"line":111,"column":78}},"22":{"start":{"line":133,"column":0},"end":{"line":175,"column":2}},"23":{"start":{"line":177,"column":0},"end":{"line":186,"column":2}}},"fnMap":{"0":{"name":"(anonymous_0)","decl":{"start":{"line":12,"column":2},"end":{"line":12,"column":3}},"loc":{"start":{"line":26,"column":7},"end":{"line":130,"column":3}},"line":26},"1":{"name":"(anonymous_1)","decl":{"start":{"line":34,"column":25},"end":{"line":34,"column":26}},"loc":{"start":{"line":34,"column":39},"end":{"line":42,"column":5}},"line":34},"2":{"name":"(anonymous_2)","decl":{"start":{"line":44,"column":25},"end":{"line":44,"column":26}},"loc":{"start":{"line":44,"column":32},"end":{"line":51,"column":5}},"line":44},"3":{"name":"(anonymous_3)","decl":{"start":{"line":53,"column":23},"end":{"line":53,"column":24}},"loc":{"start":{"line":53,"column":30},"end":{"line":56,"column":5}},"line":53},"4":{"name":"(anonymous_4)","decl":{"start":{"line":110,"column":27},"end":{"line":110,"column":28}},"loc":{"start":{"line":110,"column":44},"end":{"line":112,"column":17}},"line":110},"5":{"name":"(anonymous_5)","decl":{"start":{"line":184,"column":2},"end":{"line":184,"column":3}},"loc":{"start":{"line":184,"column":13},"end":{"line":184,"column":15}},"line":184}},"branchMap":{"0":{"loc":{"start":{"line":30,"column":22},"end":{"line":30,"column":32}},"type":"binary-expr","locations":[{"start":{"line":30,"column":22},"end":{"line":30,"column":26}},{"start":{"line":30,"column":30},"end":{"line":30,"column":32}}],"line":30},"1":{"loc":{"start":{"line":47,"column":28},"end":{"line":47,"column":66}},"type":"binary-expr","locations":[{"start":{"line":47,"column":28},"end":{"line":47,"column":42}},{"start":{"line":47,"column":46},"end":{"line":47,"column":66}}],"line":47},"2":{"loc":{"start":{"line":81,"column":11},"end":{"line":85,"column":11}},"type":"binary-expr","locations":[{"start":{"line":81,"column":11},"end":{"line":81,"column":22}},{"start":{"line":82,"column":12},"end":{"line":84,"column":19}}],"line":81},"3":{"loc":{"start":{"line":95,"column":13},"end":{"line":104,"column":13}},"type":"cond-expr","locations":[{"start":{"line":96,"column":14},"end":{"line":101,"column":16}},{"start":{"line":103,"column":14},"end":{"line":103,"column":19}}],"line":95},"4":{"loc":{"start":{"line":106,"column":11},"end":{"line":115,"column":11}},"type":"binary-expr","locations":[{"start":{"line":106,"column":11},"end":{"line":106,"column":22}},{"start":{"line":106,"column":26},"end":{"line":106,"column":42}},{"start":{"line":107,"column":12},"end":{"line":114,"column":15}}],"line":106},"5":{"loc":{"start":{"line":116,"column":11},"end":{"line":116,"column":58}},"type":"binary-expr","locations":[{"start":{"line":116,"column":11},"end":{"line":116,"column":23}},{"start":{"line":116,"column":27},"end":{"line":116,"column":58}}],"line":116},"6":{"loc":{"start":{"line":118,"column":9},"end":{"line":127,"column":9}},"type":"binary-expr","locations":[{"start":{"line":118,"column":10},"end":{"line":118,"column":18}},{"start":{"line":118,"column":22},"end":{"line":118,"column":31}},{"start":{"line":119,"column":10},"end":{"line":126,"column":16}}],"line":118},"7":{"loc":{"start":{"line":120,"column":13},"end":{"line":120,"column":65}},"type":"binary-expr","locations":[{"start":{"line":120,"column":13},"end":{"line":120,"column":21}},{"start":{"line":120,"column":25},"end":{"line":120,"column":65}}],"line":120},"8":{"loc":{"start":{"line":121,"column":13},"end":{"line":125,"column":13}},"type":"binary-expr","locations":[{"start":{"line":121,"column":13},"end":{"line":121,"column":21}},{"start":{"line":122,"column":14},"end":{"line":124,"column":21}}],"line":121}},"s":{"0":2,"1":17,"2":17,"3":17,"4":17,"5":17,"6":17,"7":4,"8":4,"9":4,"10":3,"11":4,"12":17,"13":4,"14":4,"15":4,"16":4,"17":17,"18":1,"19":1,"20":17,"21":1,"22":2,"23":2},"f":{"0":17,"1":4,"2":4,"3":1,"4":1,"5":0},"b":{"0":[17,17],"1":[4,2],"2":[17,2],"3":[2,15],"4":[17,2,1],"5":[17,15],"6":[17,16,2],"7":[2,1],"8":[2,1]},"_coverageSchema":"1a1c01bbd47fc00a2c39e90264f33305004495a9","hash":"a23436e1127287af616be88e40c9656cccbfcb24"}
,"/Users/alaneicker/Desktop/atomikui-core/src/components/flag/Flag.js": {"path":"/Users/alaneicker/Desktop/atomikui-core/src/components/flag/Flag.js","statementMap":{"0":{"start":{"line":7,"column":13},"end":{"line":10,"column":1}},"1":{"start":{"line":8,"column":19},"end":{"line":8,"column":33}},"2":{"start":{"line":9,"column":2},"end":{"line":9,"column":76}},"3":{"start":{"line":12,"column":0},"end":{"line":19,"column":2}},"4":{"start":{"line":21,"column":0},"end":{"line":25,"column":2}},"5":{"start":{"line":27,"column":0},"end":{"line":27,"column":27}}},"fnMap":{"0":{"name":"(anonymous_0)","decl":{"start":{"line":7,"column":13},"end":{"line":7,"column":14}},"loc":{"start":{"line":7,"column":46},"end":{"line":10,"column":1}},"line":7}},"branchMap":{"0":{"loc":{"start":{"line":9,"column":9},"end":{"line":9,"column":75}},"type":"cond-expr","locations":[{"start":{"line":9,"column":19},"end":{"line":9,"column":46}},{"start":{"line":9,"column":49},"end":{"line":9,"column":75}}],"line":9}},"s":{"0":1,"1":2,"2":2,"3":1,"4":1,"5":1},"f":{"0":2},"b":{"0":[1,1]},"_coverageSchema":"1a1c01bbd47fc00a2c39e90264f33305004495a9","hash":"0542945cbceb5f7ea4d7a08e29a0b211a0b6bfb7"}
,"/Users/alaneicker/Desktop/atomikui-core/src/components/form-field/FormField.js": {"path":"/Users/alaneicker/Desktop/atomikui-core/src/components/form-field/FormField.js","statementMap":{"0":{"start":{"line":9,"column":14},"end":{"line":27,"column":1}},"1":{"start":{"line":29,"column":18},"end":{"line":126,"column":1}},"2":{"start":{"line":53,"column":16},"end":{"line":53,"column":40}},"3":{"start":{"line":54,"column":22},"end":{"line":54,"column":33}},"4":{"start":{"line":55,"column":24},"end":{"line":55,"column":43}},"5":{"start":{"line":56,"column":25},"end":{"line":56,"column":45}},"6":{"start":{"line":57,"column":22},"end":{"line":57,"column":59}},"7":{"start":{"line":59,"column":18},"end":{"line":59,"column":46}},"8":{"start":{"line":61,"column":4},"end":{"line":124,"column":6}},"9":{"start":{"line":128,"column":0},"end":{"line":171,"column":2}},"10":{"start":{"line":173,"column":0},"end":{"line":190,"column":2}}},"fnMap":{"0":{"name":"(anonymous_0)","decl":{"start":{"line":30,"column":2},"end":{"line":30,"column":3}},"loc":{"start":{"line":52,"column":7},"end":{"line":125,"column":3}},"line":52},"1":{"name":"(anonymous_1)","decl":{"start":{"line":184,"column":2},"end":{"line":184,"column":3}},"loc":{"start":{"line":184,"column":13},"end":{"line":184,"column":15}},"line":184}},"branchMap":{"0":{"loc":{"start":{"line":53,"column":16},"end":{"line":53,"column":40}},"type":"binary-expr","locations":[{"start":{"line":53,"column":16},"end":{"line":53,"column":18}},{"start":{"line":53,"column":22},"end":{"line":53,"column":40}}],"line":53},"1":{"loc":{"start":{"line":54,"column":22},"end":{"line":54,"column":33}},"type":"binary-expr","locations":[{"start":{"line":54,"column":22},"end":{"line":54,"column":26}},{"start":{"line":54,"column":30},"end":{"line":54,"column":33}}],"line":54},"2":{"loc":{"start":{"line":57,"column":22},"end":{"line":57,"column":59}},"type":"cond-expr","locations":[{"start":{"line":57,"column":46},"end":{"line":57,"column":52}},{"start":{"line":57,"column":55},"end":{"line":57,"column":59}}],"line":57},"3":{"loc":{"start":{"line":59,"column":18},"end":{"line":59,"column":46}},"type":"cond-expr","locations":[{"start":{"line":59,"column":25},"end":{"line":59,"column":36}},{"start":{"line":59,"column":39},"end":{"line":59,"column":46}}],"line":59},"4":{"loc":{"start":{"line":68,"column":9},"end":{"line":72,"column":9}},"type":"binary-expr","locations":[{"start":{"line":68,"column":9},"end":{"line":68,"column":14}},{"start":{"line":69,"column":10},"end":{"line":71,"column":16}}],"line":68},"5":{"loc":{"start":{"line":73,"column":9},"end":{"line":112,"column":9}},"type":"cond-expr","locations":[{"start":{"line":74,"column":10},"end":{"line":93,"column":12}},{"start":{"line":95,"column":10},"end":{"line":111,"column":12}}],"line":73},"6":{"loc":{"start":{"line":75,"column":17},"end":{"line":75,"column":33}},"type":"binary-expr","locations":[{"start":{"line":75,"column":17},"end":{"line":75,"column":22}},{"start":{"line":75,"column":26},"end":{"line":75,"column":33}}],"line":75},"7":{"loc":{"start":{"line":84,"column":17},"end":{"line":84,"column":35}},"type":"binary-expr","locations":[{"start":{"line":84,"column":17},"end":{"line":84,"column":22}},{"start":{"line":84,"column":26},"end":{"line":84,"column":35}}],"line":84},"8":{"loc":{"start":{"line":85,"column":17},"end":{"line":85,"column":59}},"type":"binary-expr","locations":[{"start":{"line":85,"column":17},"end":{"line":85,"column":29}},{"start":{"line":85,"column":33},"end":{"line":85,"column":39}},{"start":{"line":85,"column":43},"end":{"line":85,"column":59}}],"line":85},"9":{"loc":{"start":{"line":96,"column":17},"end":{"line":96,"column":33}},"type":"binary-expr","locations":[{"start":{"line":96,"column":17},"end":{"line":96,"column":22}},{"start":{"line":96,"column":26},"end":{"line":96,"column":33}}],"line":96},"10":{"loc":{"start":{"line":103,"column":17},"end":{"line":103,"column":35}},"type":"binary-expr","locations":[{"start":{"line":103,"column":17},"end":{"line":103,"column":22}},{"start":{"line":103,"column":26},"end":{"line":103,"column":35}}],"line":103},"11":{"loc":{"start":{"line":104,"column":17},"end":{"line":104,"column":59}},"type":"binary-expr","locations":[{"start":{"line":104,"column":17},"end":{"line":104,"column":29}},{"start":{"line":104,"column":33},"end":{"line":104,"column":39}},{"start":{"line":104,"column":43},"end":{"line":104,"column":59}}],"line":104},"12":{"loc":{"start":{"line":113,"column":9},"end":{"line":122,"column":9}},"type":"binary-expr","locations":[{"start":{"line":113,"column":10},"end":{"line":113,"column":18}},{"start":{"line":113,"column":22},"end":{"line":113,"column":31}},{"start":{"line":114,"column":10},"end":{"line":121,"column":16}}],"line":113},"13":{"loc":{"start":{"line":115,"column":13},"end":{"line":115,"column":65}},"type":"binary-expr","locations":[{"start":{"line":115,"column":13},"end":{"line":115,"column":21}},{"start":{"line":115,"column":25},"end":{"line":115,"column":65}}],"line":115},"14":{"loc":{"start":{"line":116,"column":13},"end":{"line":120,"column":13}},"type":"binary-expr","locations":[{"start":{"line":116,"column":13},"end":{"line":116,"column":21}},{"start":{"line":117,"column":14},"end":{"line":119,"column":21}}],"line":116}},"s":{"0":7,"1":7,"2":161,"3":161,"4":161,"5":161,"6":161,"7":161,"8":161,"9":7,"10":7},"f":{"0":161,"1":5},"b":{"0":[161,27],"1":[161,59],"2":[1,160],"3":[49,112],"4":[161,24],"5":[1,160],"6":[1,1],"7":[1,0],"8":[1,0,0],"9":[160,111],"10":[160,139],"11":[160,0,0],"12":[161,136,26],"13":[26,25],"14":[26,1]},"_coverageSchema":"1a1c01bbd47fc00a2c39e90264f33305004495a9","hash":"ca18e39f4a358d22eb9e7b8ce7ac2cd02cfc149b"}
,"/Users/alaneicker/Desktop/atomikui-core/src/components/form-generator/FormGenerator.js": {"path":"/Users/alaneicker/Desktop/atomikui-core/src/components/form-generator/FormGenerator.js","statementMap":{"0":{"start":{"line":16,"column":19},"end":{"line":27,"column":1}},"1":{"start":{"line":29,"column":22},"end":{"line":64,"column":1}},"2":{"start":{"line":30,"column":2},"end":{"line":63,"column":4}},"3":{"start":{"line":33,"column":8},"end":{"line":60,"column":10}},"4":{"start":{"line":50,"column":36},"end":{"line":50,"column":57}},"5":{"start":{"line":51,"column":18},"end":{"line":55,"column":20}},"6":{"start":{"line":66,"column":0},"end":{"line":71,"column":2}},"7":{"start":{"line":73,"column":0},"end":{"line":76,"column":2}}},"fnMap":{"0":{"name":"(anonymous_0)","decl":{"start":{"line":29,"column":22},"end":{"line":29,"column":23}},"loc":{"start":{"line":29,"column":53},"end":{"line":64,"column":1}},"line":29},"1":{"name":"(anonymous_1)","decl":{"start":{"line":32,"column":21},"end":{"line":32,"column":22}},"loc":{"start":{"line":32,"column":46},"end":{"line":61,"column":7}},"line":32},"2":{"name":"(anonymous_2)","decl":{"start":{"line":42,"column":16},"end":{"line":42,"column":17}},"loc":{"start":{"line":49,"column":21},"end":{"line":56,"column":17}},"line":49}},"branchMap":{"0":{"loc":{"start":{"line":45,"column":20},"end":{"line":45,"column":57}},"type":"default-arg","locations":[{"start":{"line":45,"column":31},"end":{"line":45,"column":57}}],"line":45}},"s":{"0":1,"1":1,"2":2,"3":4,"4":4,"5":4,"6":1,"7":1},"f":{"0":2,"1":4,"2":4},"b":{"0":[2]},"_coverageSchema":"1a1c01bbd47fc00a2c39e90264f33305004495a9","hash":"d86310be7d02f454079042f06a577861b2d7e083"}
,"/Users/alaneicker/Desktop/atomikui-core/src/components/hint/Hint.js": {"path":"/Users/alaneicker/Desktop/atomikui-core/src/components/hint/Hint.js","statementMap":{"0":{"start":{"line":5,"column":13},"end":{"line":16,"column":1}},"1":{"start":{"line":6,"column":2},"end":{"line":15,"column":4}},"2":{"start":{"line":18,"column":0},"end":{"line":25,"column":2}},"3":{"start":{"line":27,"column":0},"end":{"line":31,"column":2}}},"fnMap":{"0":{"name":"(anonymous_0)","decl":{"start":{"line":5,"column":13},"end":{"line":5,"column":14}},"loc":{"start":{"line":5,"column":59},"end":{"line":16,"column":1}},"line":5}},"branchMap":{},"s":{"0":15,"1":42,"2":15,"3":15},"f":{"0":42},"b":{},"_coverageSchema":"1a1c01bbd47fc00a2c39e90264f33305004495a9","hash":"a642133d7f6cab472705f46647668149d6d59b0a"}
,"/Users/alaneicker/Desktop/atomikui-core/src/components/jumbotron/Jumbotron.js": {"path":"/Users/alaneicker/Desktop/atomikui-core/src/components/jumbotron/Jumbotron.js","statementMap":{"0":{"start":{"line":5,"column":18},"end":{"line":18,"column":1}},"1":{"start":{"line":6,"column":2},"end":{"line":17,"column":4}},"2":{"start":{"line":20,"column":0},"end":{"line":52,"column":2}},"3":{"start":{"line":54,"column":0},"end":{"line":59,"column":2}}},"fnMap":{"0":{"name":"(anonymous_0)","decl":{"start":{"line":5,"column":18},"end":{"line":5,"column":19}},"loc":{"start":{"line":5,"column":79},"end":{"line":18,"column":1}},"line":5}},"branchMap":{"0":{"loc":{"start":{"line":10,"column":10},"end":{"line":10,"column":48}},"type":"cond-expr","locations":[{"start":{"line":10,"column":25},"end":{"line":10,"column":43}},{"start":{"line":10,"column":46},"end":{"line":10,"column":48}}],"line":10}},"s":{"0":1,"1":29,"2":1,"3":1},"f":{"0":29},"b":{"0":[1,28]},"_coverageSchema":"1a1c01bbd47fc00a2c39e90264f33305004495a9","hash":"b558dd6cee922c76e319ae795be4d9985cd3adc1"}
,"/Users/alaneicker/Desktop/atomikui-core/src/components/label/Label.js": {"path":"/Users/alaneicker/Desktop/atomikui-core/src/components/label/Label.js","statementMap":{"0":{"start":{"line":5,"column":14},"end":{"line":11,"column":1}},"1":{"start":{"line":6,"column":2},"end":{"line":10,"column":4}},"2":{"start":{"line":13,"column":0},"end":{"line":18,"column":2}},"3":{"start":{"line":20,"column":0},"end":{"line":23,"column":2}}},"fnMap":{"0":{"name":"(anonymous_0)","decl":{"start":{"line":5,"column":14},"end":{"line":5,"column":15}},"loc":{"start":{"line":5,"column":54},"end":{"line":11,"column":1}},"line":5}},"branchMap":{},"s":{"0":14,"1":106,"2":14,"3":14},"f":{"0":106},"b":{},"_coverageSchema":"1a1c01bbd47fc00a2c39e90264f33305004495a9","hash":"42271d4a88c1ff4c157b618295347984c563a2e6"}
,"/Users/alaneicker/Desktop/atomikui-core/src/components/link/Link.js": {"path":"/Users/alaneicker/Desktop/atomikui-core/src/components/link/Link.js","statementMap":{"0":{"start":{"line":5,"column":13},"end":{"line":27,"column":1}},"1":{"start":{"line":14,"column":2},"end":{"line":26,"column":4}},"2":{"start":{"line":29,"column":0},"end":{"line":42,"column":2}},"3":{"start":{"line":44,"column":0},"end":{"line":51,"column":2}}},"fnMap":{"0":{"name":"(anonymous_0)","decl":{"start":{"line":5,"column":13},"end":{"line":5,"column":14}},"loc":{"start":{"line":13,"column":6},"end":{"line":27,"column":1}},"line":13}},"branchMap":{"0":{"loc":{"start":{"line":21,"column":11},"end":{"line":21,"column":61}},"type":"cond-expr","locations":[{"start":{"line":21,"column":33},"end":{"line":21,"column":54}},{"start":{"line":21,"column":57},"end":{"line":21,"column":61}}],"line":21}},"s":{"0":8,"1":50,"2":8,"3":8},"f":{"0":50},"b":{"0":[4,46]},"_coverageSchema":"1a1c01bbd47fc00a2c39e90264f33305004495a9","hash":"7cd1f57b561f6b7a0472bd95b508af7dc0b9ec59"}
,"/Users/alaneicker/Desktop/atomikui-core/src/components/list/List.js": {"path":"/Users/alaneicker/Desktop/atomikui-core/src/components/list/List.js","statementMap":{"0":{"start":{"line":6,"column":13},"end":{"line":35,"column":1}},"1":{"start":{"line":15,"column":13},"end":{"line":15,"column":45}},"2":{"start":{"line":16,"column":17},"end":{"line":16,"column":32}},"3":{"start":{"line":17,"column":18},"end":{"line":17,"column":43}},"4":{"start":{"line":19,"column":2},"end":{"line":34,"column":4}},"5":{"start":{"line":30,"column":10},"end":{"line":30,"column":49}},"6":{"start":{"line":37,"column":0},"end":{"line":56,"column":2}},"7":{"start":{"line":58,"column":0},"end":{"line":65,"column":2}}},"fnMap":{"0":{"name":"(anonymous_0)","decl":{"start":{"line":6,"column":13},"end":{"line":6,"column":14}},"loc":{"start":{"line":14,"column":6},"end":{"line":35,"column":1}},"line":14},"1":{"name":"(anonymous_1)","decl":{"start":{"line":29,"column":32},"end":{"line":29,"column":33}},"loc":{"start":{"line":29,"column":43},"end":{"line":31,"column":9}},"line":29}},"branchMap":{"0":{"loc":{"start":{"line":15,"column":13},"end":{"line":15,"column":45}},"type":"cond-expr","locations":[{"start":{"line":15,"column":34},"end":{"line":15,"column":38}},{"start":{"line":15,"column":41},"end":{"line":15,"column":45}}],"line":15},"1":{"loc":{"start":{"line":17,"column":18},"end":{"line":17,"column":43}},"type":"cond-expr","locations":[{"start":{"line":17,"column":27},"end":{"line":17,"column":32}},{"start":{"line":17,"column":35},"end":{"line":17,"column":43}}],"line":17},"2":{"loc":{"start":{"line":20,"column":18},"end":{"line":20,"column":67}},"type":"binary-expr","locations":[{"start":{"line":20,"column":18},"end":{"line":20,"column":24}},{"start":{"line":20,"column":28},"end":{"line":20,"column":67}}],"line":20}},"s":{"0":8,"1":44,"2":44,"3":44,"4":44,"5":147,"6":8,"7":8},"f":{"0":44,"1":147},"b":{"0":[2,42],"1":[1,43],"2":[44,1]},"_coverageSchema":"1a1c01bbd47fc00a2c39e90264f33305004495a9","hash":"9455037e665f7dfee0086a71300b9cbf6c9dd7c8"}
,"/Users/alaneicker/Desktop/atomikui-core/src/components/list-item/ListItem.js": {"path":"/Users/alaneicker/Desktop/atomikui-core/src/components/list-item/ListItem.js","statementMap":{"0":{"start":{"line":5,"column":17},"end":{"line":16,"column":1}},"1":{"start":{"line":6,"column":2},"end":{"line":15,"column":4}},"2":{"start":{"line":18,"column":0},"end":{"line":25,"column":2}},"3":{"start":{"line":27,"column":0},"end":{"line":31,"column":2}}},"fnMap":{"0":{"name":"(anonymous_0)","decl":{"start":{"line":5,"column":17},"end":{"line":5,"column":18}},"loc":{"start":{"line":5,"column":65},"end":{"line":16,"column":1}},"line":5}},"branchMap":{},"s":{"0":10,"1":85,"2":10,"3":10},"f":{"0":85},"b":{},"_coverageSchema":"1a1c01bbd47fc00a2c39e90264f33305004495a9","hash":"3d3a8b0ca4a0dbcd4d877701394b48dcebc42f58"}
,"/Users/alaneicker/Desktop/atomikui-core/src/components/media/Media.js": {"path":"/Users/alaneicker/Desktop/atomikui-core/src/components/media/Media.js","statementMap":{"0":{"start":{"line":5,"column":14},"end":{"line":29,"column":1}},"1":{"start":{"line":15,"column":2},"end":{"line":28,"column":4}},"2":{"start":{"line":31,"column":0},"end":{"line":46,"column":2}},"3":{"start":{"line":48,"column":0},"end":{"line":56,"column":2}}},"fnMap":{"0":{"name":"(anonymous_0)","decl":{"start":{"line":5,"column":14},"end":{"line":5,"column":15}},"loc":{"start":{"line":14,"column":6},"end":{"line":29,"column":1}},"line":14}},"branchMap":{"0":{"loc":{"start":{"line":26,"column":7},"end":{"line":26,"column":67}},"type":"binary-expr","locations":[{"start":{"line":26,"column":7},"end":{"line":26,"column":13}},{"start":{"line":26,"column":17},"end":{"line":26,"column":67}}],"line":26}},"s":{"0":1,"1":1,"2":1,"3":1},"f":{"0":1},"b":{"0":[1,1]},"_coverageSchema":"1a1c01bbd47fc00a2c39e90264f33305004495a9","hash":"c6f24d327206b17b257fda6113b3164a50c9578b"}
,"/Users/alaneicker/Desktop/atomikui-core/src/components/modal/Modal.js": {"path":"/Users/alaneicker/Desktop/atomikui-core/src/components/modal/Modal.js","statementMap":{"0":{"start":{"line":10,"column":14},"end":{"line":89,"column":1}},"1":{"start":{"line":24,"column":36},"end":{"line":24,"column":50}},"2":{"start":{"line":25,"column":19},"end":{"line":25,"column":27}},"3":{"start":{"line":27,"column":24},"end":{"line":31,"column":3}},"4":{"start":{"line":28,"column":4},"end":{"line":30,"column":5}},"5":{"start":{"line":29,"column":6},"end":{"line":29,"column":16}},"6":{"start":{"line":33,"column":2},"end":{"line":46,"column":47}},"7":{"start":{"line":34,"column":4},"end":{"line":45,"column":5}},"8":{"start":{"line":35,"column":6},"end":{"line":44,"column":8}},"9":{"start":{"line":38,"column":12},"end":{"line":38,"column":53}},"10":{"start":{"line":48,"column":2},"end":{"line":52,"column":26}},"11":{"start":{"line":49,"column":4},"end":{"line":51,"column":5}},"12":{"start":{"line":50,"column":6},"end":{"line":50,"column":54}},"13":{"start":{"line":54,"column":2},"end":{"line":88,"column":4}},"14":{"start":{"line":91,"column":0},"end":{"line":114,"column":2}},"15":{"start":{"line":116,"column":0},"end":{"line":128,"column":2}}},"fnMap":{"0":{"name":"(anonymous_0)","decl":{"start":{"line":10,"column":14},"end":{"line":10,"column":15}},"loc":{"start":{"line":23,"column":6},"end":{"line":89,"column":1}},"line":23},"1":{"name":"(anonymous_1)","decl":{"start":{"line":27,"column":24},"end":{"line":27,"column":25}},"loc":{"start":{"line":27,"column":31},"end":{"line":31,"column":3}},"line":27},"2":{"name":"(anonymous_2)","decl":{"start":{"line":33,"column":12},"end":{"line":33,"column":13}},"loc":{"start":{"line":33,"column":18},"end":{"line":46,"column":3}},"line":33},"3":{"name":"(anonymous_3)","decl":{"start":{"line":37,"column":29},"end":{"line":37,"column":30}},"loc":{"start":{"line":37,"column":35},"end":{"line":39,"column":11}},"line":37},"4":{"name":"(anonymous_4)","decl":{"start":{"line":48,"column":12},"end":{"line":48,"column":13}},"loc":{"start":{"line":48,"column":18},"end":{"line":52,"column":3}},"line":48}},"branchMap":{"0":{"loc":{"start":{"line":28,"column":4},"end":{"line":30,"column":5}},"type":"if","locations":[{"start":{"line":28,"column":4},"end":{"line":30,"column":5}},{"start":{"line":28,"column":4},"end":{"line":30,"column":5}}],"line":28},"1":{"loc":{"start":{"line":34,"column":4},"end":{"line":45,"column":5}},"type":"if","locations":[{"start":{"line":34,"column":4},"end":{"line":45,"column":5}},{"start":{"line":34,"column":4},"end":{"line":45,"column":5}}],"line":34},"2":{"loc":{"start":{"line":38,"column":19},"end":{"line":38,"column":52}},"type":"binary-expr","locations":[{"start":{"line":38,"column":19},"end":{"line":38,"column":39}},{"start":{"line":38,"column":43},"end":{"line":38,"column":52}}],"line":38},"3":{"loc":{"start":{"line":49,"column":4},"end":{"line":51,"column":5}},"type":"if","locations":[{"start":{"line":49,"column":4},"end":{"line":51,"column":5}},{"start":{"line":49,"column":4},"end":{"line":51,"column":5}}],"line":49},"4":{"loc":{"start":{"line":50,"column":16},"end":{"line":50,"column":50}},"type":"cond-expr","locations":[{"start":{"line":50,"column":25},"end":{"line":50,"column":35}},{"start":{"line":50,"column":38},"end":{"line":50,"column":50}}],"line":50},"5":{"loc":{
[...]
"line":10,"column":44}},"3":{"start":{"line":12,"column":16},"end":{"line":16,"column":5}},"4":{"start":{"line":13,"column":17},"end":{"line":13,"column":35}},"5":{"start":{"line":15,"column":6},"end":{"line":15,"column":53}},"6":{"start":{"line":18,"column":19},"end":{"line":24,"column":5}},"7":{"start":{"line":19,"column":6},"end":{"line":23,"column":8}},"8":{"start":{"line":21,"column":10},"end":{"line":21,"column":33}},"9":{"start":{"line":26,"column":26},"end":{"line":28,"column":16}},"10":{"start":{"line":27,"column":6},"end":{"line":27,"column":29}},"11":{"start":{"line":30,"column":35},"end":{"line":30,"column":40}},"12":{"start":{"line":32,"column":4},"end":{"line":54,"column":6}},"13":{"start":{"line":38,"column":14},"end":{"line":49,"column":16}},"14":{"start":{"line":44,"column":20},"end":{"line":44,"column":38}},"15":{"start":{"line":57,"column":2},"end":{"line":57,"column":27}}},"fnMap":{"0":{"name":"(anonymous_0)","decl":{"start":{"line":8,"column":26},"end":{"line":8,"column":27}},"loc":{"start":{"line":8,"column":41},"end":{"line":58,"column":1}},"line":8},"1":{"name":"(anonymous_1)","decl":{"start":{"line":9,"column":28},"end":{"line":9,"column":29}},"loc":{"start":{"line":9,"column":39},"end":{"line":55,"column":3}},"line":9},"2":{"name":"(anonymous_2)","decl":{"start":{"line":12,"column":16},"end":{"line":12,"column":17}},"loc":{"start":{"line":12,"column":36},"end":{"line":16,"column":5}},"line":12},"3":{"name":"(anonymous_3)","decl":{"start":{"line":18,"column":19},"end":{"line":18,"column":20}},"loc":{"start":{"line":18,"column":27},"end":{"line":24,"column":5}},"line":18},"4":{"name":"(anonymous_4)","decl":{"start":{"line":20,"column":22},"end":{"line":20,"column":23}},"loc":{"start":{"line":20,"column":33},"end":{"line":22,"column":9}},"line":20},"5":{"name":"(anonymous_5)","decl":{"start":{"line":26,"column":34},"end":{"line":26,"column":35}},"loc":{"start":{"line":26,"column":40},"end":{"line":28,"column":5}},"line":26},"6":{"name":"(anonymous_6)","decl":{"start":{"line":37,"column":24},"end":{"line":37,"column":25}},"loc":{"start":{"line":37,"column":55},"end":{"line":50,"column":13}},"line":37},"7":{"name":"(anonymous_7)","decl":{"start":{"line":43,"column":26},"end":{"line":43,"column":27}},"loc":{"start":{"line":43,"column":32},"end":{"line":45,"column":19}},"line":43}},"branchMap":{},"s":{"0":2,"1":2,"2":7,"3":7,"4":3,"5":3,"6":7,"7":1,"8":1,"9":7,"10":7,"11":7,"12":7,"13":3,"14":1,"15":2},"f":{"0":2,"1":7,"2":3,"3":1,"4":1,"5":7,"6":3,"7":1},"b":{},"_coverageSchema":"1a1c01bbd47fc00a2c39e90264f33305004495a9","hash":"cc615ce321e26b7eaa0dced0ff556436b037087b"}
,"/Users/alaneicker/Desktop/atomikui-core/src/components/toaster/use-toast.js": {"path":"/Users/alaneicker/Desktop/atomikui-core/src/components/toaster/use-toast.js","statementMap":{"0":{"start":{"line":5,"column":18},"end":{"line":5,"column":42}},"1":{"start":{"line":7,"column":2},"end":{"line":7,"column":54}}},"fnMap":{"0":{"name":"useToast","decl":{"start":{"line":4,"column":9},"end":{"line":4,"column":17}},"loc":{"start":{"line":4,"column":20},"end":{"line":8,"column":1}},"line":4}},"branchMap":{},"s":{"0":7,"1":7},"f":{"0":7},"b":{},"_coverageSchema":"1a1c01bbd47fc00a2c39e90264f33305004495a9","hash":"c082eb503fbb874d09ec97bf9a08d0c02b624ef7"}
,"/Users/alaneicker/Desktop/atomikui-core/src/components/tooltip/Tooltip.js": {"path":"/Users/alaneicker/Desktop/atomikui-core/src/components/tooltip/Tooltip.js","statementMap":{"0":{"start":{"line":7,"column":16},"end":{"line":166,"column":1}},"1":{"start":{"line":15,"column":32},"end":{"line":15,"column":46}},"2":{"start":{"line":16,"column":24},"end":{"line":16,"column":38}},"3":{"start":{"line":17,"column":22},"end":{"line":17,"column":63}},"4":{"start":{"line":19,"column":31},"end":{"line":35,"column":3}},"5":{"start":{"line":20,"column":4},"end":{"line":34,"column":6}},"6":{"start":{"line":37,"column":24},"end":{"line":39,"column":3}},"7":{"start":{"line":38,"column":4},"end":{"line":38,"column":28}},"8":{"start":{"line":41,"column":24},"end":{"line":122,"column":3}},"9":{"start":{"line":44,"column":8},"end":{"line":44,"column":9}},"10":{"start":{"line":46,"column":4},"end":{"line":46,"column":45}},"11":{"start":{"line":48,"column":23},"end":{"line":48,"column":62}},"12":{"start":{"line":49,"column":19},"end":{"line":49,"column":53}},"13":{"start":{"line":51,"column":26},"end":{"line":51,"column":39}},"14":{"start":{"line":52,"column":25},"end":{"line":52,"column":37}},"15":{"start":{"line":54,"column":29},"end":{"line":54,"column":39}},"16":{"start":{"line":55,"column":37},"end":{"line":55,"column":54}},"17":{"start":{"line":56,"column":28},"end":{"line":56,"column":37}},"18":{"start":{"line":59,"column":22},"end":{"line":59,"column":60}},"19":{"start":{"line":62,"column":25},"end":{"line":62,"column":62}},"20":{"start":{"line":65,"column":24},"end":{"line":65,"column":61}},"21":{"start":{"line":68,"column":23},"end":{"line":68,"column":61}},"22":{"start":{"line":71,"column":33},"end":{"line":73,"column":8}},"23":{"start":{"line":77,"column":6},"end":{"line":79,"column":68}},"24":{"start":{"line":83,"column":6},"end":{"line":85,"column":69}},"25":{"start":{"line":87,"column":4},"end":{"line":121,"column":5}},"26":{"start":{"line":89,"column":8},"end":{"line":89,"column":54}},"27":{"start":{"line":90,"column":8},"end":{"line":90,"column":44}},"28":{"start":{"line":91,"column":8},"end":{"line":91,"column":14}},"29":{"start":{"line":93,"column":8},"end":{"line":93,"column":54}},"30":{"start":{"line":94,"column":8},"end":{"line":94,"column":43}},"31":{"start":{"line":95,"column":8},"end":{"line":95,"column":14}},"32":{"start":{"line":97,"column":8},"end":{"line":97,"column":44}},"33":{"start":{"line":98,"column":8},"end":{"line":98,"column":57}},"34":{"start":{"line":99,"column":8},"end":{"line":99,"column":14}},"35":{"start":{"line":101,"column":8},"end":{"line":101,"column":44}},"36":{"start":{"line":102,"column":8},"end":{"line":102,"column":54}},"37":{"start":{"line":103,"column":8},"end":{"line":103,"column":14}},"38":{"start":{"line":105,"column":8},"end":{"line":105,"column":44}},"39":{"start":{"line":106,"column":8},"end":{"line":106,"column":54}},"40":{"start":{"line":107,"column":8},"end":{"line":107,"column":14}},"41":{"start":{"line":109,"column":8},"end":{"line":109,"column":41}},"42":{"start":{"line":110,"column":8},"end":{"line":110,"column":57}},"43":{"start":{"line":111,"column":8},"end":{"line":111,"column":14}},"44":{"start":{"line":113,"column":8},"end":{"line":113,"column":41}},"45":{"start":{"line":114,"column":8},"end":{"line":114,"column":54}},"46":{"start":{"line":115,"column":8},"end":{"line":115,"column":14}},"47":{"start":{"line":117,"column":8},"end":{"line":117,"column":41}},"48":{"start":{"line":118,"column":8},"end":{"line":118,"column":54}},"49":{"start":{"line":119,"column":8},"end":{"line":119,"column":14}},"50":{"start":{"line":124,"column":2},"end":{"line":140,"column":16}},"51":{"start":{"line":125,"column":33},"end":{"line":129,"column":5}},"52":{"start":{"line":126,"column":6},"end":{"line":128,"column":7}},"53":{"start":{"line":127,"column":8},"end":{"line":127,"column":25}},"54":{"start":{"line":131,"column":4},"end":{"line":134,"column":5}},"55":{"start":{"line":132,"column":6},"end":{"line":132,"column":55}},"56":{"start":{"line":133,"column":6},"end":{"line":133,"column":63}},"57":{"start":{"line":136,"column":4},"end":{"line":139,"column":6}},"58":{"start":{"line":137,"column":6},"end":{"line":137,"column":58}},"59":{"start":{"line":138,"column":6},"end":{"line":138,"column":66}},"60":{"start":{"line":142,"column":2},"end":{"line":165,"column":4}},"61":{"start":{"line":145,"column":8},"end":{"line":161,"column":11}},"62":{"start":{"line":168,"column":0},"end":{"line":186,"column":2}},"63":{"start":{"line":188,"column":0},"end":{"line":193,"column":2}}},"fnMap":{"0":{"name":"(anonymous_0)","decl":{"start":{"line":7,"column":16},"end":{"line":7,"column":17}},"loc":{"start":{"line":14,"column":6},"end":{"line":166,"column":1}},"line":14},"1":{"name":"(anonymous_1)","decl":{"start":{"line":19,"column":31},"end":{"line":19,"column":32}},"loc":{"start":{"line":19,"column":37},"end":{"line":35,"column":3}},"line":19},"2":{"name":"(anonymous_2)","decl":{"start":{"line":37,"column":24},"end":{"line":37,"column":25}},"loc":{"start":{"line":37,"column":30},"end":{"line":39,"column":3}},"line":37},"3":{"name":"(anonymous_3)","decl":{"start":{"line":41,"column":24},"end":{"line":41,"column":25}},"loc":{"start":{"line":41,"column":37},"end":{"line":122,"column":3}},"line":41},"4":{"name":"(anonymous_4)","decl":{"start":{"line":124,"column":12},"end":{"line":124,"column":13}},"loc":{"start":{"line":124,"column":18},"end":{"line":140,"column":3}},"line":124},"5":{"name":"(anonymous_5)","decl":{"start":{"line":125,"column":33},"end":{"line":125,"column":34}},"loc":{"start":{"line":125,"column":40},"end":{"line":129,"column":5}},"line":125},"6":{"name":"(anonymous_6)","decl":{"start":{"line":136,"column":11},"end":{"line":136,"column":12}},"loc":{"start":{"line":136,"column":17},"end":{"line":139,"column":5}},"line":136},"7":{"name":"(anonymous_7)","decl":{"start":{"line":144,"column":30},"end":{"line":144,"column":31}},"loc":{"start":{"line":144,"column":41},"end":{"line":162,"column":7}},"line":144}},"branchMap":{"0":{"loc":{"start":{"line":77,"column":6},"end":{"line":79,"column":68}},"type":"cond-expr","locations":[{"start":{"line":78,"column":10},"end":{"line":78,"column":68}},{"start":{"line":79,"column":10},"end":{"line":79,"column":68}}],"line":77},"1":{"loc":{"start":{"line":83,"column":6},"end":{"line":85,"column":69}},"type":"cond-expr","locations":[{"start":{"line":84,"column":10},"end":{"line":84,"column":69}},{"start":{"line":85,"column":10},"end":{"line":85,"column":69}}],"line":83},"2":{"loc":{"start":{"line":87,"column":4},"end":{"line":121,"column":5}},"type":"switch","locations":[{"start":{"line":88,"column":6},"end":{"line":91,"column":14}},{"start":{"line":92,"column":6},"end":{"line":95,"column":14}},{"start":{"line":96,"column":6},"end":{"line":99,"column":14}},{"start":{"line":100,"column":6},"end":{"line":103,"column":14}},{"start":{"line":104,"column":6},"end":{"line":107,"column":14}},{"start":{"line":108,"column":6},"end":{"line":111,"column":14}},{"start":{"line":112,"column":6},"end":{"line":115,"column":14}},{"start":{"line":116,"column":6},"end":{"line":119,"column":14}},{"start":{"line":120,"column":6},"end":{"line":120,"column":14}}],"line":87},"3":{"loc":{"start":{"line":126,"column":6},"end":{"line":128,"column":7}},"type":"if","locations":[{"start":{"line":126,"column":6},"end":{"line":128,"column":7}},{"start":{"line":126,"column":6},"end":{"line":128,"column":7}}],"line":126},"4":{"loc":{"start":{"line":131,"column":4},"end":{"line":134,"column":5}},"type":"if","locations":[{"start":{"line":131,"column":4},"end":{"line":134,"column":5}},{"start":{"line":131,"column":4},"end":{"line":134,"column":5}}],"line":131},"5":{"loc":{"start":{"line":131,"column":8},"end":{"line":131,"column":33}},"type":"binary-expr","locations":[{"start":{"line":131,"column":8},"end":{"line":131,"column":15}},{"start":{"line":131,"column":19},"end":{"line":131,"column":33}}],"line":131},"6":{"loc":{"start":{"line":147,"column":14},"end":{"line":147,"column":68}},"type":"binary-expr","locations":[{"start":{"line":147,"column":14},"end":{"line":147,"column":21}},{"start":{"line":147,"column":25},"end":{"line":147,"column":68}}],"line":147},"7":{"loc":{"start":{"line":148,"column":14},"end":{"line":153,"column":11}},"type":"binary-expr","locations":[{"start":{"line":148,"column":14},"end":{"line":148,"column":29}},{"start":{"line":148,"column":33},"end":{"line":153,"column":11}}],"line":148},"8":{"loc":{"start":{"line":154,"column":14},"end":{"line":156,"column":11}},"type":"binary-expr","locations":[{"start":{"line":154,"column":14},"end":{"line":154,"column":28}},{"start":{"line":154,"column":32},"end":{"line":156,"column":11}}],"line":154},"9":{"loc":{"start":{"line":157,"column":14},"end":{"line":160,"column":11}},"type":"binary-expr","locations":[{"start":{"line":157,"column":14},"end":{"line":157,"column":21}},{"start":{"line":157,"column":25},"end":{"line":160,"column":11}}],"line":157}},"s":{"0":2,"1":47,"2":47,"3":47,"4":47,"5":10,"6":47,"7":11,"8":47,"9":10,"10":10,"11":10,"12":10,"13":9,"14":9,"15":9,"16":9,"17":9,"18":9,"19":9,"20":9,"21":9,"22":9,"23":9,"24":9,"25":9,"26":1,"27":1,"28":1,"29":1,"30":1,"31":1,"32":1,"33":1,"34":1,"35":1,"36":1,"37":1,"38":1,"39":1,"40":1,"41":2,"42":2,"43":2,"44":1,"45":1,"46":1,"47":1,"48":1,"49":1,"50":47,"51":36,"52":0,"53":0,"54":36,"55":0,"56":0,"57":36,"58":20,"59":20,"60":47,"61":47,"62":2,"63":2},"f":{"0":47,"1":10,"2":11,"3":10,"4":36,"5":0,"6":20,"7":47},"b":{"0":[0,9],"1":[0,9],"2":[1,1,1,1,1,2,1,1,0],"3":[0,0],"4":[0,36],"5":[36,10],"6":[47,10],"7":[47,47],"8":[47,0],"9":[47,10]},"_coverageSchema":"1a1c01bbd47fc00a2c39e90264f33305004495a9","hash":"0c0c4f42dd80ca1b81d37689cf2642feef3a17af"}
,"/Users/alaneicker/Desktop/atomikui-core/src/components/truncate/Truncate.js": {"path":"/Users/alaneicker/Desktop/atomikui-core/src/components/truncate/Truncate.js","statementMap":{"0":{"start":{"line":5,"column":17},"end":{"line":30,"column":1}},"1":{"start":{"line":6,"column":25},"end":{"line":6,"column":43}},"2":{"start":{"line":7,"column":26},"end":{"line":9,"column":4}},"3":{"start":{"line":8,"column":4},"end":{"line":8,"column":61}},"4":{"start":{"line":11,"column":40},"end":{"line":11,"column":59}},"5":{"start":{"line":13,"column":24},"end":{"line":15,"column":3}},"6":{"start":{"line":14,"column":4},"end":{"line":14,"column":33}},"7":{"start":{"line":17,"column":2},"end":{"line":29,"column":4}},"8":{"start":{"line":32,"column":0},"end":{"line":41,"column":2}},"9":{"start":{"line":43,"column":0},"end":{"line":48,"column":2}}},"fnMap":{"0":{"name":"(anonymous_0)","decl":{"start":{"line":5,"column":17},"end":{"line":5,"column":18}},"loc":{"start":{"line":5,"column":70},"end":{"line":30,"column":1}},"line":5},"1":{"name":"(anonymous_1)","decl":{"start":{"line":7,"column":35},"end":{"line":7,"column":36}},"loc":{"start":{"line":7,"column":41},"end":{"line":9,"column":3}},"line":7},"2":{"name":"(anonymous_2)","decl":{"start":{"line":13,"column":24},"end":{"line":13,"column":25}},"loc":{"start":{"line":13,"column":30},"end":{"line":15,"column":3}},"line":13}},"branchMap":{"0":{"loc":{"start":{"line":19,"column":7},"end":{"line":19,"column":49}},"type":"cond-expr","locations":[{"start":{"line":19,"column":21},"end":{"line":19,"column":34}},{"start":{"line":19,"column":37},"end":{"line":19,"column":49}}],"line":19},"1":{"loc":{"start":{"line":21,"column":7},"end":{"line":27,"column":7}},"type":"binary-expr","locations":[{"start":{"line":21,"column":7},"end":{"line":21,"column":20}},{"start":{"line":22,"column":8},"end":{"line":26,"column":11}}],"line":21},"2":{"loc":{"start":{"line":24,"column":18},"end":{"line":24,"column":47}},"type":"cond-expr","locations":[{"start":{"line":24,"column":32},"end":{"line":24,"column":38}},{"start":{"line":24,"column":41},"end":{"line":24,"column":47}}],"line":24}},"s":{"0":1,"1":6,"2":6,"3":4,"4":6,"5":6,"6":1,"7":6,"8":1,"9":1},"f":{"0":6,"1":4,"2":1},"b":{"0":[5,1],"1":[6,5],"2":[4,1]},"_coverageSchema":"1a1c01bbd47fc00a2c39e90264f33305004495a9","hash":"0b0640f66fb8cb8b62eb7a5af71408f2553d6e0a"}
,"/Users/alaneicker/Desktop/atomikui-core/src/components/wallet/Wallet.js": {"path":"/Users/alaneicker/Desktop/atomikui-core/src/components/wallet/Wallet.js","statementMap":{"0":{"start":{"line":5,"column":15},"end":{"line":22,"column":1}},"1":{"start":{"line":6,"column":2},"end":{"line":21,"column":4}},"2":{"start":{"line":15,"column":12},"end":{"line":17,"column":15}},"3":{"start":{"line":24,"column":0},"end":{"line":31,"column":2}},"4":{"start":{"line":33,"column":0},"end":{"line":37,"column":2}}},"fnMap":{"0":{"name":"(anonymous_0)","decl":{"start":{"line":5,"column":15},"end":{"line":5,"column":16}},"loc":{"start":{"line":5,"column":63},"end":{"line":22,"column":1}},"line":5},"1":{"name":"(anonymous_1)","decl":{"start":{"line":14,"column":33},"end":{"line":14,"column":34}},"loc":{"start":{"line":14,"column":44},"end":{"line":18,"column":11}},"line":14}},"branchMap":{"0":{"loc":{"start":{"line":13,"column":7},"end":{"line":19,"column":18}},"type":"cond-expr","locations":[{"start":{"line":14,"column":10},"end":{"line":18,"column":12}},{"start":{"line":19,"column":10},"end":{"line":19,"column":18}}],"line":13}},"s":{"0":1,"1":3,"2":0,"3":1,"4":1},"f":{"0":3,"1":0},"b":{"0":[1,2]},"_coverageSchema":"1a1c01bbd47fc00a2c39e90264f33305004495a9","hash":"76ade3e725df2b1cff2e46526c4f16495a2c14f1"}
,"/Users/alaneicker/Desktop/atomikui-core/src/components/wallet-item/WalletItem.js": {"path":"/Users/alaneicker/Desktop/atomikui-core/src/components/wallet-item/WalletItem.js","statementMap":{"0":{"start":{"line":24,"column":19},"end":{"line":106,"column":1}},"1":{"start":{"line":33,"column":20},"end":{"line":45,"column":3}},"2":{"start":{"line":47,"column":23},"end":{"line":47,"column":47}},"3":{"start":{"line":49,"column":22},"end":{"line":51,"column":41}},"4":{"start":{"line":53,"column":23},"end":{"line":53,"column":54}},"5":{"start":{"line":56,"column":4},"end":{"line":67,"column":5}},"6":{"start":{"line":69,"column":2},"end":{"line":105,"column":4}},"7":{"start":{"line":108,"column":0},"end":{"line":140,"column":2}},"8":{"start":{"line":142,"column":0},"end":{"line":149,"column":2}}},"fnMap":{"0":{"name":"(anonymous_0)","decl":{"start":{"line":24,"column":19},"end":{"line":24,"column":20}},"loc":{"start":{"line":32,"column":6},"end":{"line":106,"column":1}},"line":32}},"branchMap":{"0":{"loc":{"start":{"line":49,"column":22},"end":{"line":51,"column":41}},"type":"cond-expr","locations":[{"start":{"line":50,"column":6},"end":{"line":50,"column":15}},{"start":{"line":51,"column":6},"end":{"line":51,"column":41}}],"line":49},"1":{"loc":{"start":{"line":53,"column":23},"end":{"line":53,"column":54}},"type":"cond-expr","locations":[{"start":{"line":53,"column":38},"end":{"line":53,"column":47}},{"start":{"line":53,"column":50},"end":{"line":53,"column":54}}],"line":53},"2":{"loc":{"start":{"line":56,"column":4},"end":{"line":67,"column":5}},"type":"cond-expr","locations":[{"start":{"line":57,"column":6},"end":{"line":57,"column":60}},{"start":{"line":59,"column":6},"end":{"line":66,"column":7}}],"line":56},"3":{"loc":{"start":{"line":59,"column":6},"end":{"line":66,"column":7}},"type":"binary-expr","locations":[{"start":{"line":59,"column":6},"end":{"line":59,"column":28}},{"start":{"line":60,"column":8},"end":{"line":65,"column":10}}],"line":59},"4":{"loc":{"start":{"line":78,"column":9},"end":{"line":78,"column":40}},"type":"cond-expr","locations":[{"start":{"line":78,"column":24},"end":{"line":78,"column":33}},{"start":{"line":78,"column":36},"end":{"line":78,"column":40}}],"line":78},"5":{"loc":{"start":{"line":83,"column":11},"end":{"line":87,"column":11}},"type":"binary-expr","locations":[{"start":{"line":83,"column":11},"end":{"line":83,"column":17}},{"start":{"line":84,"column":12},"end":{"line":86,"column":15}}],"line":83},"6":{"loc":{"start":{"line":88,"column":11},"end":{"line":93,"column":11}},"type":"binary-expr","locations":[{"start":{"line":88,"column":11},"end":{"line":88,"column":17}},{"start":{"line":89,"column":12},"end":{"line":92,"column":15}}],"line":88},"7":{"loc":{"start":{"line":96,"column":7},"end":{"line":103,"column":7}},"type":"binary-expr","locations":[{"start":{"line":96,"column":7},"end":{"line":96,"column":17}},{"start":{"line":97,"column":8},"end":{"line":102,"column":10}}],"line":96}},"s":{"0":1,"1":7,"2":7,"3":7,"4":7,"5":7,"6":7,"7":1,"8":1},"f":{"0":7},"b":{"0":[1,6],"1":[1,6],"2":[0,7],"3":[7,2],"4":[1,6],"5":[7,7],"6":[7,7],"7":[7,6]},"_coverageSchema":"1a1c01bbd47fc00a2c39e90264f33305004495a9","hash":"ed4a0f1582392e88089c008060ec945847432407"}
}
