TN:
SF:src/components/accordion/Accordion.js
FN:5,(anonymous_0)
FN:14,(anonymous_1)
FN:20,(anonymous_2)
FN:23,(anonymous_3)
FNF:4
FNH:4
FNDA:5,(anonymous_0)
FNDA:3,(anonymous_1)
FNDA:15,(anonymous_2)
FNDA:2,(anonymous_3)
DA:5,1
DA:12,5
DA:14,5
DA:15,3
DA:18,5
DA:21,15
DA:24,2
DA:34,1
DA:45,1
LF:9
LH:9
BRDA:22,0,0,15
BRDA:22,0,1,15
BRDA:24,1,0,1
BRDA:24,1,1,1
BRF:4
BRH:4
end_of_record
TN:
SF:src/components/accordion-item/AccordionItem.js
FN:7,(anonymous_0)
FN:22,(anonymous_1)
FN:30,(anonymous_2)
FN:34,(anonymous_3)
FNF:4
FNH:4
FNDA:27,(anonymous_0)
FNDA:4,(anonymous_1)
FNDA:24,(anonymous_2)
FNDA:16,(anonymous_3)
DA:7,2
DA:15,27
DA:16,27
DA:17,27
DA:19,27
DA:20,27
DA:22,27
DA:23,4
DA:24,3
DA:27,1
DA:30,27
DA:31,24
DA:34,27
DA:35,16
DA:38,27
DA:74,2
DA:87,2
LF:17
LH:17
BRDA:23,0,0,3
BRDA:23,0,1,1
BRDA:60,1,0,5
BRDA:60,1,1,22
BRF:4
BRH:4
end_of_record
TN:
SF:src/components/alert/Alert.js
FN:14,(anonymous_0)
FNF:1
FNH:1
FNDA:16,(anonymous_0)
DA:14,4
DA:23,16
DA:31,16
DA:72,4
DA:87,4
LF:5
LH:5
BRDA:38,0,0,2
BRDA:38,0,1,14
BRDA:42,1,0,16
BRDA:42,1,1,16
BRDA:45,2,0,11
BRDA:45,2,1,5
BRDA:47,3,0,11
BRDA:47,3,1,5
BRDA:51,4,0,16
BRDA:51,4,1,16
BRDA:63,5,0,11
BRDA:63,5,1,5
BRF:12
BRH:12
end_of_record
TN:
SF:src/components/auto-complete/AutoComplete.js
FN:7,(anonymous_0)
FN:12,(anonymous_1)
FN:15,(anonymous_2)
FN:21,(anonymous_3)
FN:40,(anonymous_4)
FN:48,(anonymous_5)
FN:93,(anonymous_6)
FNF:7
FNH:6
FNDA:4,(anonymous_0)
FNDA:3,(anonymous_1)
FNDA:3,(anonymous_2)
FNDA:10,(anonymous_3)
FNDA:33,(anonymous_4)
FNDA:23,(anonymous_5)
FNDA:0,(anonymous_6)
DA:7,1
DA:8,4
DA:10,4
DA:13,3
DA:16,3
DA:31,10
DA:41,33
DA:49,23
DA:76,1
DA:90,1
LF:10
LH:10
BRDA:13,0,0,2
BRDA:13,0,1,1
BRDA:16,1,0,3
BRDA:16,1,1,0
BRDA:38,2,0,3
BRDA:38,2,1,7
BRDA:42,3,0,33
BRDA:42,3,1,11
BRDA:52,4,0,23
BRDA:52,4,1,0
BRF:10
BRH:8
end_of_record
TN:
SF:src/components/avatar/Avatar.js
FN:5,(anonymous_0)
FNF:1
FNH:1
FNDA:17,(anonymous_0)
DA:5,3
DA:17,17
DA:39,3
DA:73,3
LF:4
LH:4
BRDA:31,0,0,17
BRDA:31,0,1,16
BRDA:32,1,0,17
BRDA:32,1,1,17
BRDA:34,2,0,17
BRDA:34,2,1,1
BRF:6
BRH:6
end_of_record
TN:
SF:src/components/badge/Badge.js
FN:5,(anonymous_0)
FNF:1
FNH:1
FNDA:1,(anonymous_0)
DA:5,1
DA:6,1
DA:19,1
DA:38,1
LF:4
LH:4
BRF:0
BRH:0
end_of_record
TN:
SF:src/components/breadcrumb/Breadcrumb.js
FN:6,(anonymous_0)
FN:13,(anonymous_1)
FNF:2
FNH:2
FNDA:3,(anonymous_0)
FNDA:9,(anonymous_1)
DA:6,1
DA:7,3
DA:14,9
DA:21,1
DA:28,1
LF:5
LH:5
BRF:0
BRH:0
end_of_record
TN:
SF:src/components/button/Button.js
FN:5,(anonymous_0)
FNF:1
FNH:1
FNDA:127,(anonymous_0)
DA:5,15
DA:18,127
DA:37,15
DA:69,15
LF:4
LH:4
BRF:0
BRH:0
end_of_record
TN:
SF:src/components/button-group/ButtonGroup.js
FN:8,(anonymous_0)
FNF:1
FNH:1
FNDA:5,(anonymous_0)
DA:8,1
DA:20,5
DA:21,5
DA:22,5
DA:24,5
DA:55,1
DA:76,1
LF:7
LH:7
BRDA:26,0,0,5
BRDA:26,0,1,5
BRDA:41,1,0,5
BRDA:41,1,1,4
BRDA:41,1,2,2
BRDA:43,2,0,2
BRDA:43,2,1,1
BRDA:44,3,0,2
BRDA:44,3,1,1
BRF:9
BRH:9
end_of_record
TN:
SF:src/components/card/Card.js
FN:5,(anonymous_0)
FNF:1
FNH:1
FNDA:4,(anonymous_0)
DA:5,1
DA:6,4
DA:15,1
DA:26,1
LF:4
LH:4
BRDA:8,0,0,4
BRDA:8,0,1,4
BRDA:10,1,0,4
BRDA:10,1,1,4
BRF:4
BRH:4
end_of_record
TN:
SF:src/components/cart/Cart.js
FN:9,(anonymous_0)
FN:17,(anonymous_1)
FN:29,(anonymous_2)
FN:34,(anonymous_3)
FNF:4
FNH:4
FNDA:4,(anonymous_0)
FNDA:8,(anonymous_1)
FNDA:8,(anonymous_2)
FNDA:1,(anonymous_3)
DA:9,1
DA:17,4
DA:18,8
DA:21,4
DA:30,8
DA:35,1
DA:68,1
DA:88,1
LF:8
LH:8
BRDA:18,0,0,8
BRDA:18,0,1,0
BRDA:49,1,0,4
BRDA:49,1,1,3
BRF:4
BRH:3
end_of_record
TN:
SF:src/components/cart-item/CartItem.js
FN:6,(anonymous_0)
FN:18,(anonymous_1)
FN:43,(anonymous_2)
FNF:3
FNH:3
FNDA:13,(anonymous_0)
FNDA:2,(anonymous_1)
FNDA:2,(anonymous_2)
DA:6,2
DA:15,13
DA:16,13
DA:18,13
DA:19,2
DA:20,2
DA:21,2
DA:24,13
DA:44,2
DA:68,2
DA:83,2
LF:11
LH:11
BRF:0
BRH:0
end_of_record
TN:
SF:src/components/chat-message/ChatMessage.js
FN:6,(anonymous_0)
FNF:1
FNH:1
FNDA:3,(anonymous_0)
DA:6,2
DA:7,3
DA:25,2
DA:31,2
LF:4
LH:4
BRDA:13,0,0,3
BRDA:13,0,1,3
BRF:2
BRH:2
end_of_record
TN:
SF:src/components/chat-window/ChatWindow.js
FN:11,(anonymous_0)
FN:29,(anonymous_1)
FN:33,(anonymous_2)
FN:38,(anonymous_3)
FN:47,(anonymous_4)
FN:52,(anonymous_5)
FN:58,(anonymous_6)
FN:67,(anonymous_7)
FN:77,(anonymous_8)
FN:81,(anonymous_9)
FN:119,(anonymous_10)
FN:128,(anonymous_11)
FN:150,(anonymous_12)
FN:198,(anonymous_13)
FN:199,(anonymous_14)
FNF:15
FNH:6
FNDA:11,(anonymous_0)
FNDA:3,(anonymous_1)
FNDA:2,(anonymous_2)
FNDA:1,(anonymous_3)
FNDA:0,(anonymous_4)
FNDA:0,(anonymous_5)
FNDA:0,(anonymous_6)
FNDA:0,(anonymous_7)
FNDA:0,(anonymous_8)
FNDA:0,(anonymous_9)
FNDA:1,(anonymous_10)
FNDA:0,(anonymous_11)
FNDA:1,(anonymous_12)
FNDA:0,(anonymous_13)
FNDA:0,(anonymous_14)
DA:11,1
DA:22,11
DA:23,11
DA:24,11
DA:26,11
DA:27,11
DA:29,11
DA:30,3
DA:33,11
DA:34,2
DA:35,2
DA:38,11
DA:39,1
DA:40,1
DA:41,1
DA:42,1
DA:47,11
DA:48,0
DA:49,0
DA:52,11
DA:53,0
DA:54,0
DA:55,0
DA:58,11
DA:59,0
DA:67,11
DA:68,0
DA:70,0
DA:71,0
DA:73,0
DA:77,11
DA:78,0
DA:81,11
DA:82,0
DA:85,11
DA:120,1
DA:129,0
DA:151,1
DA:162,1
DA:194,1
LF:40
LH:27
BRDA:39,0,0,1
BRDA:39,0,1,0
BRDA:41,1,0,1
BRDA:41,1,1,0
BRDA:68,2,0,0
BRDA:68,2,1,0
BRDA:70,3,0,0
BRDA:70,3,1,0
BRDA:95,4,0,0
BRDA:95,4,1,11
BRF:10
BRH:3
end_of_record
TN:
SF:src/components/check-option/CheckOption.js
FN:12,(anonymous_0)
FN:114,(anonymous_1)
FNF:2
FNH:1
FNDA:13,(anonymous_0)
FNDA:0,(anonymous_1)
DA:10,1
DA:12,1
DA:27,13
DA:28,13
DA:29,13
DA:30,13
DA:31,13
DA:33,13
DA:77,1
DA:104,1
LF:10
LH:10
BRDA:27,0,0,13
BRDA:27,0,1,13
BRDA:28,1,0,13
BRDA:28,1,1,13
BRDA:31,2,0,1
BRDA:31,2,1,12
BRDA:63,3,0,13
BRDA:63,3,1,12
BRDA:63,3,2,2
BRDA:65,4,0,2
BRDA:65,4,1,1
BRDA:66,5,0,2
BRDA:66,5,1,1
BRF:13
BRH:13
end_of_record
TN:
SF:src/components/collapse/Collapse.js
FN:9,(anonymous_0)
FN:25,(anonymous_1)
FN:29,(anonymous_2)
FN:49,(anonymous_3)
FNF:4
FNH:4
FNDA:5,(anonymous_0)
FNDA:3,(anonymous_1)
FNDA:3,(anonymous_2)
FNDA:2,(anonymous_3)
DA:9,1
DA:19,5
DA:20,5
DA:22,5
DA:23,5
DA:25,5
DA:26,3
DA:29,5
DA:30,3
DA:33,5
DA:50,2
DA:71,1
DA:88,1
LF:13
LH:13
BRDA:35,0,0,5
BRDA:35,0,1,5
BRDA:62,1,0,1
BRDA:62,1,1,4
BRF:4
BRH:4
end_of_record
TN:
SF:src/components/comment/Comment.js
FN:8,(anonymous_0)
FN:71,(anonymous_1)
FNF:2
FNH:1
FNDA:12,(anonymous_0)
FNDA:0,(anonymous_1)
DA:8,2
DA:19,12
DA:45,2
DA:64,2
LF:4
LH:4
BRDA:26,0,0,11
BRDA:26,0,1,1
BRDA:37,1,0,12
BRDA:37,1,1,6
BRF:4
BRH:4
end_of_record
TN:
SF:src/components/date-picker/DatePicker.js
FN:14,(anonymous_0)
FN:28,(anonymous_1)
FN:32,(anonymous_2)
FN:51,(anonymous_3)
FN:57,(anonymous_4)
FN:60,(anonymous_5)
FN:70,(anonymous_6)
FN:72,(anonymous_7)
FN:88,(anonymous_8)
FN:99,(anonymous_9)
FN:110,(anonymous_10)
FN:140,(anonymous_11)
FN:141,(anonymous_12)
FNF:13
FNH:9
FNDA:24,(anonymous_0)
FNDA:1,(anonymous_1)
FNDA:4,(anonymous_2)
FNDA:1,(anonymous_3)
FNDA:8,(anonymous_4)
FNDA:0,(anonymous_5)
FNDA:21,(anonymous_6)
FNDA:0,(anonymous_7)
FNDA:2,(anonymous_8)
FNDA:3,(anonymous_9)
FNDA:2,(anonymous_10)
FNDA:0,(anonymous_11)
FNDA:0,(anonymous_12)
DA:14,1
DA:23,24
DA:24,24
DA:25,24
DA:26,24
DA:28,24
DA:29,1
DA:32,24
DA:33,4
DA:41,4
DA:42,1
DA:43,1
DA:46,3
DA:47,3
DA:48,3
DA:51,24
DA:52,1
DA:53,1
DA:57,24
DA:58,8
DA:61,0
DA:70,24
DA:71,21
DA:72,13
DA:73,0
DA:78,24
DA:89,2
DA:100,3
DA:111,2
DA:121,1
DA:136,1
LF:31
LH:29
BRDA:25,0,0,24
BRDA:25,0,1,24
BRDA:41,1,0,1
BRDA:41,1,1,3
BRDA:52,2,0,1
BRDA:52,2,1,0
BRDA:71,3,0,13
BRDA:71,3,1,8
BRDA:73,4,0,0
BRDA:73,4,1,0
BRDA:80,5,0,24
BRDA:80,5,1,24
BRF:12
BRH:9
end_of_record
TN:
SF:src/components/drawer/Drawer.js
FN:7,(anonymous_0)
FN:20,(anonymous_1)
FN:26,(anonymous_2)
FN:29,(anonymous_3)
FN:39,(anonymous_4)
FN:51,(anonymous_5)
FN:93,(anonymous_6)
FNF:7
FNH:4
FNDA:12,(anonymous_0)
FNDA:1,(anonymous_1)
FNDA:4,(anonymous_2)
FNDA:0,(anonymous_3)
FNDA:8,(anonymous_4)
FNDA:0,(anonymous_5)
FNDA:0,(anonymous_6)
DA:7,1
DA:15,12
DA:17,12
DA:18,12
DA:20,12
DA:21,1
DA:22,1
DA:26,12
DA:27,4
DA:30,0
DA:39,12
DA:40,8
DA:50,8
DA:51,4
DA:52,0
DA:57,12
DA:76,1
DA:89,1
LF:18
LH:16
BRDA:21,0,0,1
BRDA:21,0,1,0
BRDA:41,1,0,8
BRDA:41,1,1,0
BRDA:45,2,0,0
BRDA:45,2,1,0
BRDA:50,3,0,4
BRDA:50,3,1,4
BRDA:52,4,0,0
BRDA:52,4,1,0
BRF:10
BRH:4
end_of_record
TN:
SF:src/components/dropdown/Dropdown.js
FN:8,(anonymous_0)
FN:65,(anonymous_1)
FN:134,(anonymous_2)
FNF:3
FNH:2
FNDA:6,(anonymous_0)
FNDA:42,(anonymous_1)
FNDA:0,(anonymous_2)
DA:8,1
DA:24,6
DA:25,6
DA:26,6
DA:27,6
DA:29,6
DA:66,42
DA:88,1
DA:124,1
LF:9
LH:9
BRDA:24,0,0,6
BRDA:24,0,1,6
BRDA:25,1,0,6
BRDA:25,1,1,6
BRDA:37,2,0,6
BRDA:37,2,1,6
BRDA:74,3,0,6
BRDA:74,3,1,5
BRDA:74,3,2,2
BRDA:76,4,0,2
BRDA:76,4,1,1
BRDA:77,5,0,2
BRDA:77,5,1,1
BRF:13
BRH:13
end_of_record
TN:
SF:src/components/file-upload/FileUpload.js
FN:11,(anonymous_0)
FN:30,(anonymous_1)
FN:40,(anonymous_2)
FN:49,(anonymous_3)
FN:103,(anonymous_4)
FN:160,(anonymous_5)
FNF:6
FNH:5
FNDA:17,(anonymous_0)
FNDA:4,(anonymous_1)
FNDA:4,(anonymous_2)
FNDA:1,(anonymous_3)
FNDA:1,(anonymous_4)
FNDA:0,(anonymous_5)
DA:11,1
DA:23,17
DA:25,17
DA:26,17
DA:27,17
DA:28,17
DA:30,17
DA:31,4
DA:33,4
DA:34,3
DA:37,4
DA:40,17
DA:41,4
DA:43,4
DA:45,4
DA:46,4
DA:49,17
DA:50,1
DA:51,1
DA:54,17
DA:104,1
DA:125,1
DA:153,1
LF:23
LH:23
BRDA:26,0,0,17
BRDA:26,0,1,17
BRDA:43,1,0,4
BRDA:43,1,1,2
BRDA:76,2,0,17
BRDA:76,2,1,2
BRDA:88,3,0,2
BRDA:88,3,1,15
BRDA:99,4,0,17
BRDA:99,4,1,2
BRDA:99,4,2,1
BRDA:109,5,0,17
BRDA:109,5,1,15
BRDA:111,6,0,17
BRDA:111,6,1,16
BRDA:111,6,2,2
BRDA:113,7,0,2
BRDA:113,7,1,1
BRDA:114,8,0,2
BRDA:114,8,1,1
BRF:20
BRH:20
end_of_record
TN:
SF:src/components/form-field/FormField.js
FN:30,(anonymous_0)
FN:170,(anonymous_1)
FNF:2
FNH:2
FNDA:157,(anonymous_0)
FNDA:5,(anonymous_1)
DA:9,6
DA:29,6
DA:52,157
DA:53,157
DA:54,157
DA:55,157
DA:56,157
DA:58,157
DA:60,157
DA:124,6
DA:159,6
LF:11
LH:11
BRDA:52,0,0,157
BRDA:52,0,1,47
BRDA:53,1,0,157
BRDA:53,1,1,57
BRDA:56,2,0,1
BRDA:56,2,1,156
BRDA:58,3,0,49
BRDA:58,3,1,108
BRDA:67,4,0,157
BRDA:67,4,1,22
BRDA:72,5,0,1
BRDA:72,5,1,156
BRDA:109,6,0,157
BRDA:109,6,1,132
BRDA:109,6,2,26
BRDA:111,7,0,26
BRDA:111,7,1,25
BRDA:112,8,0,26
BRDA:112,8,1,1
BRF:19
BRH:19
end_of_record
TN:
SF:src/components/hint/Hint.js
FN:5,(anonymous_0)
FNF:1
FNH:1
FNDA:42,(anonymous_0)
DA:5,14
DA:6,42
DA:18,14
DA:27,14
LF:4
LH:4
BRF:0
BRH:0
end_of_record
TN:
SF:src/components/jumbotron/Jumbotron.js
FN:5,(anonymous_0)
FNF:1
FNH:1
FNDA:25,(anonymous_0)
DA:5,1
DA:6,25
DA:18,1
DA:40,1
LF:4
LH:4
BRF:0
BRH:0
end_of_record
TN:
SF:src/components/label/Label.js
FN:5,(anonymous_0)
FNF:1
FNH:1
FNDA:96,(anonymous_0)
DA:5,13
DA:6,96
DA:13,13
DA:20,13
LF:4
LH:4
BRF:0
BRH:0
end_of_record
TN:
SF:src/components/link/Link.js
FN:5,(anonymous_0)
FNF:1
FNH:1
FNDA:50,(anonymous_0)
DA:5,8
DA:14,50
DA:29,8
DA:44,8
LF:4
LH:4
BRDA:21,0,0,4
BRDA:21,0,1,46
BRF:2
BRH:2
end_of_record
TN:
SF:src/components/list/List.js
FN:5,(anonymous_0)
FN:20,(anonymous_1)
FNF:2
FNH:2
FNDA:43,(anonymous_0)
FNDA:145,(anonymous_1)
DA:5,7
DA:6,43
DA:7,43
DA:8,43
DA:10,43
DA:21,145
DA:28,7
DA:47,7
LF:8
LH:8
BRDA:6,0,0,2
BRDA:6,0,1,41
BRDA:8,1,0,1
BRDA:8,1,1,42
BRF:4
BRH:4
end_of_record
TN:
SF:src/components/list-item/ListItem.js
FN:5,(anonymous_0)
FNF:1
FNH:1
FNDA:83,(anonymous_0)
DA:5,9
DA:6,83
DA:18,9
DA:27,9
LF:4
LH:4
BRF:0
BRH:0
end_of_record
TN:
SF:src/components/media/Media.js
FN:5,(anonymous_0)
FNF:1
FNH:1
FNDA:1,(anonymous_0)
DA:5,1
DA:15,1
DA:31,1
DA:48,1
LF:4
LH:4
BRDA:26,0,0,1
BRDA:26,0,1,1
BRF:2
BRH:2
end_of_record
TN:
SF:src/components/modal/Modal.js
FN:10,(anonymous_0)
FN:27,(anonymous_1)
FN:33,(anonymous_2)
FN:37,(anonymous_3)
FN:48,(anonymous_4)
FN:121,(anonymous_5)
FNF:6
FNH:4
FNDA:19,(anonymous_0)
FNDA:1,(anonymous_1)
FNDA:9,(anonymous_2)
FNDA:0,(anonymous_3)
FNDA:16,(anonymous_4)
FNDA:0,(anonymous_5)
DA:10,1
DA:24,19
DA:25,19
DA:27,19
DA:28,1
DA:29,1
DA:33,19
DA:34,9
DA:35,9
DA:38,0
DA:48,19
DA:49,16
DA:50,9
DA:54,19
DA:87,1
DA:112,1
LF:16
LH:15
BRDA:28,0,0,1
BRDA:28,0,1,0
BRDA:34,1,0,9
BRDA:34,1,1,0
BRDA:38,2,0,0
BRDA:38,2,1,0
BRDA:49,3,0,9
BRDA:49,3,1,7
BRDA:50,4,0,9
BRDA:50,4,1,0
BRDA:62,5,0,15
BRDA:62,5,1,4
BRDA:63,6,0,19
BRDA:63,6,1,0
BRDA:80,7,0,19
BRDA:80,7,1,19
BRF:16
BRH:10
end_of_record
TN:
SF:src/components/overlay/Overlay.js
FN:5,(anonymous_0)
FN:35,(anonymous_1)
FN:37,(anonymous_2)
FNF:3
FNH:3
FNDA:60,(anonymous_0)
FNDA:60,(anonymous_1)
FNDA:4,(anonymous_2)
DA:5,4
DA:26,60
DA:36,60
DA:38,4
DA:46,4
DA:61,4
LF:6
LH:6
BRF:0
BRH:0
end_of_record
TN:
SF:src/components/pagination/Pagination.js
FN:8,(anonymous_0)
FN:11,(anonymous_1)
FNF:2
FNH:2
FNDA:2,(anonymous_0)
FNDA:12,(anonymous_1)
DA:8,1
DA:9,2
DA:12,12
DA:27,1
DA:34,1
LF:5
LH:5
BRF:0
BRH:0
end_of_record
TN:
SF:src/components/portal/Portal.js
FN:5,(anonymous_0)
FNF:1
FNH:1
FNDA:72,(anonymous_0)
DA:5,6
DA:6,72
DA:9,6
DA:18,6
LF:4
LH:4
BRDA:6,0,0,0
BRDA:6,0,1,72
BRF:2
BRH:1
end_of_record
TN:
SF:src/components/post/Post.js
FN:11,(anonymous_0)
FN:32,(anonymous_1)
FN:113,(anonymous_2)
FN:207,(anonymous_3)
FN:208,(anonymous_4)
FN:210,(anonymous_5)
FNF:6
FNH:3
FNDA:8,(anonymous_0)
FNDA:7,(anonymous_1)
FNDA:1,(anonymous_2)
FNDA:0,(anonymous_3)
FNDA:0,(anonymous_4)
FNDA:0,(anonymous_5)
DA:11,1
DA:30,8
DA:32,8
DA:33,7
DA:36,8
DA:114,1
DA:161,1
DA:196,1
LF:8
LH:8
BRDA:49,0,0,8
BRDA:49,0,1,0
BRDA:65,1,0,8
BRDA:65,1,1,0
BRDA:84,2,0,8
BRDA:84,2,1,0
BRDA:106,3,0,1
BRDA:106,3,1,7
BRDA:123,4,0,1
BRDA:123,4,1,7
BRDA:136,5,0,8
BRDA:136,5,1,8
BRDA:153,6,0,7
BRDA:153,6,1,1
BRF:14
BRH:11
end_of_record
TN:
SF:src/components/price/Price.js
FN:5,(anonymous_0)
FNF:1
FNH:1
FNDA:3,(anonymous_0)
DA:5,1
DA:14,3
DA:29,1
DA:44,1
LF:4
LH:4
BRF:0
BRH:0
end_of_record
TN:
SF:src/components/progress-bar/ProgressBar.js
FN:5,(anonymous_0)
FNF:1
FNH:1
FNDA:6,(anonymous_0)
DA:5,1
DA:6,6
DA:28,1
DA:41,1
LF:4
LH:4
BRF:0
BRH:0
end_of_record
TN:
SF:src/components/range-slider/RangeSlider.js
FN:8,(anonymous_0)
FN:36,(anonymous_1)
FN:63,(anonymous_2)
FN:72,(anonymous_3)
FN:79,(anonymous_4)
FN:168,(anonymous_5)
FNF:6
FNH:5
FNDA:15,(anonymous_0)
FNDA:3,(anonymous_1)
FNDA:2,(anonymous_2)
FNDA:150,(anonymous_3)
FNDA:1,(anonymous_4)
FNDA:0,(anonymous_5)
DA:8,1
DA:28,15
DA:29,15
DA:31,15
DA:32,15
DA:33,15
DA:34,15
DA:36,15
DA:37,3
DA:38,3
DA:39,3
DA:42,15
DA:64,2
DA:73,150
DA:80,1
DA:116,1
DA:156,1
LF:17
LH:17
BRDA:31,0,0,15
BRDA:31,0,1,15
BRDA:32,1,0,15
BRDA:32,1,1,15
BRDA:44,2,0,15
BRDA:44,2,1,15
BRDA:70,3,0,15
BRDA:70,3,1,15
BRDA:78,4,0,140
BRDA:78,4,1,10
BRDA:102,5,0,15
BRDA:102,5,1,14
BRDA:102,5,2,2
BRDA:104,6,0,2
BRDA:104,6,1,1
BRDA:105,7,0,2
BRDA:105,7,1,1
BRF:17
BRH:17
end_of_record
TN:
SF:src/components/rating/Rating.js
FN:8,(anonymous_0)
FN:12,(anonymous_1)
FN:22,(anonymous_2)
FN:33,(anonymous_3)
FN:46,(anonymous_4)
FNF:5
FNH:5
FNDA:9,(anonymous_0)
FNDA:9,(anonymous_1)
FNDA:1,(anonymous_2)
FNDA:39,(anonymous_3)
FNDA:1,(anonymous_4)
DA:8,1
DA:9,9
DA:10,9
DA:12,9
DA:13,9
DA:16,9
DA:18,9
DA:20,9
DA:22,9
DA:23,1
DA:24,1
DA:27,9
DA:34,39
DA:47,1
DA:65,1
DA:78,1
LF:16
LH:16
BRDA:9,0,0,9
BRDA:9,0,1,1
BRDA:13,1,0,8
BRDA:13,1,1,1
BRDA:16,2,0,2
BRDA:16,2,1,7
BRDA:38,3,0,39
BRDA:38,3,1,10
BRDA:45,4,0,10
BRDA:45,4,1,29
BRDA:54,5,0,9
BRDA:54,5,1,1
BRDA:54,5,2,1
BRF:13
BRH:13
end_of_record
TN:
SF:src/components/spinner/Spinner.js
FN:5,(anonymous_0)
FNF:1
FNH:1
FNDA:21,(anonymous_0)
DA:5,1
DA:6,21
DA:15,21
DA:52,1
DA:68,1
LF:5
LH:5
BRF:0
BRH:0
end_of_record
TN:
SF:src/components/statistic/Statistic.js
FN:6,(anonymous_0)
FNF:1
FNH:1
FNDA:7,(anonymous_0)
DA:6,1
DA:19,7
DA:23,7
DA:52,1
DA:85,1
LF:5
LH:5
BRDA:26,0,0,7
BRDA:26,0,1,1
BRDA:32,1,0,7
BRDA:32,1,1,1
BRF:4
BRH:4
end_of_record
TN:
SF:src/components/step/Step.js
FN:10,(anonymous_0)
FNF:1
FNH:1
FNDA:28,(anonymous_0)
DA:10,2
DA:11,28
DA:13,28
DA:39,2
DA:54,2
LF:5
LH:5
BRDA:11,0,0,9
BRDA:11,0,1,19
BRDA:11,1,0,28
BRDA:11,1,1,9
BRDA:25,2,0,9
BRDA:25,2,1,19
BRDA:27,3,0,28
BRDA:27,3,1,9
BRDA:28,4,0,28
BRDA:28,4,1,19
BRDA:30,5,0,28
BRDA:30,5,1,28
BRF:12
BRH:12
end_of_record
TN:
SF:src/components/stepper/Stepper.js
FN:6,(anonymous_0)
FN:16,(anonymous_1)
FNF:2
FNH:2
FNDA:6,(anonymous_0)
FNDA:4,(anonymous_1)
DA:6,1
DA:7,6
DA:17,4
DA:25,1
DA:34,1
LF:5
LH:5
BRDA:15,0,0,1
BRDA:15,0,1,5
BRF:2
BRH:2
end_of_record
TN:
SF:src/components/switch/Switch.js
FN:8,(anonymous_0)
FN:108,(anonymous_1)
FNF:2
FNH:1
FNDA:8,(anonymous_0)
FNDA:0,(anonymous_1)
DA:8,2
DA:22,8
DA:23,8
DA:24,8
DA:25,8
DA:27,8
DA:70,2
DA:97,2
LF:8
LH:8
BRDA:22,0,0,8
BRDA:22,0,1,8
BRDA:23,1,0,8
BRDA:23,1,1,8
BRDA:53,2,0,7
BRDA:53,2,1,1
BRDA:56,3,0,8
BRDA:56,3,1,7
BRDA:56,3,2,2
BRDA:58,4,0,2
BRDA:58,4,1,1
BRDA:59,5,0,2
BRDA:59,5,1,1
BRF:13
BRH:13
end_of_record
TN:
SF:src/components/switch-panel/SwitchPanel.js
FN:5,(anonymous_0)
FNF:1
FNH:1
FNDA:2,(anonymous_0)
DA:5,1
DA:6,2
DA:14,1
DA:23,1
LF:4
LH:4
BRF:0
BRH:0
end_of_record
TN:
SF:src/components/tab/Tab.js
FN:6,(anonymous_0)
FNF:1
FNH:1
FNDA:10,(anonymous_0)
DA:6,2
DA:15,10
DA:31,2
DA:46,2
LF:4
LH:4
BRDA:26,0,0,10
BRDA:26,0,1,1
BRF:2
BRH:2
end_of_record
TN:
SF:src/components/tab-panel/TabPanel.js
FN:5,(anonymous_0)
FNF:1
FNH:1
FNDA:1,(anonymous_0)
DA:5,1
DA:6,1
DA:8,1
DA:18,1
DA:25,1
LF:5
LH:5
BRF:0
BRH:0
end_of_record
TN:
SF:src/components/tabs/Tabs.js
FN:5,(anonymous_0)
FN:16,(anonymous_1)
FN:28,(anonymous_2)
FN:32,(anonymous_3)
FN:62,(anonymous_4)
FNF:5
FNH:4
FNDA:2,(anonymous_0)
FNDA:1,(anonymous_1)
FNDA:6,(anonymous_2)
FNDA:1,(anonymous_3)
FNDA:0,(anonymous_4)
DA:5,1
DA:14,2
DA:16,2
DA:17,1
DA:18,1
DA:21,2
DA:29,6
DA:33,1
DA:41,1
DA:56,1
LF:10
LH:10
BRF:0
BRH:0
end_of_record
TN:
SF:src/components/toaster/Toast.js
FN:7,(anonymous_0)
FN:22,(anonymous_1)
FN:24,(anonymous_2)
FN:28,(anonymous_3)
FN:62,(anonymous_4)
FNF:5
FNH:3
FNDA:5,(anonymous_0)
FNDA:3,(anonymous_1)
FNDA:0,(anonymous_2)
FNDA:1,(anonymous_3)
FNDA:0,(anonymous_4)
DA:7,3
DA:8,5
DA:10,5
DA:20,5
DA:22,5
DA:23,3
DA:24,3
DA:25,0
DA:28,3
DA:29,1
DA:33,0
DA:36,5
DA:45,3
DA:58,3
LF:14
LH:12
BRDA:23,0,0,3
BRDA:23,0,1,0
BRF:2
BRH:1
end_of_record
TN:
SF:src/components/toaster/Toaster.js
FN:5,(anonymous_0)
FNF:1
FNH:1
FNDA:10,(anonymous_0)
DA:5,3
DA:6,10
DA:18,3
DA:33,3
LF:4
LH:4
BRF:0
BRH:0
end_of_record
TN:
SF:src/components/toaster/WithToastProvider.js
FN:8,(anonymous_0)
FN:9,(anonymous_1)
FN:12,(anonymous_2)
FN:18,(anonymous_3)
FN:20,(anonymous_4)
FN:26,(anonymous_5)
FN:37,(anonymous_6)
FN:43,(anonymous_7)
FNF:8
FNH:8
FNDA:2,(anonymous_0)
FNDA:7,(anonymous_1)
FNDA:3,(anonymous_2)
FNDA:1,(anonymous_3)
FNDA:1,(anonymous_4)
FNDA:7,(anonymous_5)
FNDA:3,(anonymous_6)
FNDA:1,(anonymous_7)
DA:8,2
DA:9,2
DA:10,7
DA:12,7
DA:13,3
DA:15,3
DA:18,7
DA:19,1
DA:21,1
DA:26,7
DA:27,7
DA:30,7
DA:32,7
DA:38,3
DA:44,1
DA:57,2
LF:16
LH:16
BRF:0
BRH:0
end_of_record
TN:
SF:src/components/toaster/use-toast.js
FN:4,useToast
FNF:1
FNH:1
FNDA:7,useToast
DA:5,7
DA:7,7
LF:2
LH:2
BRF:0
BRH:0
end_of_record
TN:
SF:src/components/tooltip/Tooltip.js
FN:7,(anonymous_0)
FN:19,(anonymous_1)
FN:37,(anonymous_2)
FN:41,(anonymous_3)
FN:124,(anonymous_4)
FN:125,(anonymous_5)
FN:136,(anonymous_6)
FN:144,(anonymous_7)
FNF:8
FNH:7
FNDA:47,(anonymous_0)
FNDA:10,(anonymous_1)
FNDA:11,(anonymous_2)
FNDA:10,(anonymous_3)
FNDA:36,(anonymous_4)
FNDA:0,(anonymous_5)
FNDA:20,(anonymous_6)
FNDA:47,(anonymous_7)
DA:7,2
DA:15,47
DA:16,47
DA:17,47
DA:19,47
DA:20,10
DA:37,47
DA:38,11
DA:41,47
DA:44,10
DA:46,10
DA:48,10
DA:49,10
DA:51,9
DA:52,9
DA:54,9
DA:55,9
DA:56,9
DA:59,9
DA:62,9
DA:65,9
DA:68,9
DA:71,9
DA:77,9
DA:83,9
DA:87,9
DA:89,1
DA:90,1
DA:91,1
DA:93,1
DA:94,1
DA:95,1
DA:97,1
DA:98,1
DA:99,1
DA:101,1
DA:102,1
DA:103,1
DA:105,1
DA:106,1
DA:107,1
DA:109,2
DA:110,2
DA:111,2
DA:113,1
DA:114,1
DA:115,1
DA:117,1
DA:118,1
DA:119,1
DA:124,47
DA:125,36
DA:126,0
DA:127,0
DA:131,36
DA:132,0
DA:133,0
DA:136,36
DA:137,20
DA:138,20
DA:142,47
DA:145,47
DA:168,2
DA:188,2
LF:64
LH:60
BRDA:77,0,0,0
BRDA:77,0,1,9
BRDA:83,1,0,0
BRDA:83,1,1,9
BRDA:87,2,0,1
BRDA:87,2,1,1
BRDA:87,2,2,1
BRDA:87,2,3,1
BRDA:87,2,4,1
BRDA:87,2,5,2
BRDA:87,2,6,1
BRDA:87,2,7,1
BRDA:87,2,8,0
BRDA:126,3,0,0
BRDA:126,3,1,0
BRDA:131,4,0,0
BRDA:131,4,1,36
BRDA:131,5,0,36
BRDA:131,5,1,10
BRDA:147,6,0,47
BRDA:147,6,1,10
BRDA:148,7,0,47
BRDA:148,7,1,47
BRDA:154,8,0,47
BRDA:154,8,1,0
BRDA:157,9,0,47
BRDA:157,9,1,10
BRF:27
BRH:20
end_of_record
TN:
SF:src/components/truncate/Truncate.js
FN:5,(anonymous_0)
FN:7,(anonymous_1)
FN:13,(anonymous_2)
FNF:3
FNH:3
FNDA:6,(anonymous_0)
FNDA:4,(anonymous_1)
FNDA:1,(anonymous_2)
DA:5,1
DA:6,6
DA:7,6
DA:8,4
DA:11,6
DA:13,6
DA:14,1
DA:17,6
DA:32,1
DA:43,1
LF:10
LH:10
BRDA:19,0,0,5
BRDA:19,0,1,1
BRDA:21,1,0,6
BRDA:21,1,1,5
BRDA:24,2,0,4
BRDA:24,2,1,1
BRF:6
BRH:6
end_of_record
